<?xml version="1.0" encoding="UTF-8"?>
<robot generator="Robot 7.4.1 (Python 3.11.4 on win32)" generated="2026-02-23T16:40:36.992560" rpa="false" schemaversion="5">
<suite id="s1" name="Test E2E" source="C:\Users\thanm\PycharmProjects\PythonProject1\robot_framework_capstone_oldoriginall (2)\robot_framework_capstone_oldoriginal\test_e2e">
<suite id="s1-s1" name="Tc0 Endtoend Users Flow" source="C:\Users\thanm\PycharmProjects\PythonProject1\robot_framework_capstone_oldoriginall (2)\robot_framework_capstone_oldoriginal\test_e2e\tc0_endtoend_users_flow.robot">
<kw name="Open Site" owner="common" type="SETUP">
<kw name="Open Browser" owner="SeleniumLibrary">
<msg time="2026-02-23T16:40:37.310021" level="INFO">Opening browser 'edge' to base url 'https://ecommerce-playground.lambdatest.io/index.php'.</msg>
<arg>${BASE_URL}</arg>
<arg>${BROWSER}</arg>
<doc>Opens a new browser instance to the optional ``url``.</doc>
<status status="PASS" start="2026-02-23T16:40:37.310021" elapsed="6.644445"/>
</kw>
<kw name="Maximize Browser Window" owner="SeleniumLibrary">
<doc>Maximizes current browser window.</doc>
<status status="PASS" start="2026-02-23T16:40:43.955469" elapsed="0.099206"/>
</kw>
<kw name="Set Selenium Timeout" owner="SeleniumLibrary">
<arg>10s</arg>
<doc>Sets the timeout that is used by various keywords.</doc>
<status status="PASS" start="2026-02-23T16:40:44.054675" elapsed="0.002007"/>
</kw>
<status status="PASS" start="2026-02-23T16:40:37.309015" elapsed="6.747667"/>
</kw>
<test id="s1-s1-t1" name="end to end test for user- Abhi Ram" line="25">
<kw name="end to end flow">
<kw name="Register New User" owner="register_keywords">
<kw name="Go To" owner="SeleniumLibrary">
<msg time="2026-02-23T16:40:44.060682" level="INFO">Opening url 'https://ecommerce-playground.lambdatest.io/index.php'</msg>
<arg>${BASE_URL}</arg>
<doc>Navigates the current browser window to the provided ``url``.</doc>
<status status="PASS" start="2026-02-23T16:40:44.060682" elapsed="0.928899"/>
</kw>
<kw name="Title Should Be" owner="SeleniumLibrary">
<msg time="2026-02-23T16:40:45.084718" level="INFO">Page title is 'Your Store'.</msg>
<arg>Your Store</arg>
<doc>Verifies that the current page title equals ``title``.</doc>
<status status="PASS" start="2026-02-23T16:40:44.990579" elapsed="0.094139"/>
</kw>
<kw name="Page Should Contain" owner="SeleniumLibrary">
<msg time="2026-02-23T16:40:45.120616" level="INFO">Current page contains text 'My account'.</msg>
<arg>My account</arg>
<doc>Verifies that current page contains ``text``.</doc>
<status status="PASS" start="2026-02-23T16:40:45.084718" elapsed="0.035898"/>
</kw>
<kw name="Wait Until Element Is Visible" owner="SeleniumLibrary">
<arg>${MY_ACCOUNT_MENU}</arg>
<doc>Waits until the element ``locator`` is visible.</doc>
<status status="PASS" start="2026-02-23T16:40:45.120616" elapsed="0.036378"/>
</kw>
<kw name="Click Element" owner="SeleniumLibrary">
<msg time="2026-02-23T16:40:45.157993" level="INFO">Clicking element 'xpath=//a[contains(@href,"route=account/account") and contains(@class,"dropdown-toggle")]'.</msg>
<arg>${MY_ACCOUNT_MENU}</arg>
<doc>Click the element identified by ``locator``.</doc>
<status status="PASS" start="2026-02-23T16:40:45.156994" elapsed="2.544501"/>
</kw>
<kw name="Sleep" owner="BuiltIn">
<msg time="2026-02-23T16:40:48.703024" level="INFO">Slept 1 second.</msg>
<arg>1s</arg>
<doc>Pauses the test executed for the given time.</doc>
<status status="PASS" start="2026-02-23T16:40:47.701495" elapsed="1.001529"/>
</kw>
<kw name="Wait Until Element Is Visible" owner="SeleniumLibrary">
<arg>${REGISTER_LINK}</arg>
<doc>Waits until the element ``locator`` is visible.</doc>
<status status="PASS" start="2026-02-23T16:40:48.703024" elapsed="0.017806"/>
</kw>
<kw name="Click Element" owner="SeleniumLibrary">
<msg time="2026-02-23T16:40:48.720830" level="INFO">Clicking element 'xpath=//a[contains(@href,"route=account/register") and contains(text(),"Register")]'.</msg>
<arg>${REGISTER_LINK}</arg>
<doc>Click the element identified by ``locator``.</doc>
<status status="PASS" start="2026-02-23T16:40:48.720830" elapsed="2.549894"/>
</kw>
<kw name="Wait Until Page Contains" owner="SeleniumLibrary">
<arg>Register Account</arg>
<doc>Waits until ``text`` appears on the current page.</doc>
<status status="PASS" start="2026-02-23T16:40:51.271558" elapsed="0.013590"/>
</kw>
<kw name="Location Should Contain" owner="SeleniumLibrary">
<msg time="2026-02-23T16:40:51.291514" level="INFO">Current location contains 'route=account/register'.</msg>
<arg>route=account/register</arg>
<doc>Verifies that the current URL contains ``expected``.</doc>
<status status="PASS" start="2026-02-23T16:40:51.285148" elapsed="0.006366"/>
</kw>
<status status="PASS" start="2026-02-23T16:40:44.059682" elapsed="7.231832"/>
</kw>
<kw name="input firstname" owner="register_keywords">
<kw name="Input Text" owner="SeleniumLibrary">
<msg time="2026-02-23T16:40:51.292544" level="INFO">Typing text 'Abhi' into text field 'id=input-firstname'.</msg>
<arg>${FIRSTNAME_INPUT}</arg>
<arg>${firstname}</arg>
<doc>Types the given ``text`` into the text field identified by ``locator``.</doc>
<status status="PASS" start="2026-02-23T16:40:51.292544" elapsed="0.087160"/>
</kw>
<arg>${firstname}</arg>
<status status="PASS" start="2026-02-23T16:40:51.292544" elapsed="0.087160"/>
</kw>
<kw name="input lastname" owner="register_keywords">
<kw name="Input Text" owner="SeleniumLibrary">
<msg time="2026-02-23T16:40:51.381057" level="INFO">Typing text 'Ram' into text field 'id=input-lastname'.</msg>
<arg>${LASTNAME_INPUT}</arg>
<arg>${lastname}</arg>
<doc>Types the given ``text`` into the text field identified by ``locator``.</doc>
<status status="PASS" start="2026-02-23T16:40:51.381057" elapsed="0.074940"/>
</kw>
<arg>${lastname}</arg>
<status status="PASS" start="2026-02-23T16:40:51.379704" elapsed="0.076293"/>
</kw>
<kw name="input email" owner="register_keywords">
<kw name="Generate Unique Email" owner="email_generator">
<kw name="Generate Random String" owner="String">
<msg time="2026-02-23T16:40:51.458542" level="INFO">${random} = 8742</msg>
<var>${random}</var>
<arg>4</arg>
<arg>0123456789</arg>
<doc>Generates a string with a desired ``length`` from the given ``chars``.</doc>
<status status="PASS" start="2026-02-23T16:40:51.458542" elapsed="0.000000"/>
</kw>
<kw name="Set Variable" owner="BuiltIn">
<msg time="2026-02-23T16:40:51.459563" level="INFO">${email} = test_user_8742@gmail.com</msg>
<var>${email}</var>
<arg>test_user_${random}@gmail.com</arg>
<doc>Returns the given values which can then be assigned to a variables.</doc>
<status status="PASS" start="2026-02-23T16:40:51.459563" elapsed="0.000000"/>
</kw>
<kw name="Set Suite Variable" owner="BuiltIn">
<msg time="2026-02-23T16:40:51.460803" level="INFO">${EMAIL} = test_user_8742@gmail.com</msg>
<arg>${EMAIL}</arg>
<arg>${email}</arg>
<doc>Makes a variable available everywhere within the scope of the current suite.</doc>
<status status="PASS" start="2026-02-23T16:40:51.460803" elapsed="0.000000"/>
</kw>
<kw name="Log To Console" owner="BuiltIn">
<arg>Dynamic Email Generated: ${EMAIL}</arg>
<doc>Logs the given message to the console.</doc>
<status status="PASS" start="2026-02-23T16:40:51.460803" elapsed="0.000000"/>
</kw>
<status status="PASS" start="2026-02-23T16:40:51.457497" elapsed="0.004835"/>
</kw>
<kw name="Log To Console" owner="BuiltIn">
<arg>Registering with Email: ${EMAIL}</arg>
<doc>Logs the given message to the console.</doc>
<status status="PASS" start="2026-02-23T16:40:51.462332" elapsed="0.000000"/>
</kw>
<kw name="Input Text" owner="SeleniumLibrary">
<msg time="2026-02-23T16:40:51.462332" level="INFO">Typing text 'test_user_8742@gmail.com' into text field 'id=input-email'.</msg>
<arg>${EMAIL_INPUT}</arg>
<arg>${EMAIL}</arg>
<doc>Types the given ``text`` into the text field identified by ``locator``.</doc>
<status status="PASS" start="2026-02-23T16:40:51.462332" elapsed="0.125101"/>
</kw>
<status status="PASS" start="2026-02-23T16:40:51.457497" elapsed="0.129936"/>
</kw>
<kw name="input phone" owner="register_keywords">
<kw name="Input Text" owner="SeleniumLibrary">
<msg time="2026-02-23T16:40:51.588434" level="INFO">Typing text '9876543210' into text field 'id=input-telephone'.</msg>
<arg>${PHONE_INPUT}</arg>
<arg>${phone}</arg>
<doc>Types the given ``text`` into the text field identified by ``locator``.</doc>
<status status="PASS" start="2026-02-23T16:40:51.588434" elapsed="0.105564"/>
</kw>
<arg>${phone}</arg>
<status status="PASS" start="2026-02-23T16:40:51.587433" elapsed="0.107950"/>
</kw>
<kw name="input password" owner="register_keywords">
<kw name="Input Text" owner="SeleniumLibrary">
<msg time="2026-02-23T16:40:51.696388" level="INFO">Typing text 'Abhi@123' into text field 'id=input-password'.</msg>
<arg>${PASSWORD_INPUT}</arg>
<arg>${password}</arg>
<doc>Types the given ``text`` into the text field identified by ``locator``.</doc>
<status status="PASS" start="2026-02-23T16:40:51.695383" elapsed="0.107071"/>
</kw>
<kw name="Input Text" owner="SeleniumLibrary">
<msg time="2026-02-23T16:40:51.803962" level="INFO">Typing text 'Abhi@123' into text field 'id=input-confirm'.</msg>
<arg>${CONFIRM_INPUT}</arg>
<arg>${password}</arg>
<doc>Types the given ``text`` into the text field identified by ``locator``.</doc>
<status status="PASS" start="2026-02-23T16:40:51.803962" elapsed="0.089310"/>
</kw>
<kw name="Textfield Value Should Be" owner="SeleniumLibrary">
<msg time="2026-02-23T16:40:51.945443" level="INFO">Content of text field 'id=input-confirm' is 'Abhi@123'.</msg>
<arg>${CONFIRM_INPUT}</arg>
<arg>${password}</arg>
<doc>Verifies text field ``locator`` has exactly text ``expected``.</doc>
<status status="PASS" start="2026-02-23T16:40:51.893272" elapsed="0.052171"/>
</kw>
<arg>${password}</arg>
<status status="PASS" start="2026-02-23T16:40:51.695383" elapsed="0.250060"/>
</kw>
<kw name="click agree" owner="register_keywords">
<kw name="Click Element" owner="SeleniumLibrary">
<msg time="2026-02-23T16:40:51.946511" level="INFO">Clicking element 'xpath=//label[@for="input-agree"]'.</msg>
<arg>${AGREE_LABEL}</arg>
<doc>Click the element identified by ``locator``.</doc>
<status status="PASS" start="2026-02-23T16:40:51.946511" elapsed="0.091627"/>
</kw>
<kw name="Checkbox Should Be Selected" owner="SeleniumLibrary">
<msg time="2026-02-23T16:40:52.039137" level="INFO">Verifying checkbox 'id=input-agree' is selected.</msg>
<arg>id=input-agree</arg>
<doc>Verifies checkbox ``locator`` is selected/checked.</doc>
<status status="PASS" start="2026-02-23T16:40:52.038138" elapsed="0.052407"/>
</kw>
<status status="PASS" start="2026-02-23T16:40:51.946511" elapsed="0.144034"/>
</kw>
<kw name="click continue" owner="register_keywords">
<kw name="Scroll Element Into View" owner="SeleniumLibrary">
<arg>${CONTINUE_BUTTON}</arg>
<doc>Scrolls the element identified by ``locator`` into view.</doc>
<status status="PASS" start="2026-02-23T16:40:52.090545" elapsed="0.295511"/>
</kw>
<kw name="Click Button" owner="SeleniumLibrary">
<msg time="2026-02-23T16:40:52.387066" level="INFO">Clicking button 'css=input.btn.btn-primary[type="submit"][value="Continue"]'.</msg>
<arg>${CONTINUE_BUTTON}</arg>
<doc>Clicks the button identified by ``locator``.</doc>
<status status="PASS" start="2026-02-23T16:40:52.387066" elapsed="2.243054"/>
</kw>
<kw name="Wait Until Element Is Visible" owner="SeleniumLibrary">
<arg>${SUCCESS_TEXT}</arg>
<doc>Waits until the element ``locator`` is visible.</doc>
<status status="PASS" start="2026-02-23T16:40:54.630120" elapsed="0.022678"/>
</kw>
<kw name="Page Should Contain" owner="SeleniumLibrary">
<msg time="2026-02-23T16:40:54.665898" level="INFO">Current page contains text 'Your Account Has Been Created'.</msg>
<arg>Your Account Has Been Created</arg>
<doc>Verifies that current page contains ``text``.</doc>
<status status="PASS" start="2026-02-23T16:40:54.652798" elapsed="0.014132"/>
</kw>
<kw name="Log To Console" owner="BuiltIn">
<arg>Registration Completed Successfully for ${firstname}</arg>
<doc>Logs the given message to the console.</doc>
<status status="PASS" start="2026-02-23T16:40:54.666930" elapsed="0.000000"/>
</kw>
<status status="PASS" start="2026-02-23T16:40:52.090545" elapsed="2.576385"/>
</kw>
<kw name="click logout" owner="register_keywords">
<kw name="Logout User Successfully" owner="logout_keywords">
<kw name="Wait Until Element Is Visible" owner="SeleniumLibrary">
<arg>${MY_ACCOUNT_MENU}</arg>
<doc>Waits until the element ``locator`` is visible.</doc>
<status status="PASS" start="2026-02-23T16:40:54.669393" elapsed="0.017400"/>
</kw>
<kw name="Click Element" owner="SeleniumLibrary">
<msg time="2026-02-23T16:40:54.687299" level="INFO">Clicking element 'xpath=//a[contains(@href,"route=account/account") and contains(@class,"dropdown-toggle")]'.</msg>
<arg>${MY_ACCOUNT_MENU}</arg>
<doc>Click the element identified by ``locator``.</doc>
<status status="PASS" start="2026-02-23T16:40:54.686793" elapsed="1.302582"/>
</kw>
<kw name="Sleep" owner="BuiltIn">
<msg time="2026-02-23T16:40:56.990694" level="INFO">Slept 1 second.</msg>
<arg>1s</arg>
<doc>Pauses the test executed for the given time.</doc>
<status status="PASS" start="2026-02-23T16:40:55.990391" elapsed="1.000303"/>
</kw>
<kw name="Wait Until Element Is Visible" owner="SeleniumLibrary">
<arg>${LOGOUT_LINK}</arg>
<doc>Waits until the element ``locator`` is visible.</doc>
<status status="PASS" start="2026-02-23T16:40:56.990694" elapsed="0.021767"/>
</kw>
<kw name="Element Should Be Visible" owner="SeleniumLibrary">
<msg time="2026-02-23T16:40:57.030633" level="INFO">Element 'xpath=//a[contains(@href,"route=account/logout") and contains(text(),"Logout")]' is displayed.</msg>
<arg>${LOGOUT_LINK}</arg>
<doc>Verifies that the element identified by ``locator`` is visible.</doc>
<status status="PASS" start="2026-02-23T16:40:57.012461" elapsed="0.018172"/>
</kw>
<kw name="Click Element" owner="SeleniumLibrary">
<msg time="2026-02-23T16:40:57.030633" level="INFO">Clicking element 'xpath=//a[contains(@href,"route=account/logout") and contains(text(),"Logout")]'.</msg>
<arg>${LOGOUT_LINK}</arg>
<doc>Click the element identified by ``locator``.</doc>
<status status="PASS" start="2026-02-23T16:40:57.030633" elapsed="2.041565"/>
</kw>
<kw name="Wait Until Element Is Visible" owner="SeleniumLibrary">
<arg>${LOGOUT_TEXT}</arg>
<doc>Waits until the element ``locator`` is visible.</doc>
<status status="PASS" start="2026-02-23T16:40:59.073203" elapsed="0.032373"/>
</kw>
<kw name="Element Should Be Visible" owner="SeleniumLibrary">
<msg time="2026-02-23T16:40:59.122236" level="INFO">Element 'xpath=//h1[contains(text(),"Account Logout")]' is displayed.</msg>
<arg>${LOGOUT_TEXT}</arg>
<doc>Verifies that the element identified by ``locator`` is visible.</doc>
<status status="PASS" start="2026-02-23T16:40:59.105576" elapsed="0.016660"/>
</kw>
<kw name="Page Should Contain" owner="SeleniumLibrary">
<msg time="2026-02-23T16:40:59.139846" level="INFO">Current page contains text 'Account Logout'.</msg>
<arg>Account Logout</arg>
<doc>Verifies that current page contains ``text``.</doc>
<status status="PASS" start="2026-02-23T16:40:59.122236" elapsed="0.017610"/>
</kw>
<kw name="Location Should Contain" owner="SeleniumLibrary">
<msg time="2026-02-23T16:40:59.146965" level="INFO">Current location contains 'route=account/logout'.</msg>
<arg>route=account/logout</arg>
<doc>Verifies that the current URL contains ``expected``.</doc>
<status status="PASS" start="2026-02-23T16:40:59.140845" elapsed="0.006120"/>
</kw>
<kw name="Log To Console" owner="BuiltIn">
<arg>Logout Completed Successfully</arg>
<doc>Logs the given message to the console.</doc>
<status status="PASS" start="2026-02-23T16:40:59.147965" elapsed="0.000000"/>
</kw>
<status status="PASS" start="2026-02-23T16:40:54.668371" elapsed="4.479594"/>
</kw>
<status status="PASS" start="2026-02-23T16:40:54.668371" elapsed="4.479594"/>
</kw>
<kw name="Login User Successfully" owner="login_keywords">
<kw name="Go To" owner="SeleniumLibrary">
<msg time="2026-02-23T16:40:59.150169" level="INFO">Opening url 'https://ecommerce-playground.lambdatest.io/index.php'</msg>
<arg>${BASE_URL}</arg>
<doc>Navigates the current browser window to the provided ``url``.</doc>
<status status="PASS" start="2026-02-23T16:40:59.150169" elapsed="0.666398"/>
</kw>
<kw name="Page Should Contain" owner="SeleniumLibrary">
<msg time="2026-02-23T16:40:59.925262" level="INFO">Current page contains text 'My account'.</msg>
<arg>My account</arg>
<doc>Verifies that current page contains ``text``.</doc>
<status status="PASS" start="2026-02-23T16:40:59.816567" elapsed="0.109892"/>
</kw>
<kw name="Wait Until Element Is Visible" owner="SeleniumLibrary">
<arg>${MY_ACCOUNT_MENU}</arg>
<doc>Waits until the element ``locator`` is visible.</doc>
<status status="PASS" start="2026-02-23T16:40:59.926459" elapsed="0.040119"/>
</kw>
<kw name="Click Element" owner="SeleniumLibrary">
<msg time="2026-02-23T16:40:59.966578" level="INFO">Clicking element 'xpath=//a[contains(@href,"route=account/account") and contains(@class,"dropdown-toggle")]'.</msg>
<arg>${MY_ACCOUNT_MENU}</arg>
<doc>Click the element identified by ``locator``.</doc>
<status status="PASS" start="2026-02-23T16:40:59.966578" elapsed="0.880380"/>
</kw>
<kw name="Sleep" owner="BuiltIn">
<msg time="2026-02-23T16:41:01.848958" level="INFO">Slept 1 second.</msg>
<arg>1s</arg>
<doc>Pauses the test executed for the given time.</doc>
<status status="PASS" start="2026-02-23T16:41:00.846958" elapsed="1.002000"/>
</kw>
<kw name="Wait Until Element Is Visible" owner="SeleniumLibrary">
<arg>${LOGIN_LINK}</arg>
<doc>Waits until the element ``locator`` is visible.</doc>
<status status="PASS" start="2026-02-23T16:41:01.848958" elapsed="0.019514"/>
</kw>
<kw name="Click Element" owner="SeleniumLibrary">
<msg time="2026-02-23T16:41:01.869469" level="INFO">Clicking element 'xpath=//a[contains(@href,"route=account/login") and contains(text(),"Login")]'.</msg>
<arg>${LOGIN_LINK}</arg>
<doc>Click the element identified by ``locator``.</doc>
<status status="PASS" start="2026-02-23T16:41:01.868472" elapsed="0.729055"/>
</kw>
<kw name="Wait Until Page Contains" owner="SeleniumLibrary">
<arg>Account Login</arg>
<doc>Waits until ``text`` appears on the current page.</doc>
<status status="PASS" start="2026-02-23T16:41:02.597527" elapsed="0.013401"/>
</kw>
<kw name="Location Should Contain" owner="SeleniumLibrary">
<msg time="2026-02-23T16:41:02.617376" level="INFO">Current location contains 'route=account/login'.</msg>
<arg>route=account/login</arg>
<doc>Verifies that the current URL contains ``expected``.</doc>
<status status="PASS" start="2026-02-23T16:41:02.610928" elapsed="0.006448"/>
</kw>
<kw name="Log To Console" owner="BuiltIn">
<arg>Logging in with Email: ${EMAIL}</arg>
<doc>Logs the given message to the console.</doc>
<status status="PASS" start="2026-02-23T16:41:02.617376" elapsed="0.000999"/>
</kw>
<kw name="Input Text" owner="SeleniumLibrary">
<msg time="2026-02-23T16:41:02.618375" level="INFO">Typing text 'test_user_8742@gmail.com' into text field 'id=input-email'.</msg>
<arg>${EMAIL_INPUT}</arg>
<arg>${EMAIL}</arg>
<doc>Types the given ``text`` into the text field identified by ``locator``.</doc>
<status status="PASS" start="2026-02-23T16:41:02.618375" elapsed="0.093770"/>
</kw>
<kw name="Input Text" owner="SeleniumLibrary">
<msg time="2026-02-23T16:41:02.713148" level="INFO">Typing text 'Abhi@123' into text field 'id=input-password'.</msg>
<arg>${PASSWORD_INPUT}</arg>
<arg>${password}</arg>
<doc>Types the given ``text`` into the text field identified by ``locator``.</doc>
<status status="PASS" start="2026-02-23T16:41:02.712145" elapsed="0.090174"/>
</kw>
<kw name="Click Button" owner="SeleniumLibrary">
<msg time="2026-02-23T16:41:02.803324" level="INFO">Clicking button 'css=input.btn.btn-primary[value="Login"]'.</msg>
<arg>${LOGIN_BUTTON}</arg>
<doc>Clicks the button identified by ``locator``.</doc>
<status status="PASS" start="2026-02-23T16:41:02.803324" elapsed="0.087199"/>
</kw>
<kw name="Wait Until Page Contains" owner="SeleniumLibrary">
<arg>My Account</arg>
<doc>Waits until ``text`` appears on the current page.</doc>
<status status="PASS" start="2026-02-23T16:41:02.890523" elapsed="1.332575"/>
</kw>
<kw name="Wait Until Element Is Visible" owner="SeleniumLibrary">
<arg>${MY_ACCOUNT_HEADING}</arg>
<doc>Waits until the element ``locator`` is visible.</doc>
<status status="PASS" start="2026-02-23T16:41:04.223098" elapsed="0.035514"/>
</kw>
<kw name="Page Should Contain" owner="SeleniumLibrary">
<msg time="2026-02-23T16:41:04.280360" level="INFO">Current page contains text 'My Account'.</msg>
<arg>My Account</arg>
<doc>Verifies that current page contains ``text``.</doc>
<status status="PASS" start="2026-02-23T16:41:04.259612" elapsed="0.020748"/>
</kw>
<kw name="Location Should Contain" owner="SeleniumLibrary">
<msg time="2026-02-23T16:41:04.286352" level="INFO">Current location contains 'route=account/account'.</msg>
<arg>route=account/account</arg>
<doc>Verifies that the current URL contains ``expected``.</doc>
<status status="PASS" start="2026-02-23T16:41:04.280360" elapsed="0.005992"/>
</kw>
<kw name="Log To Console" owner="BuiltIn">
<arg>Login Successful After Logout</arg>
<doc>Logs the given message to the console.</doc>
<status status="PASS" start="2026-02-23T16:41:04.286352" elapsed="0.000000"/>
</kw>
<arg>${password}</arg>
<status status="PASS" start="2026-02-23T16:40:59.149166" elapsed="5.138567"/>
</kw>
<kw name="Search Products" owner="search_keywords">
<kw name="Go To" owner="SeleniumLibrary">
<msg time="2026-02-23T16:41:04.287733" level="INFO">Opening url 'https://ecommerce-playground.lambdatest.io/index.php'</msg>
<arg>${BASE_URL}</arg>
<doc>Navigates the current browser window to the provided ``url``.</doc>
<status status="PASS" start="2026-02-23T16:41:04.287733" elapsed="0.887440"/>
</kw>
<kw name="Location Should Contain" owner="SeleniumLibrary">
<msg time="2026-02-23T16:41:05.286425" level="INFO">Current location contains 'index.php'.</msg>
<arg>index.php</arg>
<doc>Verifies that the current URL contains ``expected``.</doc>
<status status="PASS" start="2026-02-23T16:41:05.176173" elapsed="0.110252"/>
</kw>
<kw name="Page Should Contain" owner="SeleniumLibrary">
<msg time="2026-02-23T16:41:05.316009" level="INFO">Current page contains text 'Search'.</msg>
<arg>Search</arg>
<doc>Verifies that current page contains ``text``.</doc>
<status status="PASS" start="2026-02-23T16:41:05.288019" elapsed="0.028997"/>
</kw>
<kw name="Wait Until Element Is Visible" owner="SeleniumLibrary">
<arg>${SEARCH_BOX}</arg>
<doc>Waits until the element ``locator`` is visible.</doc>
<status status="PASS" start="2026-02-23T16:41:05.317016" elapsed="0.025397"/>
</kw>
<kw name="Element Should Be Visible" owner="SeleniumLibrary">
<msg time="2026-02-23T16:41:05.364056" level="INFO">Element 'name=search' is displayed.</msg>
<arg>${SEARCH_BOX}</arg>
<doc>Verifies that the element identified by ``locator`` is visible.</doc>
<status status="PASS" start="2026-02-23T16:41:05.342413" elapsed="0.022665"/>
</kw>
<kw name="Element Should Be Enabled" owner="SeleniumLibrary">
<arg>${SEARCH_BOX}</arg>
<doc>Verifies that element identified by ``locator`` is enabled.</doc>
<status status="PASS" start="2026-02-23T16:41:05.365078" elapsed="0.028034"/>
</kw>
<status status="PASS" start="2026-02-23T16:41:04.287733" elapsed="1.105379"/>
</kw>
<kw name="input search" owner="search_keywords">
<kw name="Clear Element Text" owner="SeleniumLibrary">
<arg>${SEARCH_BOX}</arg>
<doc>Clears the value of the text-input-element identified by ``locator``.</doc>
<status status="PASS" start="2026-02-23T16:41:05.394112" elapsed="0.039882"/>
</kw>
<kw name="Input Text" owner="SeleniumLibrary">
<msg time="2026-02-23T16:41:05.435043" level="INFO">Typing text 'HP' into text field 'name=search'.</msg>
<arg>${SEARCH_BOX}</arg>
<arg>${product}</arg>
<doc>Types the given ``text`` into the text field identified by ``locator``.</doc>
<status status="PASS" start="2026-02-23T16:41:05.433994" elapsed="0.092857"/>
</kw>
<kw name="Textfield Value Should Be" owner="SeleniumLibrary">
<msg time="2026-02-23T16:41:05.597898" level="INFO">Content of text field 'name=search' is 'HP'.</msg>
<arg>${SEARCH_BOX}</arg>
<arg>${product}</arg>
<doc>Verifies text field ``locator`` has exactly text ``expected``.</doc>
<status status="PASS" start="2026-02-23T16:41:05.528155" elapsed="0.069743"/>
</kw>
<arg>${product}</arg>
<status status="PASS" start="2026-02-23T16:41:05.393112" elapsed="0.204786"/>
</kw>
<kw name="input enter" owner="search_keywords">
<kw name="Press Keys" owner="SeleniumLibrary">
<msg time="2026-02-23T16:41:05.600423" level="INFO">Sending key(s) ('ENTER',) to name=search element.</msg>
<msg time="2026-02-23T16:41:05.885370" level="INFO">Pressing special key ENTER to element.</msg>
<msg time="2026-02-23T16:41:05.885370" level="INFO">Releasing special key ENTER.</msg>
<arg>${SEARCH_BOX}</arg>
<arg>ENTER</arg>
<doc>Simulates the user pressing key(s) to an element or on the active browser.</doc>
<status status="PASS" start="2026-02-23T16:41:05.598922" elapsed="0.296418"/>
</kw>
<kw name="Sleep" owner="BuiltIn">
<msg time="2026-02-23T16:41:08.896846" level="INFO">Slept 3 seconds.</msg>
<arg>3s</arg>
<doc>Pauses the test executed for the given time.</doc>
<status status="PASS" start="2026-02-23T16:41:05.896344" elapsed="3.001011"/>
</kw>
<status status="PASS" start="2026-02-23T16:41:05.597898" elapsed="3.299457"/>
</kw>
<kw name="validation" owner="search_keywords">
<kw name="Wait Until Page Contains" owner="SeleniumLibrary">
<arg>Search</arg>
<doc>Waits until ``text`` appears on the current page.</doc>
<status status="PASS" start="2026-02-23T16:41:08.899359" elapsed="0.019242"/>
</kw>
<kw name="Page Should Contain Element" owner="SeleniumLibrary">
<msg time="2026-02-23T16:41:08.937133" level="INFO">Current page contains element 'xpath=(//div[contains(@class,"product-thumb")]//h4/a)[1]'.</msg>
<arg>${FIRST_PRODUCT}</arg>
<doc>Verifies that element ``locator`` is found on the current page.</doc>
<status status="PASS" start="2026-02-23T16:41:08.918601" elapsed="0.018532"/>
</kw>
<kw name="Page Should Contain" owner="SeleniumLibrary">
<msg time="2026-02-23T16:41:08.962462" level="INFO">Current page contains text 'HP'.</msg>
<arg>${PRODUCT_NAME}</arg>
<doc>Verifies that current page contains ``text``.</doc>
<status status="PASS" start="2026-02-23T16:41:08.937133" elapsed="0.025329"/>
</kw>
<kw name="Log To Console" owner="BuiltIn">
<arg>Product Search Completed Successfully!</arg>
<doc>Logs the given message to the console.</doc>
<status status="PASS" start="2026-02-23T16:41:08.962462" elapsed="0.001034"/>
</kw>
<status status="PASS" start="2026-02-23T16:41:08.897355" elapsed="0.066141"/>
</kw>
<kw name="Open First Product Details" owner="product_keywords">
<kw name="Wait Until Element Is Visible" owner="SeleniumLibrary">
<arg>${FIRST_PRODUCT}</arg>
<doc>Waits until the element ``locator`` is visible.</doc>
<status status="PASS" start="2026-02-23T16:41:08.965001" elapsed="0.022299"/>
</kw>
<kw name="Element Should Be Visible" owner="SeleniumLibrary">
<msg time="2026-02-23T16:41:09.005426" level="INFO">Element 'xpath=(//div[contains(@class,"product-thumb")]//h4/a)[1]' is displayed.</msg>
<arg>${FIRST_PRODUCT}</arg>
<doc>Verifies that the element identified by ``locator`` is visible.</doc>
<status status="PASS" start="2026-02-23T16:41:08.987300" elapsed="0.018126"/>
</kw>
<kw name="Element Should Be Enabled" owner="SeleniumLibrary">
<arg>${FIRST_PRODUCT}</arg>
<doc>Verifies that element identified by ``locator`` is enabled.</doc>
<status status="PASS" start="2026-02-23T16:41:09.005426" elapsed="0.023227"/>
</kw>
<kw name="Click Element" owner="SeleniumLibrary">
<msg time="2026-02-23T16:41:09.028653" level="INFO">Clicking element 'xpath=(//div[contains(@class,"product-thumb")]//h4/a)[1]'.</msg>
<arg>${FIRST_PRODUCT}</arg>
<doc>Click the element identified by ``locator``.</doc>
<status status="PASS" start="2026-02-23T16:41:09.028653" elapsed="3.432006"/>
</kw>
<kw name="Location Should Contain" owner="SeleniumLibrary">
<msg time="2026-02-23T16:41:12.465637" level="INFO">Current location contains 'route=product'.</msg>
<arg>route=product</arg>
<doc>Verifies that the current URL contains ``expected``.</doc>
<status status="PASS" start="2026-02-23T16:41:12.460659" elapsed="0.004978"/>
</kw>
<kw name="Wait Until Element Is Visible" owner="SeleniumLibrary">
<arg>${PRODUCT_TITLE}</arg>
<doc>Waits until the element ``locator`` is visible.</doc>
<status status="PASS" start="2026-02-23T16:41:12.465637" elapsed="0.012456"/>
</kw>
<kw name="Element Should Be Visible" owner="SeleniumLibrary">
<msg time="2026-02-23T16:41:12.487451" level="INFO">Element 'css=h1' is displayed.</msg>
<arg>${PRODUCT_TITLE}</arg>
<doc>Verifies that the element identified by ``locator`` is visible.</doc>
<status status="PASS" start="2026-02-23T16:41:12.478093" elapsed="0.009358"/>
</kw>
<kw name="Get Text" owner="SeleniumLibrary">
<msg time="2026-02-23T16:41:12.518504" level="INFO">${title} = HP LP3065</msg>
<var>${title}</var>
<arg>${PRODUCT_TITLE}</arg>
<doc>Returns the text value of the element identified by ``locator``.</doc>
<status status="PASS" start="2026-02-23T16:41:12.487451" elapsed="0.031053"/>
</kw>
<kw name="Should Not Be Empty" owner="BuiltIn">
<msg time="2026-02-23T16:41:12.519508" level="INFO">Length is 9.</msg>
<arg>${title}</arg>
<doc>Verifies that the given item is not empty.</doc>
<status status="PASS" start="2026-02-23T16:41:12.518504" elapsed="0.001004"/>
</kw>
<kw name="Log To Console" owner="BuiltIn">
<arg>Product Details Page Opened Successfully!</arg>
<doc>Logs the given message to the console.</doc>
<status status="PASS" start="2026-02-23T16:41:12.519508" elapsed="0.000000"/>
</kw>
<kw name="Log To Console" owner="BuiltIn">
<arg>Opened Product: ${title}</arg>
<doc>Logs the given message to the console.</doc>
<status status="PASS" start="2026-02-23T16:41:12.519508" elapsed="0.001005"/>
</kw>
<kw name="Element Should Be Visible" owner="SeleniumLibrary">
<msg time="2026-02-23T16:41:12.543403" level="INFO">Element 'css=div#entry_216842 button[title='Add to Cart']' is displayed.</msg>
<arg>${ADD_TO_CART}</arg>
<doc>Verifies that the element identified by ``locator`` is visible.</doc>
<status status="PASS" start="2026-02-23T16:41:12.520513" elapsed="0.022890"/>
</kw>
<status status="PASS" start="2026-02-23T16:41:08.964493" elapsed="3.578910"/>
</kw>
<kw name="Add Product To Cart And Validate Success" owner="cart_keywords">
<kw name="Run Keyword And Return Status" owner="BuiltIn">
<kw name="Wait Until Element Is Visible" owner="SeleniumLibrary">
<arg>${ADD_TO_CART}</arg>
<arg>5s</arg>
<doc>Waits until the element ``locator`` is visible.</doc>
<status status="PASS" start="2026-02-23T16:41:12.545690" elapsed="0.017857"/>
</kw>
<msg time="2026-02-23T16:41:12.564072" level="INFO">${present} = True</msg>
<var>${present}</var>
<arg>Wait Until Element Is Visible</arg>
<arg>${ADD_TO_CART}</arg>
<arg>5s</arg>
<doc>Runs the specified keyword and returns the status as a Boolean value.</doc>
<status status="PASS" start="2026-02-23T16:41:12.545690" elapsed="0.018382"/>
</kw>
<if>
<branch type="IF" condition="not ${present}">
<kw name="Log To Console" owner="BuiltIn">
<arg>❌ Add To Cart not found (Out of Stock). Skipping...</arg>
<doc>Logs the given message to the console.</doc>
<status status="NOT RUN" start="2026-02-23T16:41:12.564072" elapsed="0.000000"/>
</kw>
<kw name="Return From Keyword" owner="BuiltIn">
<doc>Returns from the enclosing user keyword.</doc>
<status status="NOT RUN" start="2026-02-23T16:41:12.565443" elapsed="0.000000"/>
</kw>
<status status="NOT RUN" start="2026-02-23T16:41:12.564072" elapsed="0.001371"/>
</branch>
<status status="PASS" start="2026-02-23T16:41:12.564072" elapsed="0.001371"/>
</if>
<kw name="Scroll Element Into View" owner="SeleniumLibrary">
<arg>${ADD_TO_CART}</arg>
<doc>Scrolls the element identified by ``locator`` into view.</doc>
<status status="PASS" start="2026-02-23T16:41:12.566457" elapsed="0.286940"/>
</kw>
<kw name="Run Keyword And Return Status" owner="BuiltIn">
<kw name="Element Should Be Enabled" owner="SeleniumLibrary">
<arg>${ADD_TO_CART}</arg>
<doc>Verifies that element identified by ``locator`` is enabled.</doc>
<status status="PASS" start="2026-02-23T16:41:12.855447" elapsed="0.038475"/>
</kw>
<msg time="2026-02-23T16:41:12.893922" level="INFO">${enabled} = True</msg>
<var>${enabled}</var>
<arg>Element Should Be Enabled</arg>
<arg>${ADD_TO_CART}</arg>
<doc>Runs the specified keyword and returns the status as a Boolean value.</doc>
<status status="PASS" start="2026-02-23T16:41:12.854411" elapsed="0.039511"/>
</kw>
<if>
<branch type="IF" condition="not ${enabled}">
<kw name="Log To Console" owner="BuiltIn">
<arg>⚠️ Product Out of Stock (Button Disabled). Skipping Add To Cart...</arg>
<doc>Logs the given message to the console.</doc>
<status status="NOT RUN" start="2026-02-23T16:41:12.895052" elapsed="0.000000"/>
</kw>
<kw name="Return From Keyword" owner="BuiltIn">
<doc>Returns from the enclosing user keyword.</doc>
<status status="NOT RUN" start="2026-02-23T16:41:12.895052" elapsed="0.000000"/>
</kw>
<status status="NOT RUN" start="2026-02-23T16:41:12.895052" elapsed="0.000000"/>
</branch>
<status status="PASS" start="2026-02-23T16:41:12.893922" elapsed="0.001130"/>
</if>
<kw name="Click Element" owner="SeleniumLibrary">
<msg time="2026-02-23T16:41:12.896058" level="INFO">Clicking element 'css=div#entry_216842 button[title='Add to Cart']'.</msg>
<arg>${ADD_TO_CART}</arg>
<doc>Click the element identified by ``locator``.</doc>
<status status="PASS" start="2026-02-23T16:41:12.895052" elapsed="0.169009"/>
</kw>
<kw name="Sleep" owner="BuiltIn">
<msg time="2026-02-23T16:41:16.065220" level="INFO">Slept 3 seconds.</msg>
<arg>3s</arg>
<doc>Pauses the test executed for the given time.</doc>
<status status="PASS" start="2026-02-23T16:41:13.064061" elapsed="3.001159"/>
</kw>
<kw name="Run Keyword And Return Status" owner="BuiltIn">
<kw name="Wait Until Element Is Visible" owner="SeleniumLibrary">
<arg>${CART_SUCCESS_MSG}</arg>
<arg>5s</arg>
<doc>Waits until the element ``locator`` is visible.</doc>
<status status="PASS" start="2026-02-23T16:41:16.066660" elapsed="0.025901"/>
</kw>
<msg time="2026-02-23T16:41:16.092561" level="INFO">${success} = True</msg>
<var>${success}</var>
<arg>Wait Until Element Is Visible</arg>
<arg>${CART_SUCCESS_MSG}</arg>
<arg>5s</arg>
<doc>Runs the specified keyword and returns the status as a Boolean value.</doc>
<status status="PASS" start="2026-02-23T16:41:16.065220" elapsed="0.027341"/>
</kw>
<if>
<branch type="IF" condition="not ${success}">
<kw name="Log To Console" owner="BuiltIn">
<arg>⚠️ No success message appeared. Product may not be added.</arg>
<doc>Logs the given message to the console.</doc>
<status status="NOT RUN" start="2026-02-23T16:41:16.093137" elapsed="0.001009"/>
</kw>
<kw name="Return From Keyword" owner="BuiltIn">
<doc>Returns from the enclosing user keyword.</doc>
<status status="NOT RUN" start="2026-02-23T16:41:16.094146" elapsed="0.001019"/>
</kw>
<status status="NOT RUN" start="2026-02-23T16:41:16.093137" elapsed="0.002028"/>
</branch>
<status status="PASS" start="2026-02-23T16:41:16.093137" elapsed="0.002028"/>
</if>
<kw name="Log To Console" owner="BuiltIn">
<arg>✅ Product Added To Cart Successfully!</arg>
<doc>Logs the given message to the console.</doc>
<status status="PASS" start="2026-02-23T16:41:16.095165" elapsed="0.000000"/>
</kw>
<kw name="Wait Until Element Is Visible" owner="SeleniumLibrary">
<arg>${VIEW_CART_BTN}</arg>
<doc>Waits until the element ``locator`` is visible.</doc>
<status status="PASS" start="2026-02-23T16:41:16.096647" elapsed="0.021193"/>
</kw>
<kw name="Element Should Be Visible" owner="SeleniumLibrary">
<msg time="2026-02-23T16:41:16.137557" level="INFO">Element 'xpath=//a[normalize-space()="View Cart"]' is displayed.</msg>
<arg>${VIEW_CART_BTN}</arg>
<doc>Verifies that the element identified by ``locator`` is visible.</doc>
<status status="PASS" start="2026-02-23T16:41:16.117840" elapsed="0.019717"/>
</kw>
<status status="PASS" start="2026-02-23T16:41:12.544411" elapsed="3.593146"/>
</kw>
<kw name="Update Cart Quantity And Remove Item" owner="cart_update_remove_keywords">
<kw name="Run Keyword And Return Status" owner="BuiltIn">
<kw name="Wait Until Element Is Visible" owner="SeleniumLibrary">
<arg>${VIEW_CART_BTN}</arg>
<arg>5s</arg>
<doc>Waits until the element ``locator`` is visible.</doc>
<status status="PASS" start="2026-02-23T16:41:16.139557" elapsed="0.016009"/>
</kw>
<msg time="2026-02-23T16:41:16.155566" level="INFO">${cart_visible} = True</msg>
<var>${cart_visible}</var>
<arg>Wait Until Element Is Visible</arg>
<arg>${VIEW_CART_BTN}</arg>
<arg>5s</arg>
<doc>Runs the specified keyword and returns the status as a Boolean value.</doc>
<status status="PASS" start="2026-02-23T16:41:16.138557" elapsed="0.017009"/>
</kw>
<if>
<branch type="IF" condition="not ${cart_visible}">
<kw name="Log To Console" owner="BuiltIn">
<arg>⚠️ View Cart button not available. Cart may be empty. Skipping Update/Remove...</arg>
<doc>Logs the given message to the console.</doc>
<status status="NOT RUN" start="2026-02-23T16:41:16.156573" elapsed="0.000000"/>
</kw>
<kw name="Return From Keyword" owner="BuiltIn">
<doc>Returns from the enclosing user keyword.</doc>
<status status="NOT RUN" start="2026-02-23T16:41:16.157571" elapsed="0.000000"/>
</kw>
<status status="NOT RUN" start="2026-02-23T16:41:16.155566" elapsed="0.002005"/>
</branch>
<status status="PASS" start="2026-02-23T16:41:16.155566" elapsed="0.002005"/>
</if>
<kw name="Click Element" owner="SeleniumLibrary">
<msg time="2026-02-23T16:41:16.158571" level="INFO">Clicking element 'xpath=//a[normalize-space()="View Cart"]'.</msg>
<arg>${VIEW_CART_BTN}</arg>
<doc>Click the element identified by ``locator``.</doc>
<status status="PASS" start="2026-02-23T16:41:16.157571" elapsed="3.706682"/>
</kw>
<kw name="Wait Until Element Is Visible" owner="SeleniumLibrary">
<arg>${CART_HEADING}</arg>
<arg>5s</arg>
<doc>Waits until the element ``locator`` is visible.</doc>
<status status="PASS" start="2026-02-23T16:41:19.864253" elapsed="0.018875"/>
</kw>
<kw name="Log To Console" owner="BuiltIn">
<arg>✅ Shopping Cart Page Opened</arg>
<doc>Logs the given message to the console.</doc>
<status status="PASS" start="2026-02-23T16:41:19.883128" elapsed="0.001001"/>
</kw>
<kw name="Run Keyword And Return Status" owner="BuiltIn">
<kw name="Wait Until Element Is Visible" owner="SeleniumLibrary">
<arg>${QTY_BOX}</arg>
<arg>5s</arg>
<doc>Waits until the element ``locator`` is visible.</doc>
<status status="PASS" start="2026-02-23T16:41:19.884129" elapsed="0.019175"/>
</kw>
<msg time="2026-02-23T16:41:19.903304" level="INFO">${qty_present} = True</msg>
<var>${qty_present}</var>
<arg>Wait Until Element Is Visible</arg>
<arg>${QTY_BOX}</arg>
<arg>5s</arg>
<doc>Runs the specified keyword and returns the status as a Boolean value.</doc>
<status status="PASS" start="2026-02-23T16:41:19.884129" elapsed="0.019175"/>
</kw>
<if>
<branch type="IF" condition="not ${qty_present}">
<kw name="Log To Console" owner="BuiltIn">
<arg>⚠️ No items found in cart. Skipping update/remove...</arg>
<doc>Logs the given message to the console.</doc>
<status status="NOT RUN" start="2026-02-23T16:41:19.903304" elapsed="0.000000"/>
</kw>
<kw name="Return From Keyword" owner="BuiltIn">
<doc>Returns from the enclosing user keyword.</doc>
<status status="NOT RUN" start="2026-02-23T16:41:19.903304" elapsed="0.000000"/>
</kw>
<status status="NOT RUN" start="2026-02-23T16:41:19.903304" elapsed="0.000000"/>
</branch>
<status status="PASS" start="2026-02-23T16:41:19.903304" elapsed="0.000000"/>
</if>
<kw name="Clear Element Text" owner="SeleniumLibrary">
<arg>${QTY_BOX}</arg>
<doc>Clears the value of the text-input-element identified by ``locator``.</doc>
<status status="PASS" start="2026-02-23T16:41:19.904303" elapsed="0.029678"/>
</kw>
<kw name="Input Text" owner="SeleniumLibrary">
<msg time="2026-02-23T16:41:19.933981" level="INFO">Typing text '2' into text field 'xpath=//input[contains(@name,"quantity")]'.</msg>
<arg>${QTY_BOX}</arg>
<arg>2</arg>
<doc>Types the given ``text`` into the text field identified by ``locator``.</doc>
<status status="PASS" start="2026-02-23T16:41:19.933981" elapsed="0.072153"/>
</kw>
<kw name="Textfield Value Should Be" owner="SeleniumLibrary">
<msg time="2026-02-23T16:41:20.034423" level="INFO">Content of text field 'xpath=//input[contains(@name,"quantity")]' is '2'.</msg>
<arg>${QTY_BOX}</arg>
<arg>2</arg>
<doc>Verifies text field ``locator`` has exactly text ``expected``.</doc>
<status status="PASS" start="2026-02-23T16:41:20.007447" elapsed="0.026976"/>
</kw>
<kw name="Run Keyword And Return Status" owner="BuiltIn">
<kw name="Element Should Be Enabled" owner="SeleniumLibrary">
<arg>${UPDATE_BTN}</arg>
<doc>Verifies that element identified by ``locator`` is enabled.</doc>
<status status="PASS" start="2026-02-23T16:41:20.036449" elapsed="0.032966"/>
</kw>
<msg time="2026-02-23T16:41:20.069415" level="INFO">${update_enabled} = True</msg>
<var>${update_enabled}</var>
<arg>Element Should Be Enabled</arg>
<arg>${UPDATE_BTN}</arg>
<doc>Runs the specified keyword and returns the status as a Boolean value.</doc>
<status status="PASS" start="2026-02-23T16:41:20.035445" elapsed="0.033970"/>
</kw>
<if>
<branch type="IF" condition="not ${update_enabled}">
<kw name="Log To Console" owner="BuiltIn">
<arg>⚠️ Update button not enabled. Skipping...</arg>
<doc>Logs the given message to the console.</doc>
<status status="NOT RUN" start="2026-02-23T16:41:20.070924" elapsed="0.000000"/>
</kw>
<kw name="Return From Keyword" owner="BuiltIn">
<doc>Returns from the enclosing user keyword.</doc>
<status status="NOT RUN" start="2026-02-23T16:41:20.070924" elapsed="0.000000"/>
</kw>
<status status="NOT RUN" start="2026-02-23T16:41:20.069415" elapsed="0.001509"/>
</branch>
<status status="PASS" start="2026-02-23T16:41:20.069415" elapsed="0.001509"/>
</if>
<kw name="Click Element" owner="SeleniumLibrary">
<msg time="2026-02-23T16:41:20.072462" level="INFO">Clicking element 'xpath=//*[@id="content"]/form/div/table/tbody/tr/td[4]/div/div/button[1]'.</msg>
<arg>${UPDATE_BTN}</arg>
<doc>Click the element identified by ``locator``.</doc>
<status status="PASS" start="2026-02-23T16:41:20.070924" elapsed="0.911569"/>
</kw>
<kw name="Run Keyword And Return Status" owner="BuiltIn">
<kw name="Page Should Contain" owner="SeleniumLibrary">
<msg time="2026-02-23T16:41:21.002018" level="INFO">Current page contains text 'Success: You have modified your shopping cart'.</msg>
<arg>Success: You have modified your shopping cart</arg>
<doc>Verifies that current page contains ``text``.</doc>
<status status="PASS" start="2026-02-23T16:41:20.982493" elapsed="0.019525"/>
</kw>
<msg time="2026-02-23T16:41:21.002018" level="INFO">${update_msg} = True</msg>
<var>${update_msg}</var>
<arg>Page Should Contain</arg>
<arg>Success: You have modified your shopping cart</arg>
<doc>Runs the specified keyword and returns the status as a Boolean value.</doc>
<status status="PASS" start="2026-02-23T16:41:20.982493" elapsed="0.019525"/>
</kw>
<if>
<branch type="IF" condition="${update_msg}">
<kw name="Log To Console" owner="BuiltIn">
<arg>✅ Quantity Updated Successfully</arg>
<doc>Logs the given message to the console.</doc>
<status status="PASS" start="2026-02-23T16:41:21.003030" elapsed="0.000999"/>
</kw>
<status status="PASS" start="2026-02-23T16:41:21.003030" elapsed="0.000999"/>
</branch>
<branch type="ELSE">
<kw name="Log To Console" owner="BuiltIn">
<arg>⚠️ Update message not displayed, continuing...</arg>
<doc>Logs the given message to the console.</doc>
<status status="NOT RUN" start="2026-02-23T16:41:21.004029" elapsed="0.000000"/>
</kw>
<status status="NOT RUN" start="2026-02-23T16:41:21.004029" elapsed="0.000000"/>
</branch>
<status status="PASS" start="2026-02-23T16:41:21.003030" elapsed="0.000999"/>
</if>
<kw name="Run Keyword And Return Status" owner="BuiltIn">
<kw name="Element Should Be Enabled" owner="SeleniumLibrary">
<arg>${REMOVE_BTN}</arg>
<doc>Verifies that element identified by ``locator`` is enabled.</doc>
<status status="PASS" start="2026-02-23T16:41:21.005365" elapsed="0.029003"/>
</kw>
<msg time="2026-02-23T16:41:21.034368" level="INFO">${remove_enabled} = True</msg>
<var>${remove_enabled}</var>
<arg>Element Should Be Enabled</arg>
<arg>${REMOVE_BTN}</arg>
<doc>Runs the specified keyword and returns the status as a Boolean value.</doc>
<status status="PASS" start="2026-02-23T16:41:21.004029" elapsed="0.030339"/>
</kw>
<if>
<branch type="IF" condition="not ${remove_enabled}">
<kw name="Log To Console" owner="BuiltIn">
<arg>⚠️ Remove button not enabled. Skipping...</arg>
<doc>Logs the given message to the console.</doc>
<status status="NOT RUN" start="2026-02-23T16:41:21.035412" elapsed="0.000000"/>
</kw>
<kw name="Return From Keyword" owner="BuiltIn">
<doc>Returns from the enclosing user keyword.</doc>
<status status="NOT RUN" start="2026-02-23T16:41:21.035412" elapsed="0.000000"/>
</kw>
<status status="NOT RUN" start="2026-02-23T16:41:21.034368" elapsed="0.001044"/>
</branch>
<status status="PASS" start="2026-02-23T16:41:21.034368" elapsed="0.002286"/>
</if>
<kw name="Click Element" owner="SeleniumLibrary">
<msg time="2026-02-23T16:41:21.037678" level="INFO">Clicking element 'xpath=//*[@id="content"]/form/div/table/tbody/tr/td[4]/div/div/button[2]'.</msg>
<arg>${REMOVE_BTN}</arg>
<doc>Click the element identified by ``locator``.</doc>
<status status="PASS" start="2026-02-23T16:41:21.036654" elapsed="0.078832"/>
</kw>
<kw name="Sleep" owner="BuiltIn">
<msg time="2026-02-23T16:41:23.116932" level="INFO">Slept 2 seconds.</msg>
<arg>2s</arg>
<doc>Pauses the test executed for the given time.</doc>
<status status="PASS" start="2026-02-23T16:41:21.115486" elapsed="2.001446"/>
</kw>
<kw name="Run Keyword And Return Status" owner="BuiltIn">
<kw name="Wait Until Page Contains" owner="SeleniumLibrary">
<arg>Your shopping cart is empty!</arg>
<arg>5s</arg>
<doc>Waits until ``text`` appears on the current page.</doc>
<status status="PASS" start="2026-02-23T16:41:23.118443" elapsed="0.018443"/>
</kw>
<msg time="2026-02-23T16:41:23.136886" level="INFO">${empty_cart} = True</msg>
<var>${empty_cart}</var>
<arg>Wait Until Page Contains</arg>
<arg>Your shopping cart is empty!</arg>
<arg>5s</arg>
<doc>Runs the specified keyword and returns the status as a Boolean value.</doc>
<status status="PASS" start="2026-02-23T16:41:23.117438" elapsed="0.019448"/>
</kw>
<if>
<branch type="IF" condition="${empty_cart}">
<kw name="Log To Console" owner="BuiltIn">
<arg>✅ Item Removed Successfully and Cart is Empty</arg>
<doc>Logs the given message to the console.</doc>
<status status="PASS" start="2026-02-23T16:41:23.136886" elapsed="0.001000"/>
</kw>
<status status="PASS" start="2026-02-23T16:41:23.136886" elapsed="0.001000"/>
</branch>
<branch type="ELSE">
<kw name="Log To Console" owner="BuiltIn">
<arg>⚠️ Cart empty message not shown.</arg>
<doc>Logs the given message to the console.</doc>
<status status="NOT RUN" start="2026-02-23T16:41:23.137886" elapsed="0.000000"/>
</kw>
<status status="NOT RUN" start="2026-02-23T16:41:23.137886" elapsed="0.000000"/>
</branch>
<status status="PASS" start="2026-02-23T16:41:23.136886" elapsed="0.001000"/>
</if>
<status status="PASS" start="2026-02-23T16:41:16.138557" elapsed="6.999329"/>
</kw>
<kw name="Logout User Successfully" owner="logout_keywords">
<kw name="Wait Until Element Is Visible" owner="SeleniumLibrary">
<arg>${MY_ACCOUNT_MENU}</arg>
<doc>Waits until the element ``locator`` is visible.</doc>
<status status="PASS" start="2026-02-23T16:41:23.139038" elapsed="0.015320"/>
</kw>
<kw name="Click Element" owner="SeleniumLibrary">
<msg time="2026-02-23T16:41:23.155809" level="INFO">Clicking element 'xpath=//a[contains(@href,"route=account/account") and contains(@class,"dropdown-toggle")]'.</msg>
<arg>${MY_ACCOUNT_MENU}</arg>
<doc>Click the element identified by ``locator``.</doc>
<status status="PASS" start="2026-02-23T16:41:23.154358" elapsed="0.778300"/>
</kw>
<kw name="Sleep" owner="BuiltIn">
<msg time="2026-02-23T16:41:24.932793" level="INFO">Slept 1 second.</msg>
<arg>1s</arg>
<doc>Pauses the test executed for the given time.</doc>
<status status="PASS" start="2026-02-23T16:41:23.932658" elapsed="1.000135"/>
</kw>
<kw name="Wait Until Element Is Visible" owner="SeleniumLibrary">
<arg>${LOGOUT_LINK}</arg>
<doc>Waits until the element ``locator`` is visible.</doc>
<status status="PASS" start="2026-02-23T16:41:24.932793" elapsed="0.011969"/>
</kw>
<kw name="Element Should Be Visible" owner="SeleniumLibrary">
<msg time="2026-02-23T16:41:24.957771" level="INFO">Element 'xpath=//a[contains(@href,"route=account/logout") and contains(text(),"Logout")]' is displayed.</msg>
<arg>${LOGOUT_LINK}</arg>
<doc>Verifies that the element identified by ``locator`` is visible.</doc>
<status status="PASS" start="2026-02-23T16:41:24.944762" elapsed="0.013009"/>
</kw>
<kw name="Click Element" owner="SeleniumLibrary">
<msg time="2026-02-23T16:41:24.958771" level="INFO">Clicking element 'xpath=//a[contains(@href,"route=account/logout") and contains(text(),"Logout")]'.</msg>
<arg>${LOGOUT_LINK}</arg>
<doc>Click the element identified by ``locator``.</doc>
<status status="PASS" start="2026-02-23T16:41:24.957771" elapsed="1.064443"/>
</kw>
<kw name="Wait Until Element Is Visible" owner="SeleniumLibrary">
<arg>${LOGOUT_TEXT}</arg>
<doc>Waits until the element ``locator`` is visible.</doc>
<status status="PASS" start="2026-02-23T16:41:26.022214" elapsed="0.029043"/>
</kw>
<kw name="Element Should Be Visible" owner="SeleniumLibrary">
<msg time="2026-02-23T16:41:26.066981" level="INFO">Element 'xpath=//h1[contains(text(),"Account Logout")]' is displayed.</msg>
<arg>${LOGOUT_TEXT}</arg>
<doc>Verifies that the element identified by ``locator`` is visible.</doc>
<status status="PASS" start="2026-02-23T16:41:26.052258" elapsed="0.014723"/>
</kw>
<kw name="Page Should Contain" owner="SeleniumLibrary">
<msg time="2026-02-23T16:41:26.075285" level="INFO">Current page contains text 'Account Logout'.</msg>
<arg>Account Logout</arg>
<doc>Verifies that current page contains ``text``.</doc>
<status status="PASS" start="2026-02-23T16:41:26.067981" elapsed="0.007304"/>
</kw>
<kw name="Location Should Contain" owner="SeleniumLibrary">
<msg time="2026-02-23T16:41:26.079031" level="INFO">Current location contains 'route=account/logout'.</msg>
<arg>route=account/logout</arg>
<doc>Verifies that the current URL contains ``expected``.</doc>
<status status="PASS" start="2026-02-23T16:41:26.075285" elapsed="0.003746"/>
</kw>
<kw name="Log To Console" owner="BuiltIn">
<arg>Logout Completed Successfully</arg>
<doc>Logs the given message to the console.</doc>
<status status="PASS" start="2026-02-23T16:41:26.080045" elapsed="0.001020"/>
</kw>
<status status="PASS" start="2026-02-23T16:41:23.137886" elapsed="2.943179"/>
</kw>
<arg>firstname=Abhi</arg>
<arg>lastname=Ram</arg>
<arg>phone=9876543210</arg>
<arg>password=Abhi@123</arg>
<arg>product=HP</arg>
<status status="PASS" start="2026-02-23T16:40:44.059682" elapsed="42.021383"/>
</kw>
<kw name="Capture Screenshot On Failure" owner="common" type="TEARDOWN">
<kw name="Run Keyword If Test Failed" owner="BuiltIn">
<arg>Capture Page Screenshot</arg>
<doc>Runs the given keyword with the given arguments, if the test failed.</doc>
<status status="PASS" start="2026-02-23T16:41:26.082078" elapsed="0.000000"/>
</kw>
<status status="PASS" start="2026-02-23T16:41:26.082078" elapsed="0.000000"/>
</kw>
<status status="PASS" start="2026-02-23T16:40:44.056682" elapsed="42.026420"/>
</test>
<test id="s1-s1-t2" name="end to end test for user- mohan rupesh" line="25">
<kw name="end to end flow">
<kw name="Register New User" owner="register_keywords">
<kw name="Go To" owner="SeleniumLibrary">
<msg time="2026-02-23T16:41:26.088896" level="INFO">Opening url 'https://ecommerce-playground.lambdatest.io/index.php'</msg>
<arg>${BASE_URL}</arg>
<doc>Navigates the current browser window to the provided ``url``.</doc>
<status status="PASS" start="2026-02-23T16:41:26.087870" elapsed="0.817667"/>
</kw>
<kw name="Title Should Be" owner="SeleniumLibrary">
<msg time="2026-02-23T16:41:26.990152" level="INFO">Page title is 'Your Store'.</msg>
<arg>Your Store</arg>
<doc>Verifies that the current page title equals ``title``.</doc>
<status status="PASS" start="2026-02-23T16:41:26.906545" elapsed="0.084804"/>
</kw>
<kw name="Page Should Contain" owner="SeleniumLibrary">
<msg time="2026-02-23T16:41:27.012626" level="INFO">Current page contains text 'My account'.</msg>
<arg>My account</arg>
<doc>Verifies that current page contains ``text``.</doc>
<status status="PASS" start="2026-02-23T16:41:26.991349" elapsed="0.021277"/>
</kw>
<kw name="Wait Until Element Is Visible" owner="SeleniumLibrary">
<arg>${MY_ACCOUNT_MENU}</arg>
<doc>Waits until the element ``locator`` is visible.</doc>
<status status="PASS" start="2026-02-23T16:41:27.012626" elapsed="0.022585"/>
</kw>
<kw name="Click Element" owner="SeleniumLibrary">
<msg time="2026-02-23T16:41:27.035719" level="INFO">Clicking element 'xpath=//a[contains(@href,"route=account/account") and contains(@class,"dropdown-toggle")]'.</msg>
<arg>${MY_ACCOUNT_MENU}</arg>
<doc>Click the element identified by ``locator``.</doc>
<status status="PASS" start="2026-02-23T16:41:27.035719" elapsed="0.824844"/>
</kw>
<kw name="Sleep" owner="BuiltIn">
<msg time="2026-02-23T16:41:28.861003" level="INFO">Slept 1 second.</msg>
<arg>1s</arg>
<doc>Pauses the test executed for the given time.</doc>
<status status="PASS" start="2026-02-23T16:41:27.860563" elapsed="1.000440"/>
</kw>
<kw name="Wait Until Element Is Visible" owner="SeleniumLibrary">
<arg>${REGISTER_LINK}</arg>
<doc>Waits until the element ``locator`` is visible.</doc>
<status status="PASS" start="2026-02-23T16:41:28.861003" elapsed="0.020389"/>
</kw>
<kw name="Click Element" owner="SeleniumLibrary">
<msg time="2026-02-23T16:41:28.882411" level="INFO">Clicking element 'xpath=//a[contains(@href,"route=account/register") and contains(text(),"Register")]'.</msg>
<arg>${REGISTER_LINK}</arg>
<doc>Click the element identified by ``locator``.</doc>
<status status="PASS" start="2026-02-23T16:41:28.882411" elapsed="10.496270"/>
</kw>
<kw name="Wait Until Page Contains" owner="SeleniumLibrary">
<arg>Register Account</arg>
<doc>Waits until ``text`` appears on the current page.</doc>
<status status="PASS" start="2026-02-23T16:41:39.378681" elapsed="0.041712"/>
</kw>
<kw name="Location Should Contain" owner="SeleniumLibrary">
<msg time="2026-02-23T16:41:39.428717" level="INFO">Current location contains 'route=account/register'.</msg>
<arg>route=account/register</arg>
<doc>Verifies that the current URL contains ``expected``.</doc>
<status status="PASS" start="2026-02-23T16:41:39.421799" elapsed="0.008118"/>
</kw>
<status status="PASS" start="2026-02-23T16:41:26.087870" elapsed="13.342047"/>
</kw>
<kw name="input firstname" owner="register_keywords">
<kw name="Input Text" owner="SeleniumLibrary">
<msg time="2026-02-23T16:41:39.430427" level="INFO">Typing text 'mohan' into text field 'id=input-firstname'.</msg>
<arg>${FIRSTNAME_INPUT}</arg>
<arg>${firstname}</arg>
<doc>Types the given ``text`` into the text field identified by ``locator``.</doc>
<status status="PASS" start="2026-02-23T16:41:39.430427" elapsed="0.181842"/>
</kw>
<arg>${firstname}</arg>
<status status="PASS" start="2026-02-23T16:41:39.429917" elapsed="0.182352"/>
</kw>
<kw name="input lastname" owner="register_keywords">
<kw name="Input Text" owner="SeleniumLibrary">
<msg time="2026-02-23T16:41:39.613891" level="INFO">Typing text 'rupesh' into text field 'id=input-lastname'.</msg>
<arg>${LASTNAME_INPUT}</arg>
<arg>${lastname}</arg>
<doc>Types the given ``text`` into the text field identified by ``locator``.</doc>
<status status="PASS" start="2026-02-23T16:41:39.613386" elapsed="0.082941"/>
</kw>
<arg>${lastname}</arg>
<status status="PASS" start="2026-02-23T16:41:39.612269" elapsed="0.085058"/>
</kw>
<kw name="input email" owner="register_keywords">
<kw name="Generate Unique Email" owner="email_generator">
<kw name="Generate Random String" owner="String">
<msg time="2026-02-23T16:41:39.698326" level="INFO">${random} = 7516</msg>
<var>${random}</var>
<arg>4</arg>
<arg>0123456789</arg>
<doc>Generates a string with a desired ``length`` from the given ``chars``.</doc>
<status status="PASS" start="2026-02-23T16:41:39.698326" elapsed="0.000000"/>
</kw>
<kw name="Set Variable" owner="BuiltIn">
<msg time="2026-02-23T16:41:39.699325" level="INFO">${email} = test_user_7516@gmail.com</msg>
<var>${email}</var>
<arg>test_user_${random}@gmail.com</arg>
<doc>Returns the given values which can then be assigned to a variables.</doc>
<status status="PASS" start="2026-02-23T16:41:39.698326" elapsed="0.000999"/>
</kw>
<kw name="Set Suite Variable" owner="BuiltIn">
<msg time="2026-02-23T16:41:39.699325" level="INFO">${EMAIL} = test_user_7516@gmail.com</msg>
<arg>${EMAIL}</arg>
<arg>${email}</arg>
<doc>Makes a variable available everywhere within the scope of the current suite.</doc>
<status status="PASS" start="2026-02-23T16:41:39.699325" elapsed="0.001001"/>
</kw>
<kw name="Log To Console" owner="BuiltIn">
<arg>Dynamic Email Generated: ${EMAIL}</arg>
<doc>Logs the given message to the console.</doc>
<status status="PASS" start="2026-02-23T16:41:39.700326" elapsed="0.000000"/>
</kw>
<status status="PASS" start="2026-02-23T16:41:39.698326" elapsed="0.002000"/>
</kw>
<kw name="Log To Console" owner="BuiltIn">
<arg>Registering with Email: ${EMAIL}</arg>
<doc>Logs the given message to the console.</doc>
<status status="PASS" start="2026-02-23T16:41:39.700326" elapsed="0.000000"/>
</kw>
<kw name="Input Text" owner="SeleniumLibrary">
<msg time="2026-02-23T16:41:39.701613" level="INFO">Typing text 'test_user_7516@gmail.com' into text field 'id=input-email'.</msg>
<arg>${EMAIL_INPUT}</arg>
<arg>${EMAIL}</arg>
<doc>Types the given ``text`` into the text field identified by ``locator``.</doc>
<status status="PASS" start="2026-02-23T16:41:39.701613" elapsed="0.080705"/>
</kw>
<status status="PASS" start="2026-02-23T16:41:39.697327" elapsed="0.084991"/>
</kw>
<kw name="input phone" owner="register_keywords">
<kw name="Input Text" owner="SeleniumLibrary">
<msg time="2026-02-23T16:41:39.784142" level="INFO">Typing text '9123456789' into text field 'id=input-telephone'.</msg>
<arg>${PHONE_INPUT}</arg>
<arg>${phone}</arg>
<doc>Types the given ``text`` into the text field identified by ``locator``.</doc>
<status status="PASS" start="2026-02-23T16:41:39.783632" elapsed="0.064572"/>
</kw>
<arg>${phone}</arg>
<status status="PASS" start="2026-02-23T16:41:39.783632" elapsed="0.064572"/>
</kw>
<kw name="input password" owner="register_keywords">
<kw name="Input Text" owner="SeleniumLibrary">
<msg time="2026-02-23T16:41:39.849634" level="INFO">Typing text 'Rupesh@123' into text field 'id=input-password'.</msg>
<arg>${PASSWORD_INPUT}</arg>
<arg>${password}</arg>
<doc>Types the given ``text`` into the text field identified by ``locator``.</doc>
<status status="PASS" start="2026-02-23T16:41:39.848204" elapsed="0.087014"/>
</kw>
<kw name="Input Text" owner="SeleniumLibrary">
<msg time="2026-02-23T16:41:39.935218" level="INFO">Typing text 'Rupesh@123' into text field 'id=input-confirm'.</msg>
<arg>${CONFIRM_INPUT}</arg>
<arg>${password}</arg>
<doc>Types the given ``text`` into the text field identified by ``locator``.</doc>
<status status="PASS" start="2026-02-23T16:41:39.935218" elapsed="0.102105"/>
</kw>
<kw name="Textfield Value Should Be" owner="SeleniumLibrary">
<msg time="2026-02-23T16:41:40.061932" level="INFO">Content of text field 'id=input-confirm' is 'Rupesh@123'.</msg>
<arg>${CONFIRM_INPUT}</arg>
<arg>${password}</arg>
<doc>Verifies text field ``locator`` has exactly text ``expected``.</doc>
<status status="PASS" start="2026-02-23T16:41:40.037323" elapsed="0.024609"/>
</kw>
<arg>${password}</arg>
<status status="PASS" start="2026-02-23T16:41:39.848204" elapsed="0.213728"/>
</kw>
<kw name="click agree" owner="register_keywords">
<kw name="Click Element" owner="SeleniumLibrary">
<msg time="2026-02-23T16:41:40.063998" level="INFO">Clicking element 'xpath=//label[@for="input-agree"]'.</msg>
<arg>${AGREE_LABEL}</arg>
<doc>Click the element identified by ``locator``.</doc>
<status status="PASS" start="2026-02-23T16:41:40.062987" elapsed="0.055813"/>
</kw>
<kw name="Checkbox Should Be Selected" owner="SeleniumLibrary">
<msg time="2026-02-23T16:41:40.119306" level="INFO">Verifying checkbox 'id=input-agree' is selected.</msg>
<arg>id=input-agree</arg>
<doc>Verifies checkbox ``locator`` is selected/checked.</doc>
<status status="PASS" start="2026-02-23T16:41:40.118800" elapsed="0.043215"/>
</kw>
<status status="PASS" start="2026-02-23T16:41:40.062987" elapsed="0.099028"/>
</kw>
<kw name="click continue" owner="register_keywords">
<kw name="Scroll Element Into View" owner="SeleniumLibrary">
<arg>${CONTINUE_BUTTON}</arg>
<doc>Scrolls the element identified by ``locator`` into view.</doc>
<status status="PASS" start="2026-02-23T16:41:40.164025" elapsed="0.290038"/>
</kw>
<kw name="Click Button" owner="SeleniumLibrary">
<msg time="2026-02-23T16:41:40.454063" level="INFO">Clicking button 'css=input.btn.btn-primary[type="submit"][value="Continue"]'.</msg>
<arg>${CONTINUE_BUTTON}</arg>
<doc>Clicks the button identified by ``locator``.</doc>
<status status="PASS" start="2026-02-23T16:41:40.454063" elapsed="0.064463"/>
</kw>
<kw name="Wait Until Element Is Visible" owner="SeleniumLibrary">
<arg>${SUCCESS_TEXT}</arg>
<doc>Waits until the element ``locator`` is visible.</doc>
<status status="PASS" start="2026-02-23T16:41:40.518526" elapsed="1.342459"/>
</kw>
<kw name="Page Should Contain" owner="SeleniumLibrary">
<msg time="2026-02-23T16:41:41.875502" level="INFO">Current page contains text 'Your Account Has Been Created'.</msg>
<arg>Your Account Has Been Created</arg>
<doc>Verifies that current page contains ``text``.</doc>
<status status="PASS" start="2026-02-23T16:41:41.862005" elapsed="0.013497"/>
</kw>
<kw name="Log To Console" owner="BuiltIn">
<arg>Registration Completed Successfully for ${firstname}</arg>
<doc>Logs the given message to the console.</doc>
<status status="PASS" start="2026-02-23T16:41:41.875502" elapsed="0.001076"/>
</kw>
<status status="PASS" start="2026-02-23T16:41:40.163020" elapsed="1.713558"/>
</kw>
<kw name="click logout" owner="register_keywords">
<kw name="Logout User Successfully" owner="logout_keywords">
<kw name="Wait Until Element Is Visible" owner="SeleniumLibrary">
<arg>${MY_ACCOUNT_MENU}</arg>
<doc>Waits until the element ``locator`` is visible.</doc>
<status status="PASS" start="2026-02-23T16:41:41.878624" elapsed="0.020680"/>
</kw>
<kw name="Click Element" owner="SeleniumLibrary">
<msg time="2026-02-23T16:41:41.900304" level="INFO">Clicking element 'xpath=//a[contains(@href,"route=account/account") and contains(@class,"dropdown-toggle")]'.</msg>
<arg>${MY_ACCOUNT_MENU}</arg>
<doc>Click the element identified by ``locator``.</doc>
<status status="PASS" start="2026-02-23T16:41:41.899304" elapsed="0.735071"/>
</kw>
<kw name="Sleep" owner="BuiltIn">
<msg time="2026-02-23T16:41:43.634593" level="INFO">Slept 1 second.</msg>
<arg>1s</arg>
<doc>Pauses the test executed for the given time.</doc>
<status status="PASS" start="2026-02-23T16:41:42.634375" elapsed="1.000218"/>
</kw>
<kw name="Wait Until Element Is Visible" owner="SeleniumLibrary">
<arg>${LOGOUT_LINK}</arg>
<doc>Waits until the element ``locator`` is visible.</doc>
<status status="PASS" start="2026-02-23T16:41:43.634593" elapsed="0.035396"/>
</kw>
<kw name="Element Should Be Visible" owner="SeleniumLibrary">
<msg time="2026-02-23T16:41:43.688284" level="INFO">Element 'xpath=//a[contains(@href,"route=account/logout") and contains(text(),"Logout")]' is displayed.</msg>
<arg>${LOGOUT_LINK}</arg>
<doc>Verifies that the element identified by ``locator`` is visible.</doc>
<status status="PASS" start="2026-02-23T16:41:43.669989" elapsed="0.018295"/>
</kw>
<kw name="Click Element" owner="SeleniumLibrary">
<msg time="2026-02-23T16:41:43.689283" level="INFO">Clicking element 'xpath=//a[contains(@href,"route=account/logout") and contains(text(),"Logout")]'.</msg>
<arg>${LOGOUT_LINK}</arg>
<doc>Click the element identified by ``locator``.</doc>
<status status="PASS" start="2026-02-23T16:41:43.689283" elapsed="1.063145"/>
</kw>
<kw name="Wait Until Element Is Visible" owner="SeleniumLibrary">
<arg>${LOGOUT_TEXT}</arg>
<doc>Waits until the element ``locator`` is visible.</doc>
<status status="PASS" start="2026-02-23T16:41:44.752428" elapsed="0.052157"/>
</kw>
<kw name="Element Should Be Visible" owner="SeleniumLibrary">
<msg time="2026-02-23T16:41:44.822571" level="INFO">Element 'xpath=//h1[contains(text(),"Account Logout")]' is displayed.</msg>
<arg>${LOGOUT_TEXT}</arg>
<doc>Verifies that the element identified by ``locator`` is visible.</doc>
<status status="PASS" start="2026-02-23T16:41:44.804585" elapsed="0.017986"/>
</kw>
<kw name="Page Should Contain" owner="SeleniumLibrary">
<msg time="2026-02-23T16:41:44.835503" level="INFO">Current page contains text 'Account Logout'.</msg>
<arg>Account Logout</arg>
<doc>Verifies that current page contains ``text``.</doc>
<status status="PASS" start="2026-02-23T16:41:44.822571" elapsed="0.012932"/>
</kw>
<kw name="Location Should Contain" owner="SeleniumLibrary">
<msg time="2026-02-23T16:41:44.839953" level="INFO">Current location contains 'route=account/logout'.</msg>
<arg>route=account/logout</arg>
<doc>Verifies that the current URL contains ``expected``.</doc>
<status status="PASS" start="2026-02-23T16:41:44.836914" elapsed="0.003039"/>
</kw>
<kw name="Log To Console" owner="BuiltIn">
<arg>Logout Completed Successfully</arg>
<doc>Logs the given message to the console.</doc>
<status status="PASS" start="2026-02-23T16:41:44.839953" elapsed="0.001034"/>
</kw>
<status status="PASS" start="2026-02-23T16:41:41.877590" elapsed="2.963397"/>
</kw>
<status status="PASS" start="2026-02-23T16:41:41.877590" elapsed="2.963397"/>
</kw>
<kw name="Login User Successfully" owner="login_keywords">
<kw name="Go To" owner="SeleniumLibrary">
<msg time="2026-02-23T16:41:44.842113" level="INFO">Opening url 'https://ecommerce-playground.lambdatest.io/index.php'</msg>
<arg>${BASE_URL}</arg>
<doc>Navigates the current browser window to the provided ``url``.</doc>
<status status="PASS" start="2026-02-23T16:41:44.842113" elapsed="0.902059"/>
</kw>
<kw name="Page Should Contain" owner="SeleniumLibrary">
<msg time="2026-02-23T16:41:45.768398" level="INFO">Current page contains text 'My account'.</msg>
<arg>My account</arg>
<doc>Verifies that current page contains ``text``.</doc>
<status status="PASS" start="2026-02-23T16:41:45.744172" elapsed="0.024226"/>
</kw>
<kw name="Wait Until Element Is Visible" owner="SeleniumLibrary">
<arg>${MY_ACCOUNT_MENU}</arg>
<doc>Waits until the element ``locator`` is visible.</doc>
<status status="PASS" start="2026-02-23T16:41:45.769576" elapsed="0.024750"/>
</kw>
<kw name="Click Element" owner="SeleniumLibrary">
<msg time="2026-02-23T16:41:45.795380" level="INFO">Clicking element 'xpath=//a[contains(@href,"route=account/account") and contains(@class,"dropdown-toggle")]'.</msg>
<arg>${MY_ACCOUNT_MENU}</arg>
<doc>Click the element identified by ``locator``.</doc>
<status status="PASS" start="2026-02-23T16:41:45.795380" elapsed="0.786597"/>
</kw>
<kw name="Sleep" owner="BuiltIn">
<msg time="2026-02-23T16:41:47.584056" level="INFO">Slept 1 second.</msg>
<arg>1s</arg>
<doc>Pauses the test executed for the given time.</doc>
<status status="PASS" start="2026-02-23T16:41:46.581977" elapsed="1.002079"/>
</kw>
<kw name="Wait Until Element Is Visible" owner="SeleniumLibrary">
<arg>${LOGIN_LINK}</arg>
<doc>Waits until the element ``locator`` is visible.</doc>
<status status="PASS" start="2026-02-23T16:41:47.584056" elapsed="0.018411"/>
</kw>
<kw name="Click Element" owner="SeleniumLibrary">
<msg time="2026-02-23T16:41:47.603987" level="INFO">Clicking element 'xpath=//a[contains(@href,"route=account/login") and contains(text(),"Login")]'.</msg>
<arg>${LOGIN_LINK}</arg>
<doc>Click the element identified by ``locator``.</doc>
<status status="PASS" start="2026-02-23T16:41:47.602467" elapsed="0.731357"/>
</kw>
<kw name="Wait Until Page Contains" owner="SeleniumLibrary">
<arg>Account Login</arg>
<doc>Waits until ``text`` appears on the current page.</doc>
<status status="PASS" start="2026-02-23T16:41:48.334332" elapsed="0.021916"/>
</kw>
<kw name="Location Should Contain" owner="SeleniumLibrary">
<msg time="2026-02-23T16:41:48.361261" level="INFO">Current location contains 'route=account/login'.</msg>
<arg>route=account/login</arg>
<doc>Verifies that the current URL contains ``expected``.</doc>
<status status="PASS" start="2026-02-23T16:41:48.357262" elapsed="0.003999"/>
</kw>
<kw name="Log To Console" owner="BuiltIn">
<arg>Logging in with Email: ${EMAIL}</arg>
<doc>Logs the given message to the console.</doc>
<status status="PASS" start="2026-02-23T16:41:48.361261" elapsed="0.001005"/>
</kw>
<kw name="Input Text" owner="SeleniumLibrary">
<msg time="2026-02-23T16:41:48.362266" level="INFO">Typing text 'test_user_7516@gmail.com' into text field 'id=input-email'.</msg>
<arg>${EMAIL_INPUT}</arg>
<arg>${EMAIL}</arg>
<doc>Types the given ``text`` into the text field identified by ``locator``.</doc>
<status status="PASS" start="2026-02-23T16:41:48.362266" elapsed="0.092279"/>
</kw>
<kw name="Input Text" owner="SeleniumLibrary">
<msg time="2026-02-23T16:41:48.455549" level="INFO">Typing text 'Rupesh@123' into text field 'id=input-password'.</msg>
<arg>${PASSWORD_INPUT}</arg>
<arg>${password}</arg>
<doc>Types the given ``text`` into the text field identified by ``locator``.</doc>
<status status="PASS" start="2026-02-23T16:41:48.454545" elapsed="0.114249"/>
</kw>
<kw name="Click Button" owner="SeleniumLibrary">
<msg time="2026-02-23T16:41:48.569795" level="INFO">Clicking button 'css=input.btn.btn-primary[value="Login"]'.</msg>
<arg>${LOGIN_BUTTON}</arg>
<doc>Clicks the button identified by ``locator``.</doc>
<status status="PASS" start="2026-02-23T16:41:48.568794" elapsed="0.099134"/>
</kw>
<kw name="Wait Until Page Contains" owner="SeleniumLibrary">
<arg>My Account</arg>
<doc>Waits until ``text`` appears on the current page.</doc>
<status status="PASS" start="2026-02-23T16:41:48.668945" elapsed="1.087779"/>
</kw>
<kw name="Wait Until Element Is Visible" owner="SeleniumLibrary">
<arg>${MY_ACCOUNT_HEADING}</arg>
<doc>Waits until the element ``locator`` is visible.</doc>
<status status="PASS" start="2026-02-23T16:41:49.756724" elapsed="0.019021"/>
</kw>
<kw name="Page Should Contain" owner="SeleniumLibrary">
<msg time="2026-02-23T16:41:49.784107" level="INFO">Current page contains text 'My Account'.</msg>
<arg>My Account</arg>
<doc>Verifies that current page contains ``text``.</doc>
<status status="PASS" start="2026-02-23T16:41:49.775745" elapsed="0.008869"/>
</kw>
<kw name="Location Should Contain" owner="SeleniumLibrary">
<msg time="2026-02-23T16:41:49.789334" level="INFO">Current location contains 'route=account/account'.</msg>
<arg>route=account/account</arg>
<doc>Verifies that the current URL contains ``expected``.</doc>
<status status="PASS" start="2026-02-23T16:41:49.784614" elapsed="0.004720"/>
</kw>
<kw name="Log To Console" owner="BuiltIn">
<arg>Login Successful After Logout</arg>
<doc>Logs the given message to the console.</doc>
<status status="PASS" start="2026-02-23T16:41:49.790347" elapsed="0.000000"/>
</kw>
<arg>${password}</arg>
<status status="PASS" start="2026-02-23T16:41:44.840987" elapsed="4.950358"/>
</kw>
<kw name="Search Products" owner="search_keywords">
<kw name="Go To" owner="SeleniumLibrary">
<msg time="2026-02-23T16:41:49.792402" level="INFO">Opening url 'https://ecommerce-playground.lambdatest.io/index.php'</msg>
<arg>${BASE_URL}</arg>
<doc>Navigates the current browser window to the provided ``url``.</doc>
<status status="PASS" start="2026-02-23T16:41:49.792402" elapsed="0.803022"/>
</kw>
<kw name="Location Should Contain" owner="SeleniumLibrary">
<msg time="2026-02-23T16:41:50.678621" level="INFO">Current location contains 'index.php'.</msg>
<arg>index.php</arg>
<doc>Verifies that the current URL contains ``expected``.</doc>
<status status="PASS" start="2026-02-23T16:41:50.595424" elapsed="0.083197"/>
</kw>
<kw name="Page Should Contain" owner="SeleniumLibrary">
<msg time="2026-02-23T16:41:50.695859" level="INFO">Current page contains text 'Search'.</msg>
<arg>Search</arg>
<doc>Verifies that current page contains ``text``.</doc>
<status status="PASS" start="2026-02-23T16:41:50.678621" elapsed="0.017238"/>
</kw>
<kw name="Wait Until Element Is Visible" owner="SeleniumLibrary">
<arg>${SEARCH_BOX}</arg>
<doc>Waits until the element ``locator`` is visible.</doc>
<status status="PASS" start="2026-02-23T16:41:50.696924" elapsed="0.015117"/>
</kw>
<kw name="Element Should Be Visible" owner="SeleniumLibrary">
<msg time="2026-02-23T16:41:50.730129" level="INFO">Element 'name=search' is displayed.</msg>
<arg>${SEARCH_BOX}</arg>
<doc>Verifies that the element identified by ``locator`` is visible.</doc>
<status status="PASS" start="2026-02-23T16:41:50.712041" elapsed="0.019144"/>
</kw>
<kw name="Element Should Be Enabled" owner="SeleniumLibrary">
<arg>${SEARCH_BOX}</arg>
<doc>Verifies that element identified by ``locator`` is enabled.</doc>
<status status="PASS" start="2026-02-23T16:41:50.731185" elapsed="0.022100"/>
</kw>
<status status="PASS" start="2026-02-23T16:41:49.791345" elapsed="0.962953"/>
</kw>
<kw name="input search" owner="search_keywords">
<kw name="Clear Element Text" owner="SeleniumLibrary">
<arg>${SEARCH_BOX}</arg>
<doc>Clears the value of the text-input-element identified by ``locator``.</doc>
<status status="PASS" start="2026-02-23T16:41:50.755868" elapsed="0.036771"/>
</kw>
<kw name="Input Text" owner="SeleniumLibrary">
<msg time="2026-02-23T16:41:50.794160" level="INFO">Typing text 'nikon d300' into text field 'name=search'.</msg>
<arg>${SEARCH_BOX}</arg>
<arg>${product}</arg>
<doc>Types the given ``text`` into the text field identified by ``locator``.</doc>
<status status="PASS" start="2026-02-23T16:41:50.792639" elapsed="0.108495"/>
</kw>
<kw name="Textfield Value Should Be" owner="SeleniumLibrary">
<msg time="2026-02-23T16:41:50.957030" level="INFO">Content of text field 'name=search' is 'nikon d300'.</msg>
<arg>${SEARCH_BOX}</arg>
<arg>${product}</arg>
<doc>Verifies text field ``locator`` has exactly text ``expected``.</doc>
<status status="PASS" start="2026-02-23T16:41:50.902129" elapsed="0.054901"/>
</kw>
<arg>${product}</arg>
<status status="PASS" start="2026-02-23T16:41:50.754824" elapsed="0.202206"/>
</kw>
<kw name="input enter" owner="search_keywords">
<kw name="Press Keys" owner="SeleniumLibrary">
<msg time="2026-02-23T16:41:50.957539" level="INFO">Sending key(s) ('ENTER',) to name=search element.</msg>
<msg time="2026-02-23T16:41:51.256539" level="INFO">Pressing special key ENTER to element.</msg>
<msg time="2026-02-23T16:41:51.256539" level="INFO">Releasing special key ENTER.</msg>
<arg>${SEARCH_BOX}</arg>
<arg>ENTER</arg>
<doc>Simulates the user pressing key(s) to an element or on the active browser.</doc>
<status status="PASS" start="2026-02-23T16:41:50.957539" elapsed="0.307021"/>
</kw>
<kw name="Sleep" owner="BuiltIn">
<msg time="2026-02-23T16:41:54.266671" level="INFO">Slept 3 seconds.</msg>
<arg>3s</arg>
<doc>Pauses the test executed for the given time.</doc>
<status status="PASS" start="2026-02-23T16:41:51.264560" elapsed="3.002111"/>
</kw>
<status status="PASS" start="2026-02-23T16:41:50.957539" elapsed="3.309746"/>
</kw>
<kw name="validation" owner="search_keywords">
<kw name="Wait Until Page Contains" owner="SeleniumLibrary">
<arg>Search</arg>
<doc>Waits until ``text`` appears on the current page.</doc>
<status status="PASS" start="2026-02-23T16:41:54.268296" elapsed="0.010517"/>
</kw>
<kw name="Page Should Contain Element" owner="SeleniumLibrary">
<msg time="2026-02-23T16:41:54.286353" level="INFO">Current page contains element 'xpath=(//div[contains(@class,"product-thumb")]//h4/a)[1]'.</msg>
<arg>${FIRST_PRODUCT}</arg>
<doc>Verifies that element ``locator`` is found on the current page.</doc>
<status status="PASS" start="2026-02-23T16:41:54.278813" elapsed="0.007540"/>
</kw>
<kw name="Page Should Contain" owner="SeleniumLibrary">
<msg time="2026-02-23T16:41:54.295091" level="INFO">Current page contains text 'HP'.</msg>
<arg>${PRODUCT_NAME}</arg>
<doc>Verifies that current page contains ``text``.</doc>
<status status="PASS" start="2026-02-23T16:41:54.286353" elapsed="0.008738"/>
</kw>
<kw name="Log To Console" owner="BuiltIn">
<arg>Product Search Completed Successfully!</arg>
<doc>Logs the given message to the console.</doc>
<status status="PASS" start="2026-02-23T16:41:54.295091" elapsed="0.001300"/>
</kw>
<status status="PASS" start="2026-02-23T16:41:54.267285" elapsed="0.029106"/>
</kw>
<kw name="Open First Product Details" owner="product_keywords">
<kw name="Wait Until Element Is Visible" owner="SeleniumLibrary">
<arg>${FIRST_PRODUCT}</arg>
<doc>Waits until the element ``locator`` is visible.</doc>
<status status="PASS" start="2026-02-23T16:41:54.296391" elapsed="0.011373"/>
</kw>
<kw name="Element Should Be Visible" owner="SeleniumLibrary">
<msg time="2026-02-23T16:41:54.320538" level="INFO">Element 'xpath=(//div[contains(@class,"product-thumb")]//h4/a)[1]' is displayed.</msg>
<arg>${FIRST_PRODUCT}</arg>
<doc>Verifies that the element identified by ``locator`` is visible.</doc>
<status status="PASS" start="2026-02-23T16:41:54.308781" elapsed="0.013018"/>
</kw>
<kw name="Element Should Be Enabled" owner="SeleniumLibrary">
<arg>${FIRST_PRODUCT}</arg>
<doc>Verifies that element identified by ``locator`` is enabled.</doc>
<status status="PASS" start="2026-02-23T16:41:54.321799" elapsed="0.014297"/>
</kw>
<kw name="Click Element" owner="SeleniumLibrary">
<msg time="2026-02-23T16:41:54.337116" level="INFO">Clicking element 'xpath=(//div[contains(@class,"product-thumb")]//h4/a)[1]'.</msg>
<arg>${FIRST_PRODUCT}</arg>
[...]
<doc>Returns from the enclosing user keyword.</doc>
<status status="NOT RUN" start="2026-02-23T16:43:55.921405" elapsed="0.000000"/>
</kw>
<status status="NOT RUN" start="2026-02-23T16:43:55.920388" elapsed="0.001017"/>
</branch>
<status status="PASS" start="2026-02-23T16:43:55.920388" elapsed="0.001017"/>
</if>
<kw name="Click Element" owner="SeleniumLibrary">
<msg time="2026-02-23T16:43:55.921405" level="INFO">Clicking element 'css=div#entry_216842 button[title='Add to Cart']'.</msg>
<arg>${ADD_TO_CART}</arg>
<doc>Click the element identified by ``locator``.</doc>
<status status="PASS" start="2026-02-23T16:43:55.921405" elapsed="0.044239"/>
</kw>
<kw name="Sleep" owner="BuiltIn">
<msg time="2026-02-23T16:43:58.967250" level="INFO">Slept 3 seconds.</msg>
<arg>3s</arg>
<doc>Pauses the test executed for the given time.</doc>
<status status="PASS" start="2026-02-23T16:43:55.966714" elapsed="3.000536"/>
</kw>
<kw name="Run Keyword And Return Status" owner="BuiltIn">
<kw name="Wait Until Element Is Visible" owner="SeleniumLibrary">
<arg>${CART_SUCCESS_MSG}</arg>
<arg>5s</arg>
<doc>Waits until the element ``locator`` is visible.</doc>
<status status="PASS" start="2026-02-23T16:43:58.969477" elapsed="0.016838"/>
</kw>
<msg time="2026-02-23T16:43:58.986315" level="INFO">${success} = True</msg>
<var>${success}</var>
<arg>Wait Until Element Is Visible</arg>
<arg>${CART_SUCCESS_MSG}</arg>
<arg>5s</arg>
<doc>Runs the specified keyword and returns the status as a Boolean value.</doc>
<status status="PASS" start="2026-02-23T16:43:58.968364" elapsed="0.018970"/>
</kw>
<if>
<branch type="IF" condition="not ${success}">
<kw name="Log To Console" owner="BuiltIn">
<arg>⚠️ No success message appeared. Product may not be added.</arg>
<doc>Logs the given message to the console.</doc>
<status status="NOT RUN" start="2026-02-23T16:43:58.987334" elapsed="0.000000"/>
</kw>
<kw name="Return From Keyword" owner="BuiltIn">
<doc>Returns from the enclosing user keyword.</doc>
<status status="NOT RUN" start="2026-02-23T16:43:58.987334" elapsed="0.000000"/>
</kw>
<status status="NOT RUN" start="2026-02-23T16:43:58.987334" elapsed="0.000000"/>
</branch>
<status status="PASS" start="2026-02-23T16:43:58.987334" elapsed="0.000000"/>
</if>
<kw name="Log To Console" owner="BuiltIn">
<arg>✅ Product Added To Cart Successfully!</arg>
<doc>Logs the given message to the console.</doc>
<status status="PASS" start="2026-02-23T16:43:58.987334" elapsed="0.001153"/>
</kw>
<kw name="Wait Until Element Is Visible" owner="SeleniumLibrary">
<arg>${VIEW_CART_BTN}</arg>
<doc>Waits until the element ``locator`` is visible.</doc>
<status status="PASS" start="2026-02-23T16:43:58.988487" elapsed="0.010304"/>
</kw>
<kw name="Element Should Be Visible" owner="SeleniumLibrary">
<msg time="2026-02-23T16:43:59.008593" level="INFO">Element 'xpath=//a[normalize-space()="View Cart"]' is displayed.</msg>
<arg>${VIEW_CART_BTN}</arg>
<doc>Verifies that the element identified by ``locator`` is visible.</doc>
<status status="PASS" start="2026-02-23T16:43:58.998791" elapsed="0.009802"/>
</kw>
<status status="PASS" start="2026-02-23T16:43:55.613154" elapsed="3.396764"/>
</kw>
<kw name="Update Cart Quantity And Remove Item" owner="cart_update_remove_keywords">
<kw name="Run Keyword And Return Status" owner="BuiltIn">
<kw name="Wait Until Element Is Visible" owner="SeleniumLibrary">
<arg>${VIEW_CART_BTN}</arg>
<arg>5s</arg>
<doc>Waits until the element ``locator`` is visible.</doc>
<status status="PASS" start="2026-02-23T16:43:59.009918" elapsed="0.012068"/>
</kw>
<msg time="2026-02-23T16:43:59.023476" level="INFO">${cart_visible} = True</msg>
<var>${cart_visible}</var>
<arg>Wait Until Element Is Visible</arg>
<arg>${VIEW_CART_BTN}</arg>
<arg>5s</arg>
<doc>Runs the specified keyword and returns the status as a Boolean value.</doc>
<status status="PASS" start="2026-02-23T16:43:59.009918" elapsed="0.013558"/>
</kw>
<if>
<branch type="IF" condition="not ${cart_visible}">
<kw name="Log To Console" owner="BuiltIn">
<arg>⚠️ View Cart button not available. Cart may be empty. Skipping Update/Remove...</arg>
<doc>Logs the given message to the console.</doc>
<status status="NOT RUN" start="2026-02-23T16:43:59.023476" elapsed="0.000000"/>
</kw>
<kw name="Return From Keyword" owner="BuiltIn">
<doc>Returns from the enclosing user keyword.</doc>
<status status="NOT RUN" start="2026-02-23T16:43:59.023476" elapsed="0.000000"/>
</kw>
<status status="NOT RUN" start="2026-02-23T16:43:59.023476" elapsed="0.000000"/>
</branch>
<status status="PASS" start="2026-02-23T16:43:59.023476" elapsed="0.001010"/>
</if>
<kw name="Click Element" owner="SeleniumLibrary">
<msg time="2026-02-23T16:43:59.024486" level="INFO">Clicking element 'xpath=//a[normalize-space()="View Cart"]'.</msg>
<arg>${VIEW_CART_BTN}</arg>
<doc>Click the element identified by ``locator``.</doc>
<status status="PASS" start="2026-02-23T16:43:59.024486" elapsed="0.772372"/>
</kw>
<kw name="Wait Until Element Is Visible" owner="SeleniumLibrary">
<arg>${CART_HEADING}</arg>
<arg>5s</arg>
<doc>Waits until the element ``locator`` is visible.</doc>
<status status="PASS" start="2026-02-23T16:43:59.796858" elapsed="0.018292"/>
</kw>
<kw name="Log To Console" owner="BuiltIn">
<arg>✅ Shopping Cart Page Opened</arg>
<doc>Logs the given message to the console.</doc>
<status status="PASS" start="2026-02-23T16:43:59.816167" elapsed="0.000000"/>
</kw>
<kw name="Run Keyword And Return Status" owner="BuiltIn">
<kw name="Wait Until Element Is Visible" owner="SeleniumLibrary">
<arg>${QTY_BOX}</arg>
<arg>5s</arg>
<doc>Waits until the element ``locator`` is visible.</doc>
<status status="PASS" start="2026-02-23T16:43:59.817209" elapsed="0.011557"/>
</kw>
<msg time="2026-02-23T16:43:59.829812" level="INFO">${qty_present} = True</msg>
<var>${qty_present}</var>
<arg>Wait Until Element Is Visible</arg>
<arg>${QTY_BOX}</arg>
<arg>5s</arg>
<doc>Runs the specified keyword and returns the status as a Boolean value.</doc>
<status status="PASS" start="2026-02-23T16:43:59.816167" elapsed="0.013645"/>
</kw>
<if>
<branch type="IF" condition="not ${qty_present}">
<kw name="Log To Console" owner="BuiltIn">
<arg>⚠️ No items found in cart. Skipping update/remove...</arg>
<doc>Logs the given message to the console.</doc>
<status status="NOT RUN" start="2026-02-23T16:43:59.829812" elapsed="0.000000"/>
</kw>
<kw name="Return From Keyword" owner="BuiltIn">
<doc>Returns from the enclosing user keyword.</doc>
<status status="NOT RUN" start="2026-02-23T16:43:59.829812" elapsed="0.000000"/>
</kw>
<status status="NOT RUN" start="2026-02-23T16:43:59.829812" elapsed="0.000000"/>
</branch>
<status status="PASS" start="2026-02-23T16:43:59.829812" elapsed="0.000000"/>
</if>
<kw name="Clear Element Text" owner="SeleniumLibrary">
<arg>${QTY_BOX}</arg>
<doc>Clears the value of the text-input-element identified by ``locator``.</doc>
<status status="PASS" start="2026-02-23T16:43:59.831184" elapsed="0.029130"/>
</kw>
<kw name="Input Text" owner="SeleniumLibrary">
<msg time="2026-02-23T16:43:59.861335" level="INFO">Typing text '2' into text field 'xpath=//input[contains(@name,"quantity")]'.</msg>
<arg>${QTY_BOX}</arg>
<arg>2</arg>
<doc>Types the given ``text`` into the text field identified by ``locator``.</doc>
<status status="PASS" start="2026-02-23T16:43:59.861335" elapsed="0.056189"/>
</kw>
<kw name="Textfield Value Should Be" owner="SeleniumLibrary">
<msg time="2026-02-23T16:43:59.939797" level="INFO">Content of text field 'xpath=//input[contains(@name,"quantity")]' is '2'.</msg>
<arg>${QTY_BOX}</arg>
<arg>2</arg>
<doc>Verifies text field ``locator`` has exactly text ``expected``.</doc>
<status status="PASS" start="2026-02-23T16:43:59.917524" elapsed="0.022273"/>
</kw>
<kw name="Run Keyword And Return Status" owner="BuiltIn">
<kw name="Element Should Be Enabled" owner="SeleniumLibrary">
<arg>${UPDATE_BTN}</arg>
<doc>Verifies that element identified by ``locator`` is enabled.</doc>
<status status="PASS" start="2026-02-23T16:43:59.939797" elapsed="0.019717"/>
</kw>
<msg time="2026-02-23T16:43:59.960531" level="INFO">${update_enabled} = True</msg>
<var>${update_enabled}</var>
<arg>Element Should Be Enabled</arg>
<arg>${UPDATE_BTN}</arg>
<doc>Runs the specified keyword and returns the status as a Boolean value.</doc>
<status status="PASS" start="2026-02-23T16:43:59.939797" elapsed="0.020734"/>
</kw>
<if>
<branch type="IF" condition="not ${update_enabled}">
<kw name="Log To Console" owner="BuiltIn">
<arg>⚠️ Update button not enabled. Skipping...</arg>
<doc>Logs the given message to the console.</doc>
<status status="NOT RUN" start="2026-02-23T16:43:59.960531" elapsed="0.001539"/>
</kw>
<kw name="Return From Keyword" owner="BuiltIn">
<doc>Returns from the enclosing user keyword.</doc>
<status status="NOT RUN" start="2026-02-23T16:43:59.962070" elapsed="0.000000"/>
</kw>
<status status="NOT RUN" start="2026-02-23T16:43:59.960531" elapsed="0.001539"/>
</branch>
<status status="PASS" start="2026-02-23T16:43:59.960531" elapsed="0.001539"/>
</if>
<kw name="Click Element" owner="SeleniumLibrary">
<msg time="2026-02-23T16:43:59.964095" level="INFO">Clicking element 'xpath=//*[@id="content"]/form/div/table/tbody/tr/td[4]/div/div/button[1]'.</msg>
<arg>${UPDATE_BTN}</arg>
<doc>Click the element identified by ``locator``.</doc>
<status status="PASS" start="2026-02-23T16:43:59.963095" elapsed="1.172634"/>
</kw>
<kw name="Run Keyword And Return Status" owner="BuiltIn">
<kw name="Page Should Contain" owner="SeleniumLibrary">
<msg time="2026-02-23T16:44:01.149447" level="INFO">Current page contains text 'Success: You have modified your shopping cart'.</msg>
<arg>Success: You have modified your shopping cart</arg>
<doc>Verifies that current page contains ``text``.</doc>
<status status="PASS" start="2026-02-23T16:44:01.136868" elapsed="0.012579"/>
</kw>
<msg time="2026-02-23T16:44:01.150489" level="INFO">${update_msg} = True</msg>
<var>${update_msg}</var>
<arg>Page Should Contain</arg>
<arg>Success: You have modified your shopping cart</arg>
<doc>Runs the specified keyword and returns the status as a Boolean value.</doc>
<status status="PASS" start="2026-02-23T16:44:01.135729" elapsed="0.014760"/>
</kw>
<if>
<branch type="IF" condition="${update_msg}">
<kw name="Log To Console" owner="BuiltIn">
<arg>✅ Quantity Updated Successfully</arg>
<doc>Logs the given message to the console.</doc>
<status status="PASS" start="2026-02-23T16:44:01.150489" elapsed="0.000000"/>
</kw>
<status status="PASS" start="2026-02-23T16:44:01.150489" elapsed="0.000000"/>
</branch>
<branch type="ELSE">
<kw name="Log To Console" owner="BuiltIn">
<arg>⚠️ Update message not displayed, continuing...</arg>
<doc>Logs the given message to the console.</doc>
<status status="NOT RUN" start="2026-02-23T16:44:01.150489" elapsed="0.000000"/>
</kw>
<status status="NOT RUN" start="2026-02-23T16:44:01.150489" elapsed="0.000000"/>
</branch>
<status status="PASS" start="2026-02-23T16:44:01.150489" elapsed="0.000000"/>
</if>
<kw name="Run Keyword And Return Status" owner="BuiltIn">
<kw name="Element Should Be Enabled" owner="SeleniumLibrary">
<arg>${REMOVE_BTN}</arg>
<doc>Verifies that element identified by ``locator`` is enabled.</doc>
<status status="PASS" start="2026-02-23T16:44:01.151979" elapsed="0.026828"/>
</kw>
<msg time="2026-02-23T16:44:01.178807" level="INFO">${remove_enabled} = True</msg>
<var>${remove_enabled}</var>
<arg>Element Should Be Enabled</arg>
<arg>${REMOVE_BTN}</arg>
<doc>Runs the specified keyword and returns the status as a Boolean value.</doc>
<status status="PASS" start="2026-02-23T16:44:01.150489" elapsed="0.028318"/>
</kw>
<if>
<branch type="IF" condition="not ${remove_enabled}">
<kw name="Log To Console" owner="BuiltIn">
<arg>⚠️ Remove button not enabled. Skipping...</arg>
<doc>Logs the given message to the console.</doc>
<status status="NOT RUN" start="2026-02-23T16:44:01.178807" elapsed="0.000000"/>
</kw>
<kw name="Return From Keyword" owner="BuiltIn">
<doc>Returns from the enclosing user keyword.</doc>
<status status="NOT RUN" start="2026-02-23T16:44:01.178807" elapsed="0.000000"/>
</kw>
<status status="NOT RUN" start="2026-02-23T16:44:01.178807" elapsed="0.001000"/>
</branch>
<status status="PASS" start="2026-02-23T16:44:01.178807" elapsed="0.001000"/>
</if>
<kw name="Click Element" owner="SeleniumLibrary">
<msg time="2026-02-23T16:44:01.179807" level="INFO">Clicking element 'xpath=//*[@id="content"]/form/div/table/tbody/tr/td[4]/div/div/button[2]'.</msg>
<arg>${REMOVE_BTN}</arg>
<doc>Click the element identified by ``locator``.</doc>
<status status="PASS" start="2026-02-23T16:44:01.179807" elapsed="0.056732"/>
</kw>
<kw name="Sleep" owner="BuiltIn">
<msg time="2026-02-23T16:44:03.237729" level="INFO">Slept 2 seconds.</msg>
<arg>2s</arg>
<doc>Pauses the test executed for the given time.</doc>
<status status="PASS" start="2026-02-23T16:44:01.237583" elapsed="2.000146"/>
</kw>
<kw name="Run Keyword And Return Status" owner="BuiltIn">
<kw name="Wait Until Page Contains" owner="SeleniumLibrary">
<arg>Your shopping cart is empty!</arg>
<arg>5s</arg>
<doc>Waits until ``text`` appears on the current page.</doc>
<status status="PASS" start="2026-02-23T16:44:03.237729" elapsed="0.010334"/>
</kw>
<msg time="2026-02-23T16:44:03.248063" level="INFO">${empty_cart} = True</msg>
<var>${empty_cart}</var>
<arg>Wait Until Page Contains</arg>
<arg>Your shopping cart is empty!</arg>
<arg>5s</arg>
<doc>Runs the specified keyword and returns the status as a Boolean value.</doc>
<status status="PASS" start="2026-02-23T16:44:03.237729" elapsed="0.010334"/>
</kw>
<if>
<branch type="IF" condition="${empty_cart}">
<kw name="Log To Console" owner="BuiltIn">
<arg>✅ Item Removed Successfully and Cart is Empty</arg>
<doc>Logs the given message to the console.</doc>
<status status="PASS" start="2026-02-23T16:44:03.248063" elapsed="0.001024"/>
</kw>
<status status="PASS" start="2026-02-23T16:44:03.248063" elapsed="0.001024"/>
</branch>
<branch type="ELSE">
<kw name="Log To Console" owner="BuiltIn">
<arg>⚠️ Cart empty message not shown.</arg>
<doc>Logs the given message to the console.</doc>
<status status="NOT RUN" start="2026-02-23T16:44:03.249087" elapsed="0.000000"/>
</kw>
<status status="NOT RUN" start="2026-02-23T16:44:03.249087" elapsed="0.000000"/>
</branch>
<status status="PASS" start="2026-02-23T16:44:03.248063" elapsed="0.001024"/>
</if>
<status status="PASS" start="2026-02-23T16:43:59.009918" elapsed="4.239169"/>
</kw>
<kw name="Logout User Successfully" owner="logout_keywords">
<kw name="Wait Until Element Is Visible" owner="SeleniumLibrary">
<arg>${MY_ACCOUNT_MENU}</arg>
<doc>Waits until the element ``locator`` is visible.</doc>
<status status="PASS" start="2026-02-23T16:44:03.249087" elapsed="0.011281"/>
</kw>
<kw name="Click Element" owner="SeleniumLibrary">
<msg time="2026-02-23T16:44:03.261530" level="INFO">Clicking element 'xpath=//a[contains(@href,"route=account/account") and contains(@class,"dropdown-toggle")]'.</msg>
<arg>${MY_ACCOUNT_MENU}</arg>
<doc>Click the element identified by ``locator``.</doc>
<status status="PASS" start="2026-02-23T16:44:03.261530" elapsed="1.287239"/>
</kw>
<kw name="Sleep" owner="BuiltIn">
<msg time="2026-02-23T16:44:05.549264" level="INFO">Slept 1 second.</msg>
<arg>1s</arg>
<doc>Pauses the test executed for the given time.</doc>
<status status="PASS" start="2026-02-23T16:44:04.548769" elapsed="1.000495"/>
</kw>
<kw name="Wait Until Element Is Visible" owner="SeleniumLibrary">
<arg>${LOGOUT_LINK}</arg>
<doc>Waits until the element ``locator`` is visible.</doc>
<status status="PASS" start="2026-02-23T16:44:05.550299" elapsed="0.017886"/>
</kw>
<kw name="Element Should Be Visible" owner="SeleniumLibrary">
<msg time="2026-02-23T16:44:05.582440" level="INFO">Element 'xpath=//a[contains(@href,"route=account/logout") and contains(text(),"Logout")]' is displayed.</msg>
<arg>${LOGOUT_LINK}</arg>
<doc>Verifies that the element identified by ``locator`` is visible.</doc>
<status status="PASS" start="2026-02-23T16:44:05.569200" elapsed="0.013240"/>
</kw>
<kw name="Click Element" owner="SeleniumLibrary">
<msg time="2026-02-23T16:44:05.582440" level="INFO">Clicking element 'xpath=//a[contains(@href,"route=account/logout") and contains(text(),"Logout")]'.</msg>
<arg>${LOGOUT_LINK}</arg>
<doc>Click the element identified by ``locator``.</doc>
<status status="PASS" start="2026-02-23T16:44:05.582440" elapsed="1.061975"/>
</kw>
<kw name="Wait Until Element Is Visible" owner="SeleniumLibrary">
<arg>${LOGOUT_TEXT}</arg>
<doc>Waits until the element ``locator`` is visible.</doc>
<status status="PASS" start="2026-02-23T16:44:06.645499" elapsed="0.020150"/>
</kw>
<kw name="Element Should Be Visible" owner="SeleniumLibrary">
<msg time="2026-02-23T16:44:06.677368" level="INFO">Element 'xpath=//h1[contains(text(),"Account Logout")]' is displayed.</msg>
<arg>${LOGOUT_TEXT}</arg>
<doc>Verifies that the element identified by ``locator`` is visible.</doc>
<status status="PASS" start="2026-02-23T16:44:06.665649" elapsed="0.011719"/>
</kw>
<kw name="Page Should Contain" owner="SeleniumLibrary">
<msg time="2026-02-23T16:44:06.684596" level="INFO">Current page contains text 'Account Logout'.</msg>
<arg>Account Logout</arg>
<doc>Verifies that current page contains ``text``.</doc>
<status status="PASS" start="2026-02-23T16:44:06.677368" elapsed="0.007228"/>
</kw>
<kw name="Location Should Contain" owner="SeleniumLibrary">
<msg time="2026-02-23T16:44:06.687651" level="INFO">Current location contains 'route=account/logout'.</msg>
<arg>route=account/logout</arg>
<doc>Verifies that the current URL contains ``expected``.</doc>
<status status="PASS" start="2026-02-23T16:44:06.684596" elapsed="0.003055"/>
</kw>
<kw name="Log To Console" owner="BuiltIn">
<arg>Logout Completed Successfully</arg>
<doc>Logs the given message to the console.</doc>
<status status="PASS" start="2026-02-23T16:44:06.688656" elapsed="0.000000"/>
</kw>
<status status="PASS" start="2026-02-23T16:44:03.249087" elapsed="3.439569"/>
</kw>
<arg>firstname=nishchaya</arg>
<arg>lastname=vishwakarma</arg>
<arg>phone=12345112346</arg>
<arg>password=vishwa@123</arg>
<arg>product=HP</arg>
<status status="PASS" start="2026-02-23T16:43:35.644918" elapsed="31.043738"/>
</kw>
<kw name="Capture Screenshot On Failure" owner="common" type="TEARDOWN">
<kw name="Run Keyword If Test Failed" owner="BuiltIn">
<arg>Capture Page Screenshot</arg>
<doc>Runs the given keyword with the given arguments, if the test failed.</doc>
<status status="PASS" start="2026-02-23T16:44:06.689777" elapsed="0.000000"/>
</kw>
<status status="PASS" start="2026-02-23T16:44:06.689777" elapsed="0.000000"/>
</kw>
<status status="PASS" start="2026-02-23T16:43:35.639890" elapsed="31.050912"/>
</test>
<kw name="Close Site" owner="common" type="TEARDOWN">
<kw name="Close Browser" owner="SeleniumLibrary">
<doc>Closes the current browser.</doc>
<status status="PASS" start="2026-02-23T16:44:06.690802" elapsed="2.298023"/>
</kw>
<status status="PASS" start="2026-02-23T16:44:06.690802" elapsed="2.298023"/>
</kw>
<status status="PASS" start="2026-02-23T16:40:37.020664" elapsed="211.968161"/>
</suite>
<status status="PASS" start="2026-02-23T16:40:36.994068" elapsed="211.995779"/>
</suite>
<statistics>
<total>
<stat pass="6" fail="0" skip="0">All Tests</stat>
</total>
<tag>
</tag>
<suite>
<stat name="Test E2E" id="s1" pass="6" fail="0" skip="0">Test E2E</stat>
<stat name="Tc0 Endtoend Users Flow" id="s1-s1" pass="6" fail="0" skip="0">Test E2E.Tc0 Endtoend Users Flow</stat>
</suite>
</statistics>
<errors>
</errors>
</robot>
