<?xml version="1.0" encoding="UTF-8"?>
<robot generator="Robot 7.4.1 (Python 3.11.4 on win32)" generated="2026-02-23T11:18:26.651136" rpa="false" schemaversion="5">
<suite id="s1" name="Robot Framework Capstone Oldoriginal" source="C:\Users\thanm\PycharmProjects\PythonProject1\robot_framework_capstone_oldoriginall (2)\robot_framework_capstone_oldoriginal">
<suite id="s1-s1" name="Test E2E" source="C:\Users\thanm\PycharmProjects\PythonProject1\robot_framework_capstone_oldoriginall (2)\robot_framework_capstone_oldoriginal\test_e2e">
<suite id="s1-s1-s1" name="Tc0 Endtoend Users Flow" source="C:\Users\thanm\PycharmProjects\PythonProject1\robot_framework_capstone_oldoriginall (2)\robot_framework_capstone_oldoriginal\test_e2e\tc0_endtoend_users_flow.robot">
<kw name="Open Site" owner="common" type="SETUP">
<kw name="Open Browser" owner="SeleniumLibrary">
<msg time="2026-02-23T11:18:27.226662" level="INFO">Opening browser 'chrome' to base url 'https://ecommerce-playground.lambdatest.io/index.php'.</msg>
<arg>${BASE_URL}</arg>
<arg>${BROWSER}</arg>
<doc>Opens a new browser instance to the optional ``url``.</doc>
<status status="PASS" start="2026-02-23T11:18:27.226662" elapsed="7.302020"/>
</kw>
<kw name="Maximize Browser Window" owner="SeleniumLibrary">
<doc>Maximizes current browser window.</doc>
<status status="PASS" start="2026-02-23T11:18:34.528682" elapsed="0.077969"/>
</kw>
<kw name="Set Selenium Timeout" owner="SeleniumLibrary">
<arg>10s</arg>
<doc>Sets the timeout that is used by various keywords.</doc>
<status status="PASS" start="2026-02-23T11:18:34.606651" elapsed="0.006030"/>
</kw>
<status status="PASS" start="2026-02-23T11:18:27.225654" elapsed="7.388027"/>
</kw>
<test id="s1-s1-s1-t1" name="end to end test for user- Abhi Ram" line="25">
<kw name="end to end flow">
<kw name="Register New User" owner="register_keywords">
<kw name="Go To" owner="SeleniumLibrary">
<msg time="2026-02-23T11:18:34.623272" level="INFO">Opening url 'https://ecommerce-playground.lambdatest.io/index.php'</msg>
<arg>${BASE_URL}</arg>
<doc>Navigates the current browser window to the provided ``url``.</doc>
<status status="PASS" start="2026-02-23T11:18:34.622272" elapsed="0.792573"/>
</kw>
<kw name="Title Should Be" owner="SeleniumLibrary">
<msg time="2026-02-23T11:18:35.603386" level="INFO">Page title is 'Your Store'.</msg>
<arg>Your Store</arg>
<doc>Verifies that the current page title equals ``title``.</doc>
<status status="PASS" start="2026-02-23T11:18:35.414845" elapsed="0.188541"/>
</kw>
<kw name="Page Should Contain" owner="SeleniumLibrary">
<msg time="2026-02-23T11:18:35.633382" level="INFO">Current page contains text 'My account'.</msg>
<arg>My account</arg>
<doc>Verifies that current page contains ``text``.</doc>
<status status="PASS" start="2026-02-23T11:18:35.603386" elapsed="0.029996"/>
</kw>
<kw name="Wait Until Element Is Visible" owner="SeleniumLibrary">
<arg>${MY_ACCOUNT_MENU}</arg>
<doc>Waits until the element ``locator`` is visible.</doc>
<status status="PASS" start="2026-02-23T11:18:35.633382" elapsed="0.243014"/>
</kw>
<kw name="Click Element" owner="SeleniumLibrary">
<msg time="2026-02-23T11:18:35.876396" level="INFO">Clicking element 'xpath=//a[contains(@href,"route=account/account") and contains(@class,"dropdown-toggle")]'.</msg>
<arg>${MY_ACCOUNT_MENU}</arg>
<doc>Click the element identified by ``locator``.</doc>
<status status="PASS" start="2026-02-23T11:18:35.876396" elapsed="2.193036"/>
</kw>
<kw name="Sleep" owner="BuiltIn">
<msg time="2026-02-23T11:18:39.071282" level="INFO">Slept 1 second.</msg>
<arg>1s</arg>
<doc>Pauses the test executed for the given time.</doc>
<status status="PASS" start="2026-02-23T11:18:38.070438" elapsed="1.000844"/>
</kw>
<kw name="Wait Until Element Is Visible" owner="SeleniumLibrary">
<arg>${REGISTER_LINK}</arg>
<doc>Waits until the element ``locator`` is visible.</doc>
<status status="PASS" start="2026-02-23T11:18:39.071282" elapsed="0.019992"/>
</kw>
<kw name="Click Element" owner="SeleniumLibrary">
<msg time="2026-02-23T11:18:39.092340" level="INFO">Clicking element 'xpath=//a[contains(@href,"route=account/register") and contains(text(),"Register")]'.</msg>
<arg>${REGISTER_LINK}</arg>
<doc>Click the element identified by ``locator``.</doc>
<status status="PASS" start="2026-02-23T11:18:39.091274" elapsed="2.023956"/>
</kw>
<kw name="Wait Until Page Contains" owner="SeleniumLibrary">
<arg>Register Account</arg>
<doc>Waits until ``text`` appears on the current page.</doc>
<status status="PASS" start="2026-02-23T11:18:41.115230" elapsed="0.011197"/>
</kw>
<kw name="Location Should Contain" owner="SeleniumLibrary">
<msg time="2026-02-23T11:18:41.129478" level="INFO">Current location contains 'route=account/register'.</msg>
<arg>route=account/register</arg>
<doc>Verifies that the current URL contains ``expected``.</doc>
<status status="PASS" start="2026-02-23T11:18:41.126427" elapsed="0.003051"/>
</kw>
<status status="PASS" start="2026-02-23T11:18:34.621253" elapsed="6.508225"/>
</kw>
<kw name="input firstname" owner="register_keywords">
<kw name="Input Text" owner="SeleniumLibrary">
<msg time="2026-02-23T11:18:41.130986" level="INFO">Typing text 'Abhi' into text field 'id=input-firstname'.</msg>
<arg>${FIRSTNAME_INPUT}</arg>
<arg>${firstname}</arg>
<doc>Types the given ``text`` into the text field identified by ``locator``.</doc>
<status status="PASS" start="2026-02-23T11:18:41.130986" elapsed="0.088425"/>
</kw>
<arg>${firstname}</arg>
<status status="PASS" start="2026-02-23T11:18:41.130986" elapsed="0.088425"/>
</kw>
<kw name="input lastname" owner="register_keywords">
<kw name="Input Text" owner="SeleniumLibrary">
<msg time="2026-02-23T11:18:41.220964" level="INFO">Typing text 'Ram' into text field 'id=input-lastname'.</msg>
<arg>${LASTNAME_INPUT}</arg>
<arg>${lastname}</arg>
<doc>Types the given ``text`` into the text field identified by ``locator``.</doc>
<status status="PASS" start="2026-02-23T11:18:41.220964" elapsed="0.060050"/>
</kw>
<arg>${lastname}</arg>
<status status="PASS" start="2026-02-23T11:18:41.220457" elapsed="0.060557"/>
</kw>
<kw name="input email" owner="register_keywords">
<kw name="Generate Unique Email" owner="email_generator">
<kw name="Generate Random String" owner="String">
<msg time="2026-02-23T11:18:41.282477" level="INFO">${random} = 1072</msg>
<var>${random}</var>
<arg>4</arg>
<arg>0123456789</arg>
<doc>Generates a string with a desired ``length`` from the given ``chars``.</doc>
<status status="PASS" start="2026-02-23T11:18:41.281014" elapsed="0.001463"/>
</kw>
<kw name="Set Variable" owner="BuiltIn">
<msg time="2026-02-23T11:18:41.282477" level="INFO">${email} = test_user_1072@gmail.com</msg>
<var>${email}</var>
<arg>test_user_${random}@gmail.com</arg>
<doc>Returns the given values which can then be assigned to a variables.</doc>
<status status="PASS" start="2026-02-23T11:18:41.282477" elapsed="0.000000"/>
</kw>
<kw name="Set Suite Variable" owner="BuiltIn">
<msg time="2026-02-23T11:18:41.283505" level="INFO">${EMAIL} = test_user_1072@gmail.com</msg>
<arg>${EMAIL}</arg>
<arg>${email}</arg>
<doc>Makes a variable available everywhere within the scope of the current suite.</doc>
<status status="PASS" start="2026-02-23T11:18:41.282477" elapsed="0.001028"/>
</kw>
<kw name="Log To Console" owner="BuiltIn">
<arg>Dynamic Email Generated: ${EMAIL}</arg>
<doc>Logs the given message to the console.</doc>
<status status="PASS" start="2026-02-23T11:18:41.283505" elapsed="0.000000"/>
</kw>
<status status="PASS" start="2026-02-23T11:18:41.281014" elapsed="0.002491"/>
</kw>
<kw name="Log To Console" owner="BuiltIn">
<arg>Registering with Email: ${EMAIL}</arg>
<doc>Logs the given message to the console.</doc>
<status status="PASS" start="2026-02-23T11:18:41.283505" elapsed="0.000000"/>
</kw>
<kw name="Input Text" owner="SeleniumLibrary">
<msg time="2026-02-23T11:18:41.284527" level="INFO">Typing text 'test_user_1072@gmail.com' into text field 'id=input-email'.</msg>
<arg>${EMAIL_INPUT}</arg>
<arg>${EMAIL}</arg>
<doc>Types the given ``text`` into the text field identified by ``locator``.</doc>
<status status="PASS" start="2026-02-23T11:18:41.284527" elapsed="0.089976"/>
</kw>
<status status="PASS" start="2026-02-23T11:18:41.281014" elapsed="0.093489"/>
</kw>
<kw name="input phone" owner="register_keywords">
<kw name="Input Text" owner="SeleniumLibrary">
<msg time="2026-02-23T11:18:41.375526" level="INFO">Typing text '9876543210' into text field 'id=input-telephone'.</msg>
<arg>${PHONE_INPUT}</arg>
<arg>${phone}</arg>
<doc>Types the given ``text`` into the text field identified by ``locator``.</doc>
<status status="PASS" start="2026-02-23T11:18:41.375526" elapsed="0.058017"/>
</kw>
<arg>${phone}</arg>
<status status="PASS" start="2026-02-23T11:18:41.375526" elapsed="0.058017"/>
</kw>
<kw name="input password" owner="register_keywords">
<kw name="Input Text" owner="SeleniumLibrary">
<msg time="2026-02-23T11:18:41.434593" level="INFO">Typing text 'Abhi@123' into text field 'id=input-password'.</msg>
<arg>${PASSWORD_INPUT}</arg>
<arg>${password}</arg>
<doc>Types the given ``text`` into the text field identified by ``locator``.</doc>
<status status="PASS" start="2026-02-23T11:18:41.434593" elapsed="0.053095"/>
</kw>
<kw name="Input Text" owner="SeleniumLibrary">
<msg time="2026-02-23T11:18:41.487688" level="INFO">Typing text 'Abhi@123' into text field 'id=input-confirm'.</msg>
<arg>${CONFIRM_INPUT}</arg>
<arg>${password}</arg>
<doc>Types the given ``text`` into the text field identified by ``locator``.</doc>
<status status="PASS" start="2026-02-23T11:18:41.487688" elapsed="0.046786"/>
</kw>
<kw name="Textfield Value Should Be" owner="SeleniumLibrary">
<msg time="2026-02-23T11:18:41.552977" level="INFO">Content of text field 'id=input-confirm' is 'Abhi@123'.</msg>
<arg>${CONFIRM_INPUT}</arg>
<arg>${password}</arg>
<doc>Verifies text field ``locator`` has exactly text ``expected``.</doc>
<status status="PASS" start="2026-02-23T11:18:41.534474" elapsed="0.018503"/>
</kw>
<arg>${password}</arg>
<status status="PASS" start="2026-02-23T11:18:41.433543" elapsed="0.119434"/>
</kw>
<kw name="click agree" owner="register_keywords">
<kw name="Click Element" owner="SeleniumLibrary">
<msg time="2026-02-23T11:18:41.555485" level="INFO">Clicking element 'xpath=//label[@for="input-agree"]'.</msg>
<arg>${AGREE_LABEL}</arg>
<doc>Click the element identified by ``locator``.</doc>
<status status="PASS" start="2026-02-23T11:18:41.554419" elapsed="0.058440"/>
</kw>
<kw name="Checkbox Should Be Selected" owner="SeleniumLibrary">
<msg time="2026-02-23T11:18:41.612859" level="INFO">Verifying checkbox 'id=input-agree' is selected.</msg>
<arg>id=input-agree</arg>
<doc>Verifies checkbox ``locator`` is selected/checked.</doc>
<status status="PASS" start="2026-02-23T11:18:41.612859" elapsed="0.030020"/>
</kw>
<status status="PASS" start="2026-02-23T11:18:41.554419" elapsed="0.088460"/>
</kw>
<kw name="click continue" owner="register_keywords">
<kw name="Scroll Element Into View" owner="SeleniumLibrary">
<arg>${CONTINUE_BUTTON}</arg>
<doc>Scrolls the element identified by ``locator`` into view.</doc>
<status status="PASS" start="2026-02-23T11:18:41.643894" elapsed="0.281669"/>
</kw>
<kw name="Click Button" owner="SeleniumLibrary">
<msg time="2026-02-23T11:18:41.926580" level="INFO">Clicking button 'css=input.btn.btn-primary[type="submit"][value="Continue"]'.</msg>
<arg>${CONTINUE_BUTTON}</arg>
<doc>Clicks the button identified by ``locator``.</doc>
<status status="PASS" start="2026-02-23T11:18:41.926580" elapsed="0.057422"/>
</kw>
<kw name="Wait Until Element Is Visible" owner="SeleniumLibrary">
<msg time="2026-02-23T11:18:52.239328" level="INFO" html="true">&lt;/td&gt;&lt;/tr&gt;&lt;tr&gt;&lt;td colspan="3"&gt;&lt;a href="selenium-screenshot-1.png"&gt;&lt;img src="selenium-screenshot-1.png" width="800px"&gt;&lt;/a&gt;</msg>
<msg time="2026-02-23T11:18:52.240435" level="FAIL">Element 'xpath=//h1[contains(text(),"Your Account Has Been Created")]' not visible after 10 seconds.</msg>
<arg>${SUCCESS_TEXT}</arg>
<doc>Waits until the element ``locator`` is visible.</doc>
<status status="FAIL" start="2026-02-23T11:18:41.984002" elapsed="10.356196">Element 'xpath=//h1[contains(text(),"Your Account Has Been Created")]' not visible after 10 seconds.</status>
</kw>
<kw name="Page Should Contain" owner="SeleniumLibrary">
<arg>Your Account Has Been Created</arg>
<doc>Verifies that current page contains ``text``.</doc>
<status status="NOT RUN" start="2026-02-23T11:18:52.340198" elapsed="0.000000"/>
</kw>
<kw name="Log To Console" owner="BuiltIn">
<arg>Registration Completed Successfully for ${firstname}</arg>
<doc>Logs the given message to the console.</doc>
<status status="NOT RUN" start="2026-02-23T11:18:52.340198" elapsed="0.000000"/>
</kw>
<status status="FAIL" start="2026-02-23T11:18:41.642879" elapsed="10.698331">Element 'xpath=//h1[contains(text(),"Your Account Has Been Created")]' not visible after 10 seconds.</status>
</kw>
<kw name="click logout" owner="register_keywords">
<status status="NOT RUN" start="2026-02-23T11:18:52.341210" elapsed="0.000521"/>
</kw>
<kw name="Login User Successfully" owner="login_keywords">
<arg>${password}</arg>
<status status="NOT RUN" start="2026-02-23T11:18:52.341731" elapsed="0.000000"/>
</kw>
<kw name="Search Products" owner="search_keywords">
<status status="NOT RUN" start="2026-02-23T11:18:52.341731" elapsed="0.000000"/>
</kw>
<kw name="input search" owner="search_keywords">
<arg>${product}</arg>
<status status="NOT RUN" start="2026-02-23T11:18:52.342760" elapsed="0.000000"/>
</kw>
<kw name="input enter" owner="search_keywords">
<status status="NOT RUN" start="2026-02-23T11:18:52.342760" elapsed="0.000000"/>
</kw>
<kw name="validation" owner="search_keywords">
<status status="NOT RUN" start="2026-02-23T11:18:52.342760" elapsed="0.000000"/>
</kw>
<kw name="Open First Product Details" owner="product_keywords">
<status status="NOT RUN" start="2026-02-23T11:18:52.343780" elapsed="0.000000"/>
</kw>
<kw name="Add Product To Cart And Validate Success" owner="cart_keywords">
<status status="NOT RUN" start="2026-02-23T11:18:52.344833" elapsed="0.000000"/>
</kw>
<kw name="Update Cart Quantity And Remove Item" owner="cart_update_remove_keywords">
<status status="NOT RUN" start="2026-02-23T11:18:52.344833" elapsed="0.001211"/>
</kw>
<kw name="Logout User Successfully" owner="logout_keywords">
<status status="NOT RUN" start="2026-02-23T11:18:52.346044" elapsed="0.000000"/>
</kw>
<arg>firstname=Abhi</arg>
<arg>lastname=Ram</arg>
<arg>phone=9876543210</arg>
<arg>password=Abhi@123</arg>
<arg>product=HP</arg>
<status status="FAIL" start="2026-02-23T11:18:34.618149" elapsed="17.727895">Element 'xpath=//h1[contains(text(),"Your Account Has Been Created")]' not visible after 10 seconds.</status>
</kw>
<kw name="Capture Screenshot On Failure" owner="common" type="TEARDOWN">
<kw name="Run Keyword If Test Failed" owner="BuiltIn">
<kw name="Capture Page Screenshot" owner="SeleniumLibrary">
<msg time="2026-02-23T11:18:52.479010" level="INFO" html="true">&lt;/td&gt;&lt;/tr&gt;&lt;tr&gt;&lt;td colspan="3"&gt;&lt;a href="selenium-screenshot-2.png"&gt;&lt;img src="selenium-screenshot-2.png" width="800px"&gt;&lt;/a&gt;</msg>
<doc>Takes a screenshot of the current page and embeds it into a log file.</doc>
<status status="PASS" start="2026-02-23T11:18:52.349062" elapsed="0.131130"/>
</kw>
<arg>Capture Page Screenshot</arg>
<doc>Runs the given keyword with the given arguments, if the test failed.</doc>
<status status="PASS" start="2026-02-23T11:18:52.348068" elapsed="0.132124"/>
</kw>
<status status="PASS" start="2026-02-23T11:18:52.347058" elapsed="0.133134"/>
</kw>
<status status="FAIL" start="2026-02-23T11:18:34.613681" elapsed="17.866511">Element 'xpath=//h1[contains(text(),"Your Account Has Been Created")]' not visible after 10 seconds.</status>
</test>
<test id="s1-s1-s1-t2" name="end to end test for user- mohan rupesh" line="25">
<kw name="end to end flow">
<kw name="Register New User" owner="register_keywords">
<kw name="Go To" owner="SeleniumLibrary">
<msg time="2026-02-23T11:18:52.486946" level="INFO">Opening url 'https://ecommerce-playground.lambdatest.io/index.php'</msg>
<arg>${BASE_URL}</arg>
<doc>Navigates the current browser window to the provided ``url``.</doc>
<status status="PASS" start="2026-02-23T11:18:52.485663" elapsed="2.385225"/>
</kw>
<kw name="Title Should Be" owner="SeleniumLibrary">
<msg time="2026-02-23T11:18:54.880977" level="INFO">Page title is 'Your Store'.</msg>
<arg>Your Store</arg>
<doc>Verifies that the current page title equals ``title``.</doc>
<status status="PASS" start="2026-02-23T11:18:54.870888" elapsed="0.010089"/>
</kw>
<kw name="Page Should Contain" owner="SeleniumLibrary">
<msg time="2026-02-23T11:18:54.905890" level="INFO">Current page contains text 'My account'.</msg>
<arg>My account</arg>
<doc>Verifies that current page contains ``text``.</doc>
<status status="PASS" start="2026-02-23T11:18:54.880977" elapsed="0.024913"/>
</kw>
<kw name="Wait Until Element Is Visible" owner="SeleniumLibrary">
<arg>${MY_ACCOUNT_MENU}</arg>
<doc>Waits until the element ``locator`` is visible.</doc>
<status status="PASS" start="2026-02-23T11:18:54.905890" elapsed="0.020460"/>
</kw>
<kw name="Click Element" owner="SeleniumLibrary">
<msg time="2026-02-23T11:18:54.927451" level="INFO">Clicking element 'xpath=//a[contains(@href,"route=account/account") and contains(@class,"dropdown-toggle")]'.</msg>
<arg>${MY_ACCOUNT_MENU}</arg>
<doc>Click the element identified by ``locator``.</doc>
<status status="PASS" start="2026-02-23T11:18:54.927451" elapsed="2.141379"/>
</kw>
<kw name="Sleep" owner="BuiltIn">
<msg time="2026-02-23T11:18:58.070269" level="INFO">Slept 1 second.</msg>
<arg>1s</arg>
<doc>Pauses the test executed for the given time.</doc>
<status status="PASS" start="2026-02-23T11:18:57.068830" elapsed="1.001439"/>
</kw>
<kw name="Wait Until Element Is Visible" owner="SeleniumLibrary">
<arg>${REGISTER_LINK}</arg>
<doc>Waits until the element ``locator`` is visible.</doc>
<status status="PASS" start="2026-02-23T11:18:58.070269" elapsed="0.017554"/>
</kw>
<kw name="Click Element" owner="SeleniumLibrary">
<msg time="2026-02-23T11:18:58.087823" level="INFO">Clicking element 'xpath=//a[contains(@href,"route=account/register") and contains(text(),"Register")]'.</msg>
<arg>${REGISTER_LINK}</arg>
<doc>Click the element identified by ``locator``.</doc>
<status status="PASS" start="2026-02-23T11:18:58.087823" elapsed="1.231820"/>
</kw>
<kw name="Wait Until Page Contains" owner="SeleniumLibrary">
<arg>Register Account</arg>
<doc>Waits until ``text`` appears on the current page.</doc>
<status status="PASS" start="2026-02-23T11:18:59.319643" elapsed="0.007925"/>
</kw>
<kw name="Location Should Contain" owner="SeleniumLibrary">
<msg time="2026-02-23T11:18:59.331042" level="INFO">Current location contains 'route=account/register'.</msg>
<arg>route=account/register</arg>
<doc>Verifies that the current URL contains ``expected``.</doc>
<status status="PASS" start="2026-02-23T11:18:59.327568" elapsed="0.003474"/>
</kw>
<status status="PASS" start="2026-02-23T11:18:52.485663" elapsed="6.845379"/>
</kw>
<kw name="input firstname" owner="register_keywords">
<kw name="Input Text" owner="SeleniumLibrary">
<msg time="2026-02-23T11:18:59.332556" level="INFO">Typing text 'mohan' into text field 'id=input-firstname'.</msg>
<arg>${FIRSTNAME_INPUT}</arg>
<arg>${firstname}</arg>
<doc>Types the given ``text`` into the text field identified by ``locator``.</doc>
<status status="PASS" start="2026-02-23T11:18:59.331553" elapsed="0.064933"/>
</kw>
<arg>${firstname}</arg>
<status status="PASS" start="2026-02-23T11:18:59.331553" elapsed="0.064933"/>
</kw>
<kw name="input lastname" owner="register_keywords">
<kw name="Input Text" owner="SeleniumLibrary">
<msg time="2026-02-23T11:18:59.397825" level="INFO">Typing text 'rupesh' into text field 'id=input-lastname'.</msg>
<arg>${LASTNAME_INPUT}</arg>
<arg>${lastname}</arg>
<doc>Types the given ``text`` into the text field identified by ``locator``.</doc>
<status status="PASS" start="2026-02-23T11:18:59.397825" elapsed="0.086053"/>
</kw>
<arg>${lastname}</arg>
<status status="PASS" start="2026-02-23T11:18:59.396486" elapsed="0.087392"/>
</kw>
<kw name="input email" owner="register_keywords">
<kw name="Generate Unique Email" owner="email_generator">
<kw name="Generate Random String" owner="String">
<msg time="2026-02-23T11:18:59.485878" level="INFO">${random} = 0842</msg>
<var>${random}</var>
<arg>4</arg>
<arg>0123456789</arg>
<doc>Generates a string with a desired ``length`` from the given ``chars``.</doc>
<status status="PASS" start="2026-02-23T11:18:59.485878" elapsed="0.000000"/>
</kw>
<kw name="Set Variable" owner="BuiltIn">
<msg time="2026-02-23T11:18:59.487135" level="INFO">${email} = test_user_0842@gmail.com</msg>
<var>${email}</var>
<arg>test_user_${random}@gmail.com</arg>
<doc>Returns the given values which can then be assigned to a variables.</doc>
<status status="PASS" start="2026-02-23T11:18:59.487135" elapsed="0.000000"/>
</kw>
<kw name="Set Suite Variable" owner="BuiltIn">
<msg time="2026-02-23T11:18:59.489610" level="INFO">${EMAIL} = test_user_0842@gmail.com</msg>
<arg>${EMAIL}</arg>
<arg>${email}</arg>
<doc>Makes a variable available everywhere within the scope of the current suite.</doc>
<status status="PASS" start="2026-02-23T11:18:59.488424" elapsed="0.001186"/>
</kw>
<kw name="Log To Console" owner="BuiltIn">
<arg>Dynamic Email Generated: ${EMAIL}</arg>
<doc>Logs the given message to the console.</doc>
<status status="PASS" start="2026-02-23T11:18:59.489610" elapsed="0.001518"/>
</kw>
<status status="PASS" start="2026-02-23T11:18:59.485878" elapsed="0.005250"/>
</kw>
<kw name="Log To Console" owner="BuiltIn">
<arg>Registering with Email: ${EMAIL}</arg>
<doc>Logs the given message to the console.</doc>
<status status="PASS" start="2026-02-23T11:18:59.491128" elapsed="0.001078"/>
</kw>
<kw name="Input Text" owner="SeleniumLibrary">
<msg time="2026-02-23T11:18:59.492206" level="INFO">Typing text 'test_user_0842@gmail.com' into text field 'id=input-email'.</msg>
<arg>${EMAIL_INPUT}</arg>
<arg>${EMAIL}</arg>
<doc>Types the given ``text`` into the text field identified by ``locator``.</doc>
<status status="PASS" start="2026-02-23T11:18:59.492206" elapsed="0.114350"/>
</kw>
<status status="PASS" start="2026-02-23T11:18:59.484878" elapsed="0.121678"/>
</kw>
<kw name="input phone" owner="register_keywords">
<kw name="Input Text" owner="SeleniumLibrary">
<msg time="2026-02-23T11:18:59.609263" level="INFO">Typing text '9123456789' into text field 'id=input-telephone'.</msg>
<arg>${PHONE_INPUT}</arg>
<arg>${phone}</arg>
<doc>Types the given ``text`` into the text field identified by ``locator``.</doc>
<status status="PASS" start="2026-02-23T11:18:59.609263" elapsed="0.116313"/>
</kw>
<arg>${phone}</arg>
<status status="PASS" start="2026-02-23T11:18:59.607754" elapsed="0.117822"/>
</kw>
<kw name="input password" owner="register_keywords">
<kw name="Input Text" owner="SeleniumLibrary">
<msg time="2026-02-23T11:18:59.728066" level="INFO">Typing text 'Rupesh@123' into text field 'id=input-password'.</msg>
<arg>${PASSWORD_INPUT}</arg>
<arg>${password}</arg>
<doc>Types the given ``text`` into the text field identified by ``locator``.</doc>
<status status="PASS" start="2026-02-23T11:18:59.728066" elapsed="0.099517"/>
</kw>
<kw name="Input Text" owner="SeleniumLibrary">
<msg time="2026-02-23T11:18:59.829092" level="INFO">Typing text 'Rupesh@123' into text field 'id=input-confirm'.</msg>
<arg>${CONFIRM_INPUT}</arg>
<arg>${password}</arg>
<doc>Types the given ``text`` into the text field identified by ``locator``.</doc>
<status status="PASS" start="2026-02-23T11:18:59.829092" elapsed="0.082106"/>
</kw>
<kw name="Textfield Value Should Be" owner="SeleniumLibrary">
<msg time="2026-02-23T11:18:59.932062" level="INFO">Content of text field 'id=input-confirm' is 'Rupesh@123'.</msg>
<arg>${CONFIRM_INPUT}</arg>
<arg>${password}</arg>
<doc>Verifies text field ``locator`` has exactly text ``expected``.</doc>
<status status="PASS" start="2026-02-23T11:18:59.911198" elapsed="0.020864"/>
</kw>
<arg>${password}</arg>
<status status="PASS" start="2026-02-23T11:18:59.727061" elapsed="0.206156"/>
</kw>
<kw name="click agree" owner="register_keywords">
<kw name="Click Element" owner="SeleniumLibrary">
<msg time="2026-02-23T11:18:59.934276" level="INFO">Clicking element 'xpath=//label[@for="input-agree"]'.</msg>
<arg>${AGREE_LABEL}</arg>
<doc>Click the element identified by ``locator``.</doc>
<status status="PASS" start="2026-02-23T11:18:59.933217" elapsed="0.060711"/>
</kw>
<kw name="Checkbox Should Be Selected" owner="SeleniumLibrary">
<msg time="2026-02-23T11:18:59.995178" level="INFO">Verifying checkbox 'id=input-agree' is selected.</msg>
<arg>id=input-agree</arg>
<doc>Verifies checkbox ``locator`` is selected/checked.</doc>
<status status="PASS" start="2026-02-23T11:18:59.995178" elapsed="0.033067"/>
</kw>
<status status="PASS" start="2026-02-23T11:18:59.933217" elapsed="0.095028"/>
</kw>
<kw name="click continue" owner="register_keywords">
<kw name="Scroll Element Into View" owner="SeleniumLibrary">
<arg>${CONTINUE_BUTTON}</arg>
<doc>Scrolls the element identified by ``locator`` into view.</doc>
<status status="PASS" start="2026-02-23T11:19:00.029253" elapsed="0.326831"/>
</kw>
<kw name="Click Button" owner="SeleniumLibrary">
<msg time="2026-02-23T11:19:00.356084" level="INFO">Clicking button 'css=input.btn.btn-primary[type="submit"][value="Continue"]'.</msg>
<arg>${CONTINUE_BUTTON}</arg>
<doc>Clicks the button identified by ``locator``.</doc>
<status status="PASS" start="2026-02-23T11:19:00.356084" elapsed="0.072308"/>
</kw>
<kw name="Wait Until Element Is Visible" owner="SeleniumLibrary">
<arg>${SUCCESS_TEXT}</arg>
<doc>Waits until the element ``locator`` is visible.</doc>
<status status="PASS" start="2026-02-23T11:19:00.428392" elapsed="9.264358"/>
</kw>
<kw name="Page Should Contain" owner="SeleniumLibrary">
<msg time="2026-02-23T11:19:09.704114" level="INFO">Current page contains text 'Your Account Has Been Created'.</msg>
<arg>Your Account Has Been Created</arg>
<doc>Verifies that current page contains ``text``.</doc>
<status status="PASS" start="2026-02-23T11:19:09.693753" elapsed="0.010361"/>
</kw>
<kw name="Log To Console" owner="BuiltIn">
<arg>Registration Completed Successfully for ${firstname}</arg>
<doc>Logs the given message to the console.</doc>
<status status="PASS" start="2026-02-23T11:19:09.704114" elapsed="0.000000"/>
</kw>
<status status="PASS" start="2026-02-23T11:19:00.029253" elapsed="9.675874"/>
</kw>
<kw name="click logout" owner="register_keywords">
<kw name="Logout User Successfully" owner="logout_keywords">
<kw name="Wait Until Element Is Visible" owner="SeleniumLibrary">
<arg>${MY_ACCOUNT_MENU}</arg>
<doc>Waits until the element ``locator`` is visible.</doc>
<status status="PASS" start="2026-02-23T11:19:09.705127" elapsed="0.011755"/>
</kw>
<kw name="Click Element" owner="SeleniumLibrary">
<msg time="2026-02-23T11:19:09.716882" level="INFO">Clicking element 'xpath=//a[contains(@href,"route=account/account") and contains(@class,"dropdown-toggle")]'.</msg>
<arg>${MY_ACCOUNT_MENU}</arg>
<doc>Click the element identified by ``locator``.</doc>
<status status="PASS" start="2026-02-23T11:19:09.716882" elapsed="4.172895"/>
</kw>
<kw name="Sleep" owner="BuiltIn">
<msg time="2026-02-23T11:19:14.891390" level="INFO">Slept 1 second.</msg>
<arg>1s</arg>
<doc>Pauses the test executed for the given time.</doc>
<status status="PASS" start="2026-02-23T11:19:13.891298" elapsed="1.000092"/>
</kw>
<kw name="Wait Until Element Is Visible" owner="SeleniumLibrary">
<arg>${LOGOUT_LINK}</arg>
<doc>Waits until the element ``locator`` is visible.</doc>
<status status="PASS" start="2026-02-23T11:19:14.892451" elapsed="0.019691"/>
</kw>
<kw name="Element Should Be Visible" owner="SeleniumLibrary">
<msg time="2026-02-23T11:19:14.929446" level="INFO">Element 'xpath=//a[contains(@href,"route=account/logout") and contains(text(),"Logout")]' is displayed.</msg>
<arg>${LOGOUT_LINK}</arg>
<doc>Verifies that the element identified by ``locator`` is visible.</doc>
<status status="PASS" start="2026-02-23T11:19:14.912142" elapsed="0.017304"/>
</kw>
<kw name="Click Element" owner="SeleniumLibrary">
<msg time="2026-02-23T11:19:14.929446" level="INFO">Clicking element 'xpath=//a[contains(@href,"route=account/logout") and contains(text(),"Logout")]'.</msg>
<arg>${LOGOUT_LINK}</arg>
<doc>Click the element identified by ``locator``.</doc>
<status status="PASS" start="2026-02-23T11:19:14.929446" elapsed="3.354494"/>
</kw>
<kw name="Wait Until Element Is Visible" owner="SeleniumLibrary">
<arg>${LOGOUT_TEXT}</arg>
<doc>Waits until the element ``locator`` is visible.</doc>
<status status="PASS" start="2026-02-23T11:19:18.283940" elapsed="0.015838"/>
</kw>
<kw name="Element Should Be Visible" owner="SeleniumLibrary">
<msg time="2026-02-23T11:19:18.315547" level="INFO">Element 'xpath=//h1[contains(text(),"Account Logout")]' is displayed.</msg>
<arg>${LOGOUT_TEXT}</arg>
<doc>Verifies that the element identified by ``locator`` is visible.</doc>
<status status="PASS" start="2026-02-23T11:19:18.301300" elapsed="0.014247"/>
</kw>
<kw name="Page Should Contain" owner="SeleniumLibrary">
<msg time="2026-02-23T11:19:18.327624" level="INFO">Current page contains text 'Account Logout'.</msg>
<arg>Account Logout</arg>
<doc>Verifies that current page contains ``text``.</doc>
<status status="PASS" start="2026-02-23T11:19:18.316569" elapsed="0.011055"/>
</kw>
<kw name="Location Should Contain" owner="SeleniumLibrary">
<msg time="2026-02-23T11:19:18.331138" level="INFO">Current location contains 'route=account/logout'.</msg>
<arg>route=account/logout</arg>
<doc>Verifies that the current URL contains ``expected``.</doc>
<status status="PASS" start="2026-02-23T11:19:18.327624" elapsed="0.003514"/>
</kw>
<kw name="Log To Console" owner="BuiltIn">
<arg>Logout Completed Successfully</arg>
<doc>Logs the given message to the console.</doc>
<status status="PASS" start="2026-02-23T11:19:18.332493" elapsed="0.000000"/>
</kw>
<status status="PASS" start="2026-02-23T11:19:09.705127" elapsed="8.627366"/>
</kw>
<status status="PASS" start="2026-02-23T11:19:09.705127" elapsed="8.627366"/>
</kw>
<kw name="Login User Successfully" owner="login_keywords">
<kw name="Go To" owner="SeleniumLibrary">
<msg time="2026-02-23T11:19:18.333499" level="INFO">Opening url 'https://ecommerce-playground.lambdatest.io/index.php'</msg>
<arg>${BASE_URL}</arg>
<doc>Navigates the current browser window to the provided ``url``.</doc>
<status status="PASS" start="2026-02-23T11:19:18.333499" elapsed="0.806923"/>
</kw>
<kw name="Page Should Contain" owner="SeleniumLibrary">
<msg time="2026-02-23T11:19:19.219335" level="INFO">Current page contains text 'My account'.</msg>
<arg>My account</arg>
<doc>Verifies that current page contains ``text``.</doc>
<status status="PASS" start="2026-02-23T11:19:19.140422" elapsed="0.080363"/>
</kw>
<kw name="Wait Until Element Is Visible" owner="SeleniumLibrary">
<arg>${MY_ACCOUNT_MENU}</arg>
<doc>Waits until the element ``locator`` is visible.</doc>
<status status="PASS" start="2026-02-23T11:19:19.220785" elapsed="0.013956"/>
</kw>
<kw name="Click Element" owner="SeleniumLibrary">
<msg time="2026-02-23T11:19:19.235752" level="INFO">Clicking element 'xpath=//a[contains(@href,"route=account/account") and contains(@class,"dropdown-toggle")]'.</msg>
<arg>${MY_ACCOUNT_MENU}</arg>
<doc>Click the element identified by ``locator``.</doc>
<status status="PASS" start="2026-02-23T11:19:19.234741" elapsed="0.782083"/>
</kw>
<kw name="Sleep" owner="BuiltIn">
<msg time="2026-02-23T11:19:21.018295" level="INFO">Slept 1 second.</msg>
<arg>1s</arg>
<doc>Pauses the test executed for the given time.</doc>
<status status="PASS" start="2026-02-23T11:19:20.016824" elapsed="1.001471"/>
</kw>
<kw name="Wait Until Element Is Visible" owner="SeleniumLibrary">
<arg>${LOGIN_LINK}</arg>
<doc>Waits until the element ``locator`` is visible.</doc>
<status status="PASS" start="2026-02-23T11:19:21.018803" elapsed="0.022356"/>
</kw>
<kw name="Click Element" owner="SeleniumLibrary">
<msg time="2026-02-23T11:19:21.041682" level="INFO">Clicking element 'xpath=//a[contains(@href,"route=account/login") and contains(text(),"Login")]'.</msg>
<arg>${LOGIN_LINK}</arg>
<doc>Click the element identified by ``locator``.</doc>
<status status="PASS" start="2026-02-23T11:19:21.041682" elapsed="0.725142"/>
</kw>
<kw name="Wait Until Page Contains" owner="SeleniumLibrary">
<arg>Account Login</arg>
<doc>Waits until ``text`` appears on the current page.</doc>
<status status="PASS" start="2026-02-23T11:19:21.767833" elapsed="0.012379"/>
</kw>
<kw name="Location Should Contain" owner="SeleniumLibrary">
<msg time="2026-02-23T11:19:21.783759" level="INFO">Current location contains 'route=account/login'.</msg>
<arg>route=account/login</arg>
<doc>Verifies that the current URL contains ``expected``.</doc>
<status status="PASS" start="2026-02-23T11:19:21.780212" elapsed="0.004551"/>
</kw>
<kw name="Log To Console" owner="BuiltIn">
<arg>Logging in with Email: ${EMAIL}</arg>
<doc>Logs the given message to the console.</doc>
<status status="PASS" start="2026-02-23T11:19:21.784763" elapsed="0.000000"/>
</kw>
<kw name="Input Text" owner="SeleniumLibrary">
<msg time="2026-02-23T11:19:21.785768" level="INFO">Typing text 'test_user_0842@gmail.com' into text field 'id=input-email'.</msg>
<arg>${EMAIL_INPUT}</arg>
<arg>${EMAIL}</arg>
<doc>Types the given ``text`` into the text field identified by ``locator``.</doc>
<status status="PASS" start="2026-02-23T11:19:21.784763" elapsed="0.087569"/>
</kw>
<kw name="Input Text" owner="SeleniumLibrary">
<msg time="2026-02-23T11:19:21.873634" level="INFO">Typing text 'Rupesh@123' into text field 'id=input-password'.</msg>
<arg>${PASSWORD_INPUT}</arg>
<arg>${password}</arg>
<doc>Types the given ``text`` into the text field identified by ``locator``.</doc>
<status status="PASS" start="2026-02-23T11:19:21.873634" elapsed="0.063920"/>
</kw>
<kw name="Click Button" owner="SeleniumLibrary">
<msg time="2026-02-23T11:19:21.939544" level="INFO">Clicking button 'css=input.btn.btn-primary[value="Login"]'.</msg>
<arg>${LOGIN_BUTTON}</arg>
<doc>Clicks the button identified by ``locator``.</doc>
<status status="PASS" start="2026-02-23T11:19:21.937554" elapsed="0.058331"/>
</kw>
<kw name="Wait Until Page Contains" owner="SeleniumLibrary">
<arg>My Account</arg>
<doc>Waits until ``text`` appears on the current page.</doc>
<status status="PASS" start="2026-02-23T11:19:21.995885" elapsed="1.328663"/>
</kw>
<kw name="Wait Until Element Is Visible" owner="SeleniumLibrary">
<arg>${MY_ACCOUNT_HEADING}</arg>
<doc>Waits until the element ``locator`` is visible.</doc>
<status status="PASS" start="2026-02-23T11:19:23.324548" elapsed="0.011453"/>
</kw>
<kw name="Page Should Contain" owner="SeleniumLibrary">
<msg time="2026-02-23T11:19:23.343328" level="INFO">Current page contains text 'My Account'.</msg>
<arg>My Account</arg>
<doc>Verifies that current page contains ``text``.</doc>
<status status="PASS" start="2026-02-23T11:19:23.336001" elapsed="0.008331"/>
</kw>
<kw name="Location Should Contain" owner="SeleniumLibrary">
<msg time="2026-02-23T11:19:23.347936" level="INFO">Current location contains 'route=account/account'.</msg>
<arg>route=account/account</arg>
<doc>Verifies that the current URL contains ``expected``.</doc>
<status status="PASS" start="2026-02-23T11:19:23.344332" elapsed="0.003604"/>
</kw>
<kw name="Log To Console" owner="BuiltIn">
<arg>Login Successful After Logout</arg>
<doc>Logs the given message to the console.</doc>
<status status="PASS" start="2026-02-23T11:19:23.347936" elapsed="0.000000"/>
</kw>
<arg>${password}</arg>
<status status="PASS" start="2026-02-23T11:19:18.332493" elapsed="5.015443"/>
</kw>
<kw name="Search Products" owner="search_keywords">
<kw name="Go To" owner="SeleniumLibrary">
<msg time="2026-02-23T11:19:23.349466" level="INFO">Opening url 'https://ecommerce-playground.lambdatest.io/index.php'</msg>
<arg>${BASE_URL}</arg>
<doc>Navigates the current browser window to the provided ``url``.</doc>
<status status="PASS" start="2026-02-23T11:19:23.349466" elapsed="0.800086"/>
</kw>
<kw name="Location Should Contain" owner="SeleniumLibrary">
<msg time="2026-02-23T11:19:24.224677" level="INFO">Current location contains 'index.php'.</msg>
<arg>index.php</arg>
<doc>Verifies that the current URL contains ``expected``.</doc>
<status status="PASS" start="2026-02-23T11:19:24.149552" elapsed="0.075125"/>
</kw>
<kw name="Page Should Contain" owner="SeleniumLibrary">
<msg time="2026-02-23T11:19:24.243219" level="INFO">Current page contains text 'Search'.</msg>
<arg>Search</arg>
<doc>Verifies that current page contains ``text``.</doc>
<status status="PASS" start="2026-02-23T11:19:24.224677" elapsed="0.018542"/>
</kw>
<kw name="Wait Until Element Is Visible" owner="SeleniumLibrary">
<arg>${SEARCH_BOX}</arg>
<doc>Waits until the element ``locator`` is visible.</doc>
<status status="PASS" start="2026-02-23T11:19:24.243219" elapsed="0.022348"/>
</kw>
<kw name="Element Should Be Visible" owner="SeleniumLibrary">
<msg time="2026-02-23T11:19:24.275130" level="INFO">Element 'name=search' is displayed.</msg>
<arg>${SEARCH_BOX}</arg>
<doc>Verifies that the element identified by ``locator`` is visible.</doc>
<status status="PASS" start="2026-02-23T11:19:24.265567" elapsed="0.009563"/>
</kw>
<kw name="Element Should Be Enabled" owner="SeleniumLibrary">
<arg>${SEARCH_BOX}</arg>
<doc>Verifies that element identified by ``locator`` is enabled.</doc>
<status status="PASS" start="2026-02-23T11:19:24.276450" elapsed="0.013898"/>
</kw>
<status status="PASS" start="2026-02-23T11:19:23.347936" elapsed="0.942412"/>
</kw>
<kw name="input search" owner="search_keywords">
<kw name="Clear Element Text" owner="SeleniumLibrary">
<arg>${SEARCH_BOX}</arg>
<doc>Clears the value of the text-input-element identified by ``locator``.</doc>
<status status="PASS" start="2026-02-23T11:19:24.291363" elapsed="0.020012"/>
</kw>
<kw name="Input Text" owner="SeleniumLibrary">
<msg time="2026-02-23T11:19:24.312530" level="INFO">Typing text 'nikon d300' into text field 'name=search'.</msg>
<arg>${SEARCH_BOX}</arg>
<arg>${product}</arg>
<doc>Types the given ``text`` into the text field identified by ``locator``.</doc>
<status status="PASS" start="2026-02-23T11:19:24.312530" elapsed="0.054357"/>
</kw>
<kw name="Textfield Value Should Be" owner="SeleniumLibrary">
<msg time="2026-02-23T11:19:24.395601" level="INFO">Content of text field 'name=search' is 'nikon d300'.</msg>
<arg>${SEARCH_BOX}</arg>
<arg>${product}</arg>
<doc>Verifies text field ``locator`` has exactly text ``expected``.</doc>
<status status="PASS" start="2026-02-23T11:19:24.366887" elapsed="0.028714"/>
</kw>
<arg>${product}</arg>
<status status="PASS" start="2026-02-23T11:19:24.291363" elapsed="0.104238"/>
</kw>
<kw name="input enter" owner="search_keywords">
<kw name="Press Keys" owner="SeleniumLibrary">
<msg time="2026-02-23T11:19:24.397099" level="INFO">Sending key(s) ('ENTER',) to name=search element.</msg>
<msg time="2026-02-23T11:19:24.676680" level="INFO">Pressing special key ENTER to element.</msg>
<msg time="2026-02-23T11:19:24.676680" level="INFO">Releasing special key ENTER.</msg>
<arg>${SEARCH_BOX}</arg>
<arg>ENTER</arg>
<doc>Simulates the user pressing key(s) to an element or on the active browser.</doc>
<status status="PASS" start="2026-02-23T11:19:24.397099" elapsed="0.285702"/>
</kw>
<kw name="Sleep" owner="BuiltIn">
<msg time="2026-02-23T11:19:27.682801" level="INFO">Slept 3 seconds.</msg>
<arg>3s</arg>
<doc>Pauses the test executed for the given time.</doc>
<status status="PASS" start="2026-02-23T11:19:24.682801" elapsed="3.000000"/>
</kw>
<status status="PASS" start="2026-02-23T11:19:24.397099" elapsed="3.285702"/>
</kw>
<kw name="validation" owner="search_keywords">
<kw name="Wait Until Page Contains" owner="SeleniumLibrary">
<arg>Search</arg>
<doc>Waits until ``text`` appears on the current page.</doc>
<status status="PASS" start="2026-02-23T11:19:27.683925" elapsed="0.015343"/>
</kw>
<kw name="Page Should Contain Element" owner="SeleniumLibrary">
<msg time="2026-02-23T11:19:27.706891" level="INFO">Current page contains element 'xpath=(//div[contains(@class,"product-thumb")]//h4/a)[1]'.</msg>
<arg>${FIRST_PRODUCT}</arg>
<doc>Verifies that element ``locator`` is found on the current page.</doc>
<status status="PASS" start="2026-02-23T11:19:27.699268" elapsed="0.007623"/>
</kw>
<kw name="Page Should Contain" owner="SeleniumLibrary">
<msg time="2026-02-23T11:19:27.717877" level="INFO">Current page contains text 'HP'.</msg>
<arg>${PRODUCT_NAME}</arg>
<doc>Verifies that current page contains ``text``.</doc>
<status status="PASS" start="2026-02-23T11:19:27.706891" elapsed="0.010986"/>
</kw>
<kw name="Log To Console" owner="BuiltIn">
<arg>Product Search Completed Successfully!</arg>
<doc>Logs the given message to the console.</doc>
<status status="PASS" start="2026-02-23T11:19:27.717877" elapsed="0.000000"/>
</kw>
<status status="PASS" start="2026-02-23T11:19:27.682801" elapsed="0.035076"/>
</kw>
<kw name="Open First Product Details" owner="product_keywords">
<kw name="Wait Until Element Is Visible" owner="SeleniumLibrary">
<arg>${FIRST_PRODUCT}</arg>
<doc>Waits until the element ``locator`` is visible.</doc>
<status status="PASS" start="2026-02-23T11:19:27.719402" elapsed="0.014187"/>
</kw>
<kw name="Element Should Be Visible" owner="SeleniumLibrary">
<msg time="2026-02-23T11:19:27.747858" level="INFO">Element 'xpath=(//div[contains(@class,"product-thumb")]//h4/a)[1]' is displayed.</msg>
<arg>${FIRST_PRODUCT}</arg>
<doc>Verifies that the element identified by ``locator`` is visible.</doc>
<status status="PASS" start="2026-02-23T11:19:27.733589" elapsed="0.014269"/>
</kw>
<kw name="Element Should Be Enabled" owner="SeleniumLibrary">
<arg>${FIRST_PRODUCT}</arg>
<doc>Verifies that element identified by ``locator`` is enabled.</doc>
<status status="PASS" start="2026-02-23T11:19:27.748378" elapsed="0.015111"/>
</kw>
<kw name="Click Element" owner="SeleniumLibrary">
<msg time="2026-02-23T11:19:27.764509" level="INFO">Clicking element 'xpath=(//div[contains(@class,"product-thumb")]//h4/a)[1]'.</msg>
<arg>${FIRST_PRODUCT}</arg>
<doc>Click the element identified by ``locator``.</doc>
<status status="PASS" start="2026-02-23T11:19:27.763489" elapsed="2.735756"/>
</kw>
<kw name="Location Should Contain" owner="SeleniumLibrary">
<msg time="2026-02-23T11:19:30.503761" level="INFO">Current location contains 'route=product'.</msg>
<arg>route=product</arg>
<doc>Verifies that the current URL contains ``expected``.</doc>
<status status="PASS" start="2026-02-23T11:19:30.499245" elapsed="0.004516"/>
</kw>
<kw name="Wait Until Element Is Visible" owner="SeleniumLibrary">
<arg>${PRODUCT_TITLE}</arg>
<doc>Waits until the element ``locator`` is visible.</doc>
<status status="PASS" start="2026-02-23T11:19:30.503761" elapsed="0.015664"/>
</kw>
<kw name="Element Should Be Visible" owner="SeleniumLibrary">
<msg time="2026-02-23T11:19:30.529607" level="INFO">Element 'css=h1' is displayed.</msg>
<arg>${PRODUCT_TITLE}</arg>
<doc>Verifies that the element identified by ``locator`` is visible.</doc>
<status status="PASS" start="2026-02-23T11:19:30.519425" elapsed="0.010182"/>
</kw>
<kw name="Get Text" owner="SeleniumLibrary">
<msg time="2026-02-23T11:19:30.545013" level="INFO">${title} = Nikon D300</msg>
<var>${title}</var>
<arg>${PRODUCT_TITLE}</arg>
<doc>Returns the text value of the element identified by ``locator``.</doc>
<status status="PASS" start="2026-02-23T11:19:30.531022" elapsed="0.014995"/>
</kw>
<kw name="Should Not Be Empty" owner="BuiltIn">
<msg time="2026-02-23T11:19:30.546017" level="INFO">Length is 10.</msg>
<arg>${title}</arg>
<doc>Verifies that the given item is not empty.</doc>
<status status="PASS" start="2026-02-23T11:19:30.546017" elapsed="0.000000"/>
</kw>
<kw name="Log To Console" owner="BuiltIn">
<arg>Product Details Page Opened Successfully!</arg>
<doc>Logs the given message to the console.</doc>
<status status="PASS" start="2026-02-23T11:19:30.547023" elapsed="0.000000"/>
</kw>
<kw name="Log To Console" owner="BuiltIn">
<arg>Opened Product: ${title}</arg>
<doc>Logs the given message to the console.</doc>
<status status="PASS" start="2026-02-23T11:19:30.547023" elapsed="0.001020"/>
</kw>
<kw name="Element Should Be Visible" owner="SeleniumLibrary">
<msg time="2026-02-23T11:19:30.561072" level="INFO">Element 'css=div#entry_216842 button[title='Add to Cart']' is displayed.</msg>
<arg>${ADD_TO_CART}</arg>
<doc>Verifies that the element identified by ``locator`` is visible.</doc>
<status status="PASS" start="2026-02-23T11:19:30.548043" elapsed="0.014415"/>
</kw>
<status status="PASS" start="2026-02-23T11:19:27.719402" elapsed="2.843056"/>
</kw>
<kw name="Add Product To Cart And Validate Success" owner="cart_keywords">
<kw name="Run Keyword And Return Status" owner="BuiltIn">
<kw name="Wait Until Element Is Visible" owner="SeleniumLibrary">
<arg>${ADD_TO_CART}</arg>
<arg>5s</arg>
<doc>Waits until the element ``locator`` is visible.</doc>
<status status="PASS" start="2026-02-23T11:19:30.563652" elapsed="0.010095"/>
</kw>
<msg time="2026-02-23T11:19:30.573747" level="INFO">${present} = True</msg>
<var>${present}</var>
<arg>Wait Until Element Is Visible</arg>
<arg>${ADD_TO_CART}</arg>
<arg>5s</arg>
<doc>Runs the specified keyword and returns the status as a Boolean value.</doc>
<status status="PASS" start="2026-02-23T11:19:30.563652" elapsed="0.010095"/>
</kw>
<if>
<branch type="IF" condition="not ${present}">
<kw name="Log To Console" owner="BuiltIn">
<arg>❌ Add To Cart not found (Out of Stock). Skipping...</arg>
<doc>Logs the given message to the console.</doc>
<status status="NOT RUN" start="2026-02-23T11:19:30.574750" elapsed="0.000000"/>
</kw>
<kw name="Return From Keyword" owner="BuiltIn">
<doc>Returns from the enclosing user keyword.</doc>
<status status="NOT RUN" start="2026-02-23T11:19:30.574750" elapsed="0.000000"/>
</kw>
<status status="NOT RUN" start="2026-02-23T11:19:30.573747" elapsed="0.002497"/>
</branch>
<status status="PASS" start="2026-02-23T11:19:30.573747" elapsed="0.002497"/>
</if>
<kw name="Scroll Element Into View" owner="SeleniumLibrary">
<arg>${ADD_TO_CART}</arg>
<doc>Scrolls the element identified by ``locator`` into view.</doc>
<status status="PASS" start="2026-02-23T11:19:30.576244" elapsed="0.273975"/>
</kw>
<kw name="Run Keyword And Return Status" owner="BuiltIn">
<kw name="Element Should Be Enabled" owner="SeleniumLibrary">
<msg time="2026-02-23T11:19:31.029184" level="INFO" html="true">&lt;/td&gt;&lt;/tr&gt;&lt;tr&gt;&lt;td colspan="3"&gt;&lt;a href="selenium-screenshot-3.png"&gt;&lt;img src="selenium-screenshot-3.png" width="800px"&gt;&lt;/a&gt;</msg>
<msg time="2026-02-23T11:19:31.030188" level="FAIL">Element 'css=div#entry_216842 button[title='Add to Cart']' is disabled.</msg>
<arg>${ADD_TO_CART}</arg>
<doc>Verifies that element identified by ``locator`` is enabled.</doc>
<status status="FAIL" start="2026-02-23T11:19:30.851230" elapsed="0.206888">Element 'css=div#entry_216842 button[title='Add to Cart']' is disabled.</status>
</kw>
<msg time="2026-02-23T11:19:31.059126" level="INFO">${enabled} = False</msg>
<var>${enabled}</var>
<arg>Element Should Be Enabled</arg>
<arg>${ADD_TO_CART}</arg>
<doc>Runs the specified keyword and returns the status as a Boolean value.</doc>
<status status="PASS" start="2026-02-23T11:19:30.850219" elapsed="0.208907"/>
</kw>
<if>
<branch type="IF" condition="not ${enabled}">
<kw name="Log To Console" owner="BuiltIn">
<arg>⚠️ Product Out of Stock (Button Disabled). Skipping Add To Cart...</arg>
<doc>Logs the given message to the console.</doc>
<status status="PASS" start="2026-02-23T11:19:31.059126" elapsed="0.001006"/>
</kw>
<kw name="Return From Keyword" owner="BuiltIn">
<msg time="2026-02-23T11:19:31.061132" level="INFO">Returning from the enclosing user keyword.</msg>
<doc>Returns from the enclosing user keyword.</doc>
<status status="PASS" start="2026-02-23T11:19:31.060132" elapsed="0.001000"/>
</kw>
<status status="PASS" start="2026-02-23T11:19:31.059126" elapsed="0.002006"/>
</branch>
<status status="PASS" start="2026-02-23T11:19:31.059126" elapsed="0.002006"/>
</if>
<kw name="Click Element" owner="SeleniumLibrary">
<arg>${ADD_TO_CART}</arg>
<doc>Click the element identified by ``locator``.</doc>
<status status="NOT RUN" start="2026-02-23T11:19:31.061638" elapsed="0.000000"/>
</kw>
<kw name="Sleep" owner="BuiltIn">
<arg>3s</arg>
<doc>Pauses the test executed for the given time.</doc>
<status status="NOT RUN" start="2026-02-23T11:19:31.061638" elapsed="0.000000"/>
</kw>
<kw name="Run Keyword And Return Status" owner="BuiltIn">
<var>${success}</var>
<arg>Wait Until Element Is Visible</arg>
<arg>${CART_SUCCESS_MSG}</arg>
<arg>5s</arg>
<doc>Runs the specified keyword and returns the status as a Boolean value.</doc>
<status status="NOT RUN" start="2026-02-23T11:19:31.061638" elapsed="0.000000"/>
</kw>
<if>
<branch type="IF" condition="not ${success}">
<kw name="Log To Console" owner="BuiltIn">
<arg>⚠️ No success message appeared. Product may not be added.</arg>
<doc>Logs the given message to the console.</doc>
<status status="NOT RUN" start="2026-02-23T11:19:31.061638" elapsed="0.000000"/>
</kw>
<kw name="Return From Keyword" owner="BuiltIn">
<doc>Returns from the enclosing user keyword.</doc>
<status status="NOT RUN" start="2026-02-23T11:19:31.062918" elapsed="0.000000"/>
</kw>
<status status="NOT RUN" start="2026-02-23T11:19:31.061638" elapsed="0.001280"/>
</branch>
<status status="NOT RUN" start="2026-02-23T11:19:31.061638" elapsed="0.001280"/>
</if>
<kw name="Log To Console" owner="BuiltIn">
<arg>✅ Product Added To Cart Successfully!</arg>
<doc>Logs the given message to the console.</doc>
<status status="NOT RUN" start="2026-02-23T11:19:31.063426" elapsed="0.000000"/>
</kw>
<kw name="Wait Until Element Is Visible" owner="SeleniumLibrary">
<arg>${VIEW_CART_BTN}</arg>
<doc>Waits until the element ``locator`` is visible.</doc>
<status status="NOT RUN" start="2026-02-23T11:19:31.063426" elapsed="0.000000"/>
</kw>
<kw name="Element Should Be Visible" owner="SeleniumLibrary">
<arg>${VIEW_CART_BTN}</arg>
<doc>Verifies that the element identified by ``locator`` is visible.</doc>
<status status="NOT RUN" start="2026-02-23T11:19:31.063426" elapsed="0.000000"/>
</kw>
<status status="PASS" start="2026-02-23T11:19:30.562458" elapsed="0.500968"/>
</kw>
<kw name="Update Cart Quantity And Remove Item" owner="cart_update_remove_keywords">
<kw name="Run Keyword And Return Status" owner="BuiltIn">
<kw name="Wait Until Element Is Visible" owner="SeleniumLibrary">
<msg time="2026-02-23T11:19:36.242472" level="INFO" html="true">&lt;/td&gt;&lt;/tr&gt;&lt;tr&gt;&lt;td colspan="3"&gt;&lt;a href="selenium-screenshot-4.png"&gt;&lt;img src="selenium-screenshot-4.png" width="800px"&gt;&lt;/a&gt;</msg>
<msg time="2026-02-23T11:19:36.242472" level="FAIL">Element 'xpath=//a[normalize-space()="View Cart"]' not visible after 5 seconds.</msg>
<arg>${VIEW_CART_BTN}</arg>
<arg>5s</arg>
<doc>Waits until the element ``locator`` is visible.</doc>
<status status="FAIL" start="2026-02-23T11:19:31.066429" elapsed="5.176043">Element 'xpath=//a[normalize-space()="View Cart"]' not visible after 5 seconds.</status>
</kw>
<msg time="2026-02-23T11:19:36.242472" level="INFO">${cart_visible} = False</msg>
<var>${cart_visible}</var>
<arg>Wait Until Element Is Visible</arg>
<arg>${VIEW_CART_BTN}</arg>
<arg>5s</arg>
<doc>Runs the specified keyword and returns the status as a Boolean value.</doc>
<status status="PASS" start="2026-02-23T11:19:31.064429" elapsed="5.178043"/>
</kw>
<if>
<branch type="IF" condition="not ${cart_visible}">
<kw name="Log To Console" owner="BuiltIn">
<arg>⚠️ View Cart button not available. Cart may be empty. Skipping Update/Remove...</arg>
<doc>Logs the given message to the console.</doc>
<status status="PASS" start="2026-02-23T11:19:36.243844" elapsed="0.000000"/>
</kw>
<kw name="Return From Keyword" owner="BuiltIn">
<msg time="2026-02-23T11:19:36.244913" level="INFO">Returning from the enclosing user keyword.</msg>
<doc>Returns from the enclosing user keyword.</doc>
<status status="PASS" start="2026-02-23T11:19:36.243844" elapsed="0.001069"/>
</kw>
<status status="PASS" start="2026-02-23T11:19:36.243844" elapsed="0.001069"/>
</branch>
<status status="PASS" start="2026-02-23T11:19:36.243844" elapsed="0.001069"/>
</if>
<kw name="Click Element" owner="SeleniumLibrary">
<arg>${VIEW_CART_BTN}</arg>
<doc>Click the element identified by ``locator``.</doc>
<status status="NOT RUN" start="2026-02-23T11:19:36.244913" elapsed="0.000000"/>
</kw>
<kw name="Wait Until Element Is Visible" owner="SeleniumLibrary">
<arg>${CART_HEADING}</arg>
<arg>5s</arg>
<doc>Waits until the element ``locator`` is visible.</doc>
<status status="NOT RUN" start="2026-02-23T11:19:36.244913" elapsed="0.000000"/>
</kw>
<kw name="Log To Console" owner="BuiltIn">
<arg>✅ Shopping Cart Page Opened</arg>
<doc>Logs the given message to the console.</doc>
<status status="NOT RUN" start="2026-02-23T11:19:36.244913" elapsed="0.000000"/>
</kw>
<kw name="Run Keyword And Return Status" owner="BuiltIn">
<var>${qty_present}</var>
<arg>Wait Until Element Is Visible</arg>
<arg>${QTY_BOX}</arg>
<arg>5s</arg>
<doc>Runs the specified keyword and returns the status as a Boolean value.</doc>
<status status="NOT RUN" start="2026-02-23T11:19:36.244913" elapsed="0.000000"/>
</kw>
<if>
<branch type="IF" condition="not ${qty_present}">
<kw name="Log To Console" owner="BuiltIn">
<arg>⚠️ No items found in cart. Skipping update/remove...</arg>
<doc>Logs the given message to the console.</doc>
<status status="NOT RUN" start="2026-02-23T11:19:36.246203" elapsed="0.000000"/>
</kw>
<kw name="Return From Keyword" owner="BuiltIn">
<doc>Returns from the enclosing user keyword.</doc>
<status status="NOT RUN" start="2026-02-23T11:19:36.246203" elapsed="0.000000"/>
</kw>
<status status="NOT RUN" start="2026-02-23T11:19:36.244913" elapsed="0.001290"/>
</branch>
<status status="NOT RUN" start="2026-02-23T11:19:36.244913" elapsed="0.001290"/>
</if>
<kw name="Clear Element Text" owner="SeleniumLibrary">
<arg>${QTY_BOX}</arg>
<doc>Clears the value of the text-input-element identified by ``locator``.</doc>
<status status="NOT RUN" start="2026-02-23T11:19:36.246203" elapsed="0.000000"/>
</kw>
<kw name="Input Text" owner="SeleniumLibrary">
<arg>${QTY_BOX}</arg>
<arg>2</arg>
<doc>Types the given ``text`` into the text field identified by ``locator``.</doc>
<status status="NOT RUN" start="2026-02-23T11:19:36.246203" elapsed="0.000000"/>
</kw>
<kw name="Textfield Value Should Be" owner="SeleniumLibrary">
<arg>${QTY_BOX}</arg>
<arg>2</arg>
<doc>Verifies text field ``locator`` has exactly text ``expected``.</doc>
<status status="NOT RUN" start="2026-02-23T11:19:36.246203" elapsed="0.000000"/>
</kw>
<kw name="Run Keyword And Return Status" owner="BuiltIn">
<var>${update_enabled}</var>
<arg>Element Should Be Enabled</arg>
<arg>${UPDATE_BTN}</arg>
<doc>Runs the specified keyword and returns the status as a Boolean value.</doc>
<status status="NOT RUN" start="2026-02-23T11:19:36.247214" elapsed="0.000000"/>
</kw>
<if>
<branch type="IF" condition="not ${update_enabled}">
<kw name="Log To Console" owner="BuiltIn">
<arg>⚠️ Update button not enabled. Skipping...</arg>
<doc>Logs the given message to the console.</doc>
<status status="NOT RUN" start="2026-02-23T11:19:36.247214" elapsed="0.000000"/>
</kw>
<kw name="Return From Keyword" owner="BuiltIn">
<doc>Returns from the enclosing user keyword.</doc>
<status status="NOT RUN" start="2026-02-23T11:19:36.247214" elapsed="0.000000"/>
</kw>
<status status="NOT RUN" start="2026-02-23T11:19:36.247214" elapsed="0.000000"/>
</branch>
<status status="NOT RUN" start="2026-02-23T11:19:36.247214" elapsed="0.000000"/>
</if>
<kw name="Click Element" owner="SeleniumLibrary">
<arg>${UPDATE_BTN}</arg>
<doc>Click the element identified by ``locator``.</doc>
<status status="NOT RUN" start="2026-02-23T11:19:36.247214" elapsed="0.001480"/>
</kw>
<kw name="Run Keyword And Return Status" owner="BuiltIn">
<var>${update_msg}</var>
<arg>Page Should Contain</arg>
<arg>Success: You have modified your shopping cart</arg>
<doc>Runs the specified keyword and returns the status as a Boolean value.</doc>
<status status="NOT RUN" start="2026-02-23T11:19:36.248694" elapsed="0.000000"/>
</kw>
<if>
<branch type="IF" condition="${update_msg}">
<kw name="Log To Console" owner="BuiltIn">
<arg>✅ Quantity Updated Successfully</arg>
<doc>Logs the given message to the console.</doc>
<status status="NOT RUN" start="2026-02-23T11:19:36.248694" elapsed="0.000000"/>
</kw>
<status status="NOT RUN" start="2026-02-23T11:19:36.248694" elapsed="0.000000"/>
</branch>
<branch type="ELSE">
<kw name="Log To Console" owner="BuiltIn">
<arg>⚠️ Update message not displayed, continuing...</arg>
<doc>Logs the given message to the console.</doc>
<status status="NOT RUN" start="2026-02-23T11:19:36.248694" elapsed="0.000000"/>
</kw>
<status status="NOT RUN" start="2026-02-23T11:19:36.248694" elapsed="0.000000"/>
</branch>
<status status="NOT RUN" start="2026-02-23T11:19:36.248694" elapsed="0.000000"/>
</if>
<kw name="Run Keyword And Return Status" owner="BuiltIn">
<var>${remove_enabled}</var>
<arg>Element Should Be Enabled</arg>
<arg>${REMOVE_BTN}</arg>
<doc>Runs the specified keyword and returns the status as a Boolean value.</doc>
<status status="NOT RUN" start="2026-02-23T11:19:36.248694" elapsed="0.000000"/>
</kw>
<if>
<branch type="IF" condition="not ${remove_enabled}">
<kw name="Log To Console" owner="BuiltIn">
<arg>⚠️ Remove button not enabled. Skipping...</arg>
<doc>Logs the given message to the console.</doc>
<status status="NOT RUN" start="2026-02-23T11:19:36.248694" elapsed="0.001330"/>
</kw>
<kw name="Return From Keyword" owner="BuiltIn">
<doc>Returns from the enclosing user keyword.</doc>
<status status="NOT RUN" start="2026-02-23T11:19:36.250024" elapsed="0.000000"/>
</kw>
<status status="NOT RUN" start="2026-02-23T11:19:36.248694" elapsed="0.001330"/>
</branch>
<status status="NOT RUN" start="2026-02-23T11:19:36.248694" elapsed="0.001330"/>
</if>
<kw name="Click Element" owner="SeleniumLibrary">
<arg>${REMOVE_BTN}</arg>
<doc>Click the element identified by ``locator``.</doc>
<status status="NOT RUN" start="2026-02-23T11:19:36.250024" elapsed="0.000000"/>
</kw>
<kw name="Sleep" owner="BuiltIn">
<arg>2s</arg>
<doc>Pauses the test executed for the given time.</doc>
<status status="NOT RUN" start="2026-02-23T11:19:36.250024" elapsed="0.000000"/>
</kw>
<kw name="Run Keyword And Return Status" owner="BuiltIn">
<var>${empty_cart}</var>
<arg>Wait Until Page Contains</arg>
<arg>Your shopping cart is empty!</arg>
<arg>5s</arg>
<doc>Runs the specified keyword and returns the status as a Boolean value.</doc>
<status status="NOT RUN" start="2026-02-23T11:19:36.251029" elapsed="0.000000"/>
</kw>
<if>
<branch type="IF" condition="${empty_cart}">
<kw name="Log To Console" owner="BuiltIn">
<arg>✅ Item Removed Successfully and Cart is Empty</arg>
<doc>Logs the given message to the console.</doc>
<status status="NOT RUN" start="2026-02-23T11:19:36.251029" elapsed="0.000000"/>
</kw>
<status status="NOT RUN" start="2026-02-23T11:19:36.251029" elapsed="0.000000"/>
</branch>
<branch type="ELSE">
<kw name="Log To Console" owner="BuiltIn">
<arg>⚠️ Cart empty message not shown.</arg>
<doc>Logs the given message to the console.</doc>
<status status="NOT RUN" start="2026-02-23T11:19:36.251029" elapsed="0.000000"/>
</kw>
<status status="NOT RUN" start="2026-02-23T11:19:36.251029" elapsed="0.000000"/>
</branch>
<status status="NOT RUN" start="2026-02-23T11:19:36.251029" elapsed="0.001113"/>
</if>
<status status="PASS" start="2026-02-23T11:19:31.064429" elapsed="5.187713"/>
</kw>
<kw name="Logout User Successfully" owner="logout_keywords">
<kw name="Wait Until Element Is Visible" owner="SeleniumLibrary">
<arg>${MY_ACCOUNT_MENU}</arg>
<doc>Waits until the element ``locator`` is visible.</doc>
<status status="PASS" start="2026-02-23T11:19:36.253162" elapsed="0.012345"/>
</kw>
<kw name="Click Element" owner="SeleniumLibrary">
<msg time="2026-02-23T11:19:36.266510" level="INFO">Clicking element 'xpath=//a[contains(@href,"route=account/account") and contains(@class,"dropdown-toggle")]'.</msg>
<arg>${MY_ACCOUNT_MENU}</arg>
<doc>Click the element identified by ``locator``.</doc>
<status status="PASS" start="2026-02-23T11:19:36.265507" elapsed="0.702365"/>
</kw>
<kw name="Sleep" owner="BuiltIn">
<msg time="2026-02-23T11:19:37.968211" level="INFO">Slept 1 second.</msg>
<arg>1s</arg>
<doc>Pauses the test executed for the given time.</doc>
<status status="PASS" start="2026-02-23T11:19:36.967872" elapsed="1.000339"/>
</kw>
<kw name="Wait Until Element Is Visible" owner="SeleniumLibrary">
<arg>${LOGOUT_LINK}</arg>
<doc>Waits until the element ``locator`` is visible.</doc>
<status status="PASS" start="2026-02-23T11:19:37.968211" elapsed="0.021544"/>
</kw>
<kw name="Element Should Be Visible" owner="SeleniumLibrary">
<msg time="2026-02-23T11:19:37.999778" level="INFO">Element 'xpath=//a[contains(@href,"route=account/logout") and contains(text(),"Logout")]' is displayed.</msg>
<arg>${LOGOUT_LINK}</arg>
<doc>Verifies that the element identified by ``locator`` is visible.</doc>
<status status="PASS" start="2026-02-23T11:19:37.989755" elapsed="0.011621"/>
</kw>
<kw name="Click Element" owner="SeleniumLibrary">
<msg time="2026-02-23T11:19:38.001376" level="INFO">Clicking element 'xpath=//a[contains(@href,"route=account/logout") and contains(text(),"Logout")]'.</msg>
<arg>${LOGOUT_LINK}</arg>
<doc>Click the element identified by ``locator``.</doc>
<status status="PASS" start="2026-02-23T11:19:38.001376" elapsed="0.993666"/>
</kw>
<kw name="Wait Until Element Is Visible" owner="SeleniumLibrary">
<arg>${LOGOUT_TEXT}</arg>
<doc>Waits until the element ``locator`` is visible.</doc>
<status status="PASS" start="2026-02-23T11:19:38.996061" elapsed="0.017414"/>
</kw>
<kw name="Element Should Be Visible" owner="SeleniumLibrary">
<msg time="2026-02-23T11:19:39.027416" level="INFO">Element 'xpath=//h1[contains(text(),"Account Logout")]' is displayed.</msg>
<arg>${LOGOUT_TEXT}</arg>
<doc>Verifies that the element identified by ``locator`` is visible.</doc>
<status status="PASS" start="2026-02-23T11:19:39.014483" elapsed="0.012933"/>
</kw>
<kw name="Page Should Contain" owner="SeleniumLibrary">
<msg time="2026-02-23T11:19:39.039364" level="INFO">Current page contains text 'Account Logout'.</msg>
<arg>Account Logout</arg>
<doc>Verifies that current page contains ``text``.</doc>
<status status="PASS" start="2026-02-23T11:19:39.028437" elapsed="0.010927"/>
</kw>
<kw name="Location Should Contain" owner="SeleniumLibrary">
<msg time="2026-02-23T11:19:39.043438" level="INFO">Current location contains 'route=account/logout'.</msg>
<arg>route=account/logout</arg>
<doc>Verifies that the current URL contains ``expected``.</doc>
<status status="PASS" start="2026-02-23T11:19:39.040383" elapsed="0.003055"/>
</kw>
<kw name="Log To Console" owner="BuiltIn">
<arg>Logout Completed Successfully</arg>
<doc>Logs the given message to the console.</doc>
<status status="PASS" start="2026-02-23T11:19:39.044444" elapsed="0.000000"/>
</kw>
<status status="PASS" start="2026-02-23T11:19:36.252142" elapsed="2.792302"/>
</kw>
<arg>firstname=mohan</arg>
<arg>lastname=rupesh</arg>
<arg>phone=9123456789</arg>
<arg>password=Rupesh@123</arg>
<arg>product=nikon d300</arg>
<status status="PASS" start="2026-02-23T11:18:52.484662" elapsed="46.559782"/>
</kw>
<kw name="Capture Screenshot On Failure" owner="common" type="TEARDOWN">
<kw name="Run Keyword If Test Failed" owner="BuiltIn">
<arg>Capture Page Screenshot</arg>
<doc>Runs the given keyword with the given arguments, if the test failed.</doc>
<status status="PASS" start="2026-02-23T11:19:39.045755" elapsed="0.000000"/>
</kw>
<status status="PASS" start="2026-02-23T11:19:39.045755" elapsed="0.001354"/>
</kw>
<status status="PASS" start="2026-02-23T11:18:52.481193" elapsed="46.565916"/>
</test>
<test id="s1-s1-s1-t3" name="end to end test for user- ranga akash" line="25">
<kw name="end to end flow">
<kw name="Register New User" owner="register_keywords">
<kw name="Go To" owner="SeleniumLibrary">
<msg time="2026-02-23T11:19:39.049124" level="INFO">Opening url 'https://ecommerce-playground.lambdatest.io/index.php'</msg>
<arg>${BASE_URL}</arg>
<doc>Navigates the current browser window to the provided ``url``.</doc>
<status status="PASS" start="2026-02-23T11:19:39.049124" elapsed="0.792022"/>
</kw>
<kw name="Title Should Be" owner="SeleniumLibrary">
<msg time="2026-02-23T11:19:39.915577" level="INFO">Page title is 'Your Store'.</msg>
<arg>Your Store</arg>
<doc>Verifies that the current page title equals ``title``.</doc>
<status status="PASS" start="2026-02-23T11:19:39.841146" elapsed="0.074431"/>
</kw>
<kw name="Page Should Contain" owner="SeleniumLibrary">
<msg time="2026-02-23T11:19:39.927001" level="INFO">Current page contains text 'My account'.</msg>
<arg>My account</arg>
<doc>Verifies that current page contains ``text``.</doc>
<status status="PASS" start="2026-02-23T11:19:39.915577" elapsed="0.012427"/>
</kw>
<kw name="Wait Until Element Is Visible" owner="SeleniumLibrary">
<arg>${MY_ACCOUNT_MENU}</arg>
<doc>Waits until the element ``locator`` is visible.</doc>
<status status="PASS" start="2026-02-23T11:19:39.928004" elapsed="0.009786"/>
</kw>
<kw name="Click Element" owner="SeleniumLibrary">
<msg time="2026-02-23T11:19:39.937790" level="INFO">Clicking element 'xpath=//a[contains(@href,"route=account/account") and contains(@class,"dropdown-toggle")]'.</msg>
<arg>${MY_ACCOUNT_MENU}</arg>
<doc>Click the element identified by ``locator``.</doc>
<status status="PASS" start="2026-02-23T11:19:39.937790" elapsed="0.743302"/>
</kw>
<kw name="Sleep" owner="BuiltIn">
<msg time="2026-02-23T11:19:41.682010" level="INFO">Slept 1 second.</msg>
<arg>1s</arg>
<doc>Pauses the test executed for the given time.</doc>
<status status="PASS" start="2026-02-23T11:19:40.681092" elapsed="1.000918"/>
</kw>
<kw name="Wait Until Element Is Visible" owner="SeleniumLibrary">
<arg>${REGISTER_LINK}</arg>
<doc>Waits until the element ``locator`` is visible.</doc>
<status status="PASS" start="2026-02-23T11:19:41.682010" elapsed="0.020692"/>
</kw>
<kw name="Click Element" owner="SeleniumLibrary">
<msg time="2026-02-23T11:19:41.703722" level="INFO">Clicking element 'xpath=//a[contains(@href,"route=account/register") and contains(text(),"Register")]'.</msg>
<arg>${REGISTER_LINK}</arg>
<doc>Click the element identified by ``locator``.</doc>
<status status="PASS" start="2026-02-23T11:19:41.703722" elapsed="0.697659"/>
</kw>
<kw name="Wait Until Page Contains" owner="SeleniumLibrary">
<arg>Register Account</arg>
<doc>Waits until ``text`` appears on the current page.</doc>
<status status="PASS" start="2026-02-23T11:19:42.401381" elapsed="0.008701"/>
</kw>
<kw name="Location Should Contain" owner="SeleniumLibrary">
<msg time="2026-02-23T11:19:42.414516" level="INFO">Current location contains 'route=account/register'.</msg>
<arg>route=account/register</arg>
<doc>Verifies that the current URL contains ``expected``.</doc>
<status status="PASS" start="2026-02-23T11:19:42.410082" elapsed="0.004434"/>
</kw>
<status status="PASS" start="2026-02-23T11:19:39.049124" elapsed="3.365392"/>
</kw>
<kw name="input firstname" owner="register_keywords">
<kw name="Input Text" owner="SeleniumLibrary">
<msg time="2026-02-23T11:19:42.415530" level="INFO">Typing text 'ranga' into text field 'id=input-firstname'.</msg>
<arg>${FIRSTNAME_INPUT}</arg>
<arg>${firstname}</arg>
<doc>Types the given ``text`` into the text field identified by ``locator``.</doc>
<status status="PASS" start="2026-02-23T11:19:42.415530" elapsed="0.047912"/>
</kw>
<arg>${firstname}</arg>
<status status="PASS" start="2026-02-23T11:19:42.414516" elapsed="0.048926"/>
</kw>
<kw name="input lastname" owner="register_keywords">
<kw name="Input Text" owner="SeleniumLibrary">
<msg time="2026-02-23T11:19:42.464934" level="INFO">Typing text 'akash' into text field 'id=input-lastname'.</msg>
<arg>${LASTNAME_INPUT}</arg>
<arg>${lastname}</arg>
<doc>Types the given ``text`` into the text field identified by ``locator``.</doc>
<status status="PASS" start="2026-02-23T11:19:42.464934" elapsed="0.065291"/>
</kw>
<arg>${lastname}</arg>
<status status="PASS" start="2026-02-23T11:19:42.463442" elapsed="0.066783"/>
</kw>
<kw name="input email" owner="register_keywords">
<kw name="Generate Unique Email" owner="email_generator">
<kw name="Generate Random String" owner="String">
<msg time="2026-02-23T11:19:42.531178" level="INFO">${random} = 5535</msg>
<var>${random}</var>
<arg>4</arg>
<arg>0123456789</arg>
<doc>Generates a string with a desired ``length`` from the given ``chars``.</doc>
<status status="PASS" start="2026-02-23T11:19:42.531178" elapsed="0.000000"/>
</kw>
<kw name="Set Variable" owner="BuiltIn">
<msg time="2026-02-23T11:19:42.531178" level="INFO">${email} = test_user_5535@gmail.com</msg>
<var>${email}</var>
<arg>test_user_${random}@gmail.com</arg>
<doc>Returns the given values which can then be assigned to a variables.</doc>
<status status="PASS" start="2026-02-23T11:19:42.531178" elapsed="0.001017"/>
</kw>
<kw name="Set Suite Variable" owner="BuiltIn">
<msg time="2026-02-23T11:19:42.532195" level="INFO">${EMAIL} = test_user_5535@gmail.com</msg>
<arg>${EMAIL}</arg>
<arg>${email}</arg>
<doc>Makes a variable available everywhere within the scope of the current suite.</doc>
<status status="PASS" start="2026-02-23T11:19:42.532195" elapsed="0.000000"/>
</kw>
<kw name="Log To Console" owner="BuiltIn">
<arg>Dynamic Email Generated: ${EMAIL}</arg>
<doc>Logs the given message to the console.</doc>
<status status="PASS" start="2026-02-23T11:19:42.532195" elapsed="0.000000"/>
</kw>
<status status="PASS" start="2026-02-23T11:19:42.531178" elapsed="0.001017"/>
</kw>
<kw name="Log To Console" owner="BuiltIn">
<arg>Registering with Email: ${EMAIL}</arg>
<doc>Logs the given message to the console.</doc>
<status status="PASS" start="2026-02-23T11:19:42.532195" elapsed="0.001162"/>
</kw>
<kw name="Input Text" owner="SeleniumLibrary">
<msg time="2026-02-23T11:19:42.533357" level="INFO">Typing text 'test_user_5535@gmail.com' into text field 'id=input-email'.</msg>
<arg>${EMAIL_INPUT}</arg>
<arg>${EMAIL}</arg>
<doc>Types the given ``text`` into the text field identified by ``locator``.</doc>
<status status="PASS" start="2026-02-23T11:19:42.533357" elapsed="0.088006"/>
</kw>
<status status="PASS" start="2026-02-23T11:19:42.530225" elapsed="0.091138"/>
</kw>
<kw name="input phone" owner="register_keywords">
<kw name="Input Text" owner="SeleniumLibrary">
<msg time="2026-02-23T11:19:42.623622" level="INFO">Typing text '8787989890' into text field 'id=input-telephone'.</msg>
<arg>${PHONE_INPUT}</arg>
<arg>${phone}</arg>
<doc>Types the given ``text`` into the text field identified by ``locator``.</doc>
<status status="PASS" start="2026-02-23T11:19:42.622390" elapsed="0.079889"/>
</kw>
<arg>${phone}</arg>
<status status="PASS" start="2026-02-23T11:19:42.621363" elapsed="0.082378"/>
</kw>
<kw name="input password" owner="register_keywords">
<kw name="Input Text" owner="SeleniumLibrary">
<msg time="2026-02-23T11:19:42.703741" level="INFO">Typing text 'akash@123' into text field 'id=input-password'.</msg>
<arg>${PASSWORD_INPUT}</arg>
<arg>${password}</arg>
<doc>Types the given ``text`` into the text field identified by ``locator``.</doc>
<status status="PASS" start="2026-02-23T11:19:42.703741" elapsed="0.070039"/>
</kw>
<kw name="Input Text" owner="SeleniumLibrary">
<msg time="2026-02-23T11:19:42.773780" level="INFO">Typing text 'akash@123' into text field 'id=input-confirm'.</msg>
<arg>${CONFIRM_INPUT}</arg>
<arg>${password}</arg>
<doc>Types the given ``text`` into the text field identified by ``locator``.</doc>
<status status="PASS" start="2026-02-23T11:19:42.773780" elapsed="0.060190"/>
</kw>
<kw name="Textfield Value Should Be" owner="SeleniumLibrary">
<msg time="2026-02-23T11:19:42.852524" level="INFO">Content of text field 'id=input-confirm' is 'akash@123'.</msg>
<arg>${CONFIRM_INPUT}</arg>
<arg>${password}</arg>
<doc>Verifies text field ``locator`` has exactly text ``expected``.</doc>
<status status="PASS" start="2026-02-23T11:19:42.833970" elapsed="0.018554"/>
</kw>
<arg>${password}</arg>
<status status="PASS" start="2026-02-23T11:19:42.703741" elapsed="0.148783"/>
</kw>
<kw name="click agree" owner="register_keywords">
<kw name="Click Element" owner="SeleniumLibrary">
<msg time="2026-02-23T11:19:42.853527" level="INFO">Clicking element 'xpath=//label[@for="input-agree"]'.</msg>
<arg>${AGREE_LABEL}</arg>
<doc>Click the element identified by ``locator``.</doc>
<status status="PASS" start="2026-02-23T11:19:42.853527" elapsed="0.038090"/>
</kw>
<kw name="Checkbox Should Be Selected" owner="SeleniumLibrary">
<msg time="2026-02-23T11:19:42.891617" level="INFO">Verifying checkbox 'id=input-agree' is selected.</msg>
<arg>id=input-agree</arg>
<doc>Verifies checkbox ``locator`` is selected/checked.</doc>
<status status="PASS" start="2026-02-23T11:19:42.891617" elapsed="0.016022"/>
</kw>
<status status="PASS" start="2026-02-23T11:19:42.852524" elapsed="0.055115"/>
</kw>
<kw name="click continue" owner="register_keywords">
<kw name="Scroll Element Into View" owner="SeleniumLibrary">
<arg>${CONTINUE_BUTTON}</arg>
<doc>Scrolls the element identified by ``locator`` into view.</doc>
<status status="PASS" start="2026-02-23T11:19:42.907639" elapsed="0.286302"/>
</kw>
<kw name="Click Button" owner="SeleniumLibrary">
<msg time="2026-02-23T11:19:43.195274" level="INFO">Clicking button 'css=input.btn.btn-primary[type="submit"][value="Continue"]'.</msg>
<arg>${CONTINUE_BUTTON}</arg>
<doc>Clicks the button identified by ``locator``.</doc>
<status status="PASS" start="2026-02-23T11:19:43.195274" elapsed="0.041089"/>
</kw>
<kw name="Wait Until Element Is Visible" owner="SeleniumLibrary">
<arg>${SUCCESS_TEXT}</arg>
<doc>Waits until the element ``locator`` is visible.</doc>
<status status="PASS" start="2026-02-23T11:19:43.236363" elapsed="1.101294"/>
</kw>
<kw name="Page Should Contain" owner="SeleniumLibrary">
<msg time="2026-02-23T11:19:44.347765" level="INFO">Current page contains text 'Your Account Has Been Created'.</msg>
<arg>Your Account Has Been Created</arg>
<doc>Verifies that current page contains ``text``.</doc>
<status status="PASS" start="2026-02-23T11:19:44.338883" elapsed="0.008882"/>
</kw>
<kw name="Log To Console" owner="BuiltIn">
<arg>Registration Completed Successfully for ${firstname}</arg>
<doc>Logs the given message to the console.</doc>
<status status="PASS" start="2026-02-23T11:19:44.347765" elapsed="0.000000"/>
</kw>
<status status="PASS" start="2026-02-23T11:19:42.907639" elapsed="1.440126"/>
</kw>
<kw name="click logout" owner="register_keywords">
<kw name="Logout User Successfully" owner="logout_keywords">
<kw name="Wait Until Element Is Visible" owner="SeleniumLibrary">
<arg>${MY_ACCOUNT_MENU}</arg>
<doc>Waits until the element ``locator`` is visible.</doc>
<status status="PASS" start="2026-02-23T11:19:44.349855" elapsed="0.010043"/>
</kw>
<kw name="Click Element" owner="SeleniumLibrary">
<msg time="2026-02-23T11:19:44.361405" level="INFO">Clicking element 'xpath=//a[contains(@href,"route=account/account") and contains(@class,"dropdown-toggle")]'.</msg>
<arg>${MY_ACCOUNT_MENU}</arg>
<doc>Click the element identified by ``locator``.</doc>
<status status="PASS" start="2026-02-23T11:19:44.361405" elapsed="0.680931"/>
</kw>
<kw name="Sleep" owner="BuiltIn">
<msg time="2026-02-23T11:19:46.045453" level="INFO">Slept 1 second.</msg>
<arg>1s</arg>
<doc>Pauses the test executed for the given time.</doc>
<status status="PASS" start="2026-02-23T11:19:45.042336" elapsed="1.003117"/>
</kw>
<kw name="Wait Until Element Is Visible" owner="SeleniumLibrary">
<arg>${LOGOUT_LINK}</arg>
<doc>Waits until the element ``locator`` is visible.</doc>
<status status="PASS" start="2026-02-23T11:19:46.046460" elapsed="0.087678"/>
</kw>
<kw name="Element Should Be Visible" owner="SeleniumLibrary">
<msg time="2026-02-23T11:19:46.147338" level="INFO">Element 'xpath=//a[contains(@href,"route=account/logout") and contains(text(),"Logout")]' is displayed.</msg>
<arg>${LOGOUT_LINK}</arg>
<doc>Verifies that the element identified by ``locator`` is visible.</doc>
<status status="PASS" start="2026-02-23T11:19:46.135258" elapsed="0.012080"/>
</kw>
<kw name="Click Element" owner="SeleniumLibrary">
<msg time="2026-02-23T11:19:46.148722" level="INFO">Clicking element 'xpath=//a[contains(@href,"route=account/logout") and contains(text(),"Logout")]'.</msg>
<arg>${LOGOUT_LINK}</arg>
<doc>Click the element identified by ``locator``.</doc>
<status status="PASS" start="2026-02-23T11:19:46.147338" elapsed="1.006424"/>
</kw>
<kw name="Wait Until Element Is Visible" owner="SeleniumLibrary">
<arg>${LOGOUT_TEXT}</arg>
<doc>Waits until the element ``locator`` is visible.</doc>
<status status="PASS" start="2026-02-23T11:19:47.154761" elapsed="0.016232"/>
</kw>
<kw name="Element Should Be Visible" owner="SeleniumLibrary">
<msg time="2026-02-23T11:19:47.185453" level="INFO">Element 'xpath=//h1[contains(text(),"Account Logout")]' is displayed.</msg>
<arg>${LOGOUT_TEXT}</arg>
<doc>Verifies that the element identified by ``locator`` is visible.</doc>
<status status="PASS" start="2026-02-23T11:19:47.172167" elapsed="0.013286"/>
</kw>
<kw name="Page Should Contain" owner="SeleniumLibrary">
<msg time="2026-02-23T11:19:47.194973" level="INFO">Current page contains text 'Account Logout'.</msg>
<arg>Account Logout</arg>
<doc>Verifies that current page contains ``text``.</doc>
<status status="PASS" start="2026-02-23T11:19:47.185453" elapsed="0.009520"/>
</kw>
<kw name="Location Should Contain" owner="SeleniumLibrary">
<msg time="2026-02-23T11:19:47.199330" level="INFO">Current location contains 'route=account/logout'.</msg>
<arg>route=account/logout</arg>
<doc>Verifies that the current URL contains ``expected``.</doc>
<status status="PASS" start="2026-02-23T11:19:47.194973" elapsed="0.004357"/>
</kw>
<kw name="Log To Console" owner="BuiltIn">
[...]
</kw>
<kw name="Input Text" owner="SeleniumLibrary">
<msg time="2026-02-23T11:29:57.165716" level="INFO">Typing text 'akash2@gmail.com' into text field 'id=input-email'.</msg>
<arg>${EMAIL_INPUT}</arg>
<arg>${email}</arg>
<doc>Types the given ``text`` into the text field identified by ``locator``.</doc>
<status status="PASS" start="2026-02-23T11:29:57.165716" elapsed="0.071952"/>
</kw>
<arg>${email}</arg>
<status status="PASS" start="2026-02-23T11:29:57.163633" elapsed="0.074035"/>
</kw>
<kw name="input password for login" owner="logout_keywords">
<kw name="Input Text" owner="SeleniumLibrary">
<msg time="2026-02-23T11:29:57.240086" level="INFO">Typing text 'akash@123' into text field 'id=input-password'.</msg>
<arg>${PASSWORD_INPUT}</arg>
<arg>${password}</arg>
<doc>Types the given ``text`` into the text field identified by ``locator``.</doc>
<status status="PASS" start="2026-02-23T11:29:57.240086" elapsed="0.061008"/>
</kw>
<arg>${password}</arg>
<status status="PASS" start="2026-02-23T11:29:57.240086" elapsed="0.062037"/>
</kw>
<kw name="click login" owner="logout_keywords">
<kw name="Click Button" owner="SeleniumLibrary">
<msg time="2026-02-23T11:29:57.302123" level="INFO">Clicking button 'css=input.btn.btn-primary[value="Login"]'.</msg>
<arg>${LOGIN_BUTTON}</arg>
<doc>Clicks the button identified by ``locator``.</doc>
<status status="PASS" start="2026-02-23T11:29:57.302123" elapsed="0.054432"/>
</kw>
<kw name="Wait Until Page Contains" owner="SeleniumLibrary">
<arg>My Account</arg>
<doc>Waits until ``text`` appears on the current page.</doc>
<status status="PASS" start="2026-02-23T11:29:57.356555" elapsed="0.007758"/>
</kw>
<kw name="Wait Until Element Is Visible" owner="SeleniumLibrary">
<arg>${MY_ACCOUNT_HEADING}</arg>
<doc>Waits until the element ``locator`` is visible.</doc>
<status status="PASS" start="2026-02-23T11:29:57.364313" elapsed="1.088314"/>
</kw>
<kw name="Page Should Contain" owner="SeleniumLibrary">
<msg time="2026-02-23T11:29:58.461347" level="INFO">Current page contains text 'My Account'.</msg>
<arg>My Account</arg>
<doc>Verifies that current page contains ``text``.</doc>
<status status="PASS" start="2026-02-23T11:29:58.453633" elapsed="0.007714"/>
</kw>
<kw name="Location Should Contain" owner="SeleniumLibrary">
<msg time="2026-02-23T11:29:58.464446" level="INFO">Current location contains 'route=account/account'.</msg>
<arg>route=account/account</arg>
<doc>Verifies that the current URL contains ``expected``.</doc>
<status status="PASS" start="2026-02-23T11:29:58.461347" elapsed="0.003099"/>
</kw>
<kw name="Log To Console" owner="BuiltIn">
<arg>Login Successful</arg>
<doc>Logs the given message to the console.</doc>
<status status="PASS" start="2026-02-23T11:29:58.464446" elapsed="0.001003"/>
</kw>
<status status="PASS" start="2026-02-23T11:29:57.302123" elapsed="1.163326"/>
</kw>
<kw name="Logout User Successfully" owner="logout_keywords">
<kw name="Wait Until Element Is Visible" owner="SeleniumLibrary">
<arg>${MY_ACCOUNT_MENU}</arg>
<doc>Waits until the element ``locator`` is visible.</doc>
<status status="PASS" start="2026-02-23T11:29:58.465449" elapsed="0.011180"/>
</kw>
<kw name="Click Element" owner="SeleniumLibrary">
<msg time="2026-02-23T11:29:58.476629" level="INFO">Clicking element 'xpath=//a[contains(@href,"route=account/account") and contains(@class,"dropdown-toggle")]'.</msg>
<arg>${MY_ACCOUNT_MENU}</arg>
<doc>Click the element identified by ``locator``.</doc>
<status status="PASS" start="2026-02-23T11:29:58.476629" elapsed="0.672466"/>
</kw>
<kw name="Sleep" owner="BuiltIn">
<msg time="2026-02-23T11:30:00.149265" level="INFO">Slept 1 second.</msg>
<arg>1s</arg>
<doc>Pauses the test executed for the given time.</doc>
<status status="PASS" start="2026-02-23T11:29:59.149095" elapsed="1.000170"/>
</kw>
<kw name="Wait Until Element Is Visible" owner="SeleniumLibrary">
<arg>${LOGOUT_LINK}</arg>
<doc>Waits until the element ``locator`` is visible.</doc>
<status status="PASS" start="2026-02-23T11:30:00.149773" elapsed="0.013464"/>
</kw>
<kw name="Element Should Be Visible" owner="SeleniumLibrary">
<msg time="2026-02-23T11:30:00.176571" level="INFO">Element 'xpath=//a[contains(@href,"route=account/logout") and contains(text(),"Logout")]' is displayed.</msg>
<arg>${LOGOUT_LINK}</arg>
<doc>Verifies that the element identified by ``locator`` is visible.</doc>
<status status="PASS" start="2026-02-23T11:30:00.164237" elapsed="0.012334"/>
</kw>
<kw name="Click Element" owner="SeleniumLibrary">
<msg time="2026-02-23T11:30:00.176571" level="INFO">Clicking element 'xpath=//a[contains(@href,"route=account/logout") and contains(text(),"Logout")]'.</msg>
<arg>${LOGOUT_LINK}</arg>
<doc>Click the element identified by ``locator``.</doc>
<status status="PASS" start="2026-02-23T11:30:00.176571" elapsed="1.017155"/>
</kw>
<kw name="Wait Until Element Is Visible" owner="SeleniumLibrary">
<arg>${LOGOUT_TEXT}</arg>
<doc>Waits until the element ``locator`` is visible.</doc>
<status status="PASS" start="2026-02-23T11:30:01.193726" elapsed="0.013395"/>
</kw>
<kw name="Element Should Be Visible" owner="SeleniumLibrary">
<msg time="2026-02-23T11:30:01.219582" level="INFO">Element 'xpath=//h1[contains(text(),"Account Logout")]' is displayed.</msg>
<arg>${LOGOUT_TEXT}</arg>
<doc>Verifies that the element identified by ``locator`` is visible.</doc>
<status status="PASS" start="2026-02-23T11:30:01.208121" elapsed="0.011461"/>
</kw>
<kw name="Page Should Contain" owner="SeleniumLibrary">
<msg time="2026-02-23T11:30:01.227601" level="INFO">Current page contains text 'Account Logout'.</msg>
<arg>Account Logout</arg>
<doc>Verifies that current page contains ``text``.</doc>
<status status="PASS" start="2026-02-23T11:30:01.219582" elapsed="0.009882"/>
</kw>
<kw name="Location Should Contain" owner="SeleniumLibrary">
<msg time="2026-02-23T11:30:01.233830" level="INFO">Current location contains 'route=account/logout'.</msg>
<arg>route=account/logout</arg>
<doc>Verifies that the current URL contains ``expected``.</doc>
<status status="PASS" start="2026-02-23T11:30:01.229464" elapsed="0.004366"/>
</kw>
<kw name="Log To Console" owner="BuiltIn">
<arg>Logout Completed Successfully</arg>
<doc>Logs the given message to the console.</doc>
<status status="PASS" start="2026-02-23T11:30:01.233830" elapsed="0.000998"/>
</kw>
<status status="PASS" start="2026-02-23T11:29:58.465449" elapsed="2.769379"/>
</kw>
<arg>email=akash2@gmail.com</arg>
<arg>password=akash@123</arg>
<status status="PASS" start="2026-02-23T11:29:54.016727" elapsed="7.218101"/>
</kw>
<kw name="Capture Screenshot On Failure" owner="common" type="TEARDOWN">
<kw name="Run Keyword If Test Failed" owner="BuiltIn">
<arg>Capture Page Screenshot</arg>
<doc>Runs the given keyword with the given arguments, if the test failed.</doc>
<status status="PASS" start="2026-02-23T11:30:01.234828" elapsed="0.001147"/>
</kw>
<status status="PASS" start="2026-02-23T11:30:01.234828" elapsed="0.001147"/>
</kw>
<status status="PASS" start="2026-02-23T11:29:54.015720" elapsed="7.220255"/>
</test>
<test id="s1-s3-s5-t3" name="Logout for email - prasad3@gmail.com" line="19">
<kw name="Logout">
<kw name="Login User" owner="logout_keywords">
<kw name="Go To" owner="SeleniumLibrary">
<msg time="2026-02-23T11:30:01.238199" level="INFO">Opening url 'https://ecommerce-playground.lambdatest.io/index.php'</msg>
<arg>${BASE_URL}</arg>
<doc>Navigates the current browser window to the provided ``url``.</doc>
<status status="PASS" start="2026-02-23T11:30:01.238199" elapsed="0.779721"/>
</kw>
<kw name="Page Should Contain" owner="SeleniumLibrary">
<msg time="2026-02-23T11:30:02.109141" level="INFO">Current page contains text 'My account'.</msg>
<arg>My account</arg>
<doc>Verifies that current page contains ``text``.</doc>
<status status="PASS" start="2026-02-23T11:30:02.017920" elapsed="0.091221"/>
</kw>
<kw name="Wait Until Element Is Visible" owner="SeleniumLibrary">
<arg>${MY_ACCOUNT_MENU}</arg>
<doc>Waits until the element ``locator`` is visible.</doc>
<status status="PASS" start="2026-02-23T11:30:02.109141" elapsed="0.015322"/>
</kw>
<kw name="Click Element" owner="SeleniumLibrary">
<msg time="2026-02-23T11:30:02.124463" level="INFO">Clicking element 'xpath=//a[contains(@href,"route=account/account") and contains(@class,"dropdown-toggle")]'.</msg>
<arg>${MY_ACCOUNT_MENU}</arg>
<doc>Click the element identified by ``locator``.</doc>
<status status="PASS" start="2026-02-23T11:30:02.124463" elapsed="0.859182"/>
</kw>
<kw name="Sleep" owner="BuiltIn">
<msg time="2026-02-23T11:30:03.985008" level="INFO">Slept 1 second.</msg>
<arg>1s</arg>
<doc>Pauses the test executed for the given time.</doc>
<status status="PASS" start="2026-02-23T11:30:02.983645" elapsed="1.001363"/>
</kw>
<kw name="Wait Until Element Is Visible" owner="SeleniumLibrary">
<arg>${LOGIN_LINK}</arg>
<doc>Waits until the element ``locator`` is visible.</doc>
<status status="PASS" start="2026-02-23T11:30:03.985008" elapsed="0.013212"/>
</kw>
<kw name="Click Element" owner="SeleniumLibrary">
<msg time="2026-02-23T11:30:03.998220" level="INFO">Clicking element 'xpath=//a[contains(@href,"route=account/login") and contains(text(),"Login")]'.</msg>
<arg>${LOGIN_LINK}</arg>
<doc>Click the element identified by ``locator``.</doc>
<status status="PASS" start="2026-02-23T11:30:03.998220" elapsed="0.711582"/>
</kw>
<kw name="Wait Until Page Contains" owner="SeleniumLibrary">
<arg>Account Login</arg>
<doc>Waits until ``text`` appears on the current page.</doc>
<status status="PASS" start="2026-02-23T11:30:04.711441" elapsed="0.031069"/>
</kw>
<kw name="Location Should Contain" owner="SeleniumLibrary">
<msg time="2026-02-23T11:30:04.749519" level="INFO">Current location contains 'route=account/login'.</msg>
<arg>route=account/login</arg>
<doc>Verifies that the current URL contains ``expected``.</doc>
<status status="PASS" start="2026-02-23T11:30:04.742510" elapsed="0.007009"/>
</kw>
<status status="PASS" start="2026-02-23T11:30:01.238199" elapsed="3.511320"/>
</kw>
<kw name="input email for login" owner="logout_keywords">
<kw name="Log To Console" owner="BuiltIn">
<arg>Logging in with Email: ${email}</arg>
<doc>Logs the given message to the console.</doc>
<status status="PASS" start="2026-02-23T11:30:04.750110" elapsed="0.000000"/>
</kw>
<kw name="Input Text" owner="SeleniumLibrary">
<msg time="2026-02-23T11:30:04.751118" level="INFO">Typing text 'prasad3@gmail.com' into text field 'id=input-email'.</msg>
<arg>${EMAIL_INPUT}</arg>
<arg>${email}</arg>
<doc>Types the given ``text`` into the text field identified by ``locator``.</doc>
<status status="PASS" start="2026-02-23T11:30:04.751118" elapsed="0.081076"/>
</kw>
<arg>${email}</arg>
<status status="PASS" start="2026-02-23T11:30:04.750110" elapsed="0.083428"/>
</kw>
<kw name="input password for login" owner="logout_keywords">
<kw name="Input Text" owner="SeleniumLibrary">
<msg time="2026-02-23T11:30:04.835046" level="INFO">Typing text 'prasad@123' into text field 'id=input-password'.</msg>
<arg>${PASSWORD_INPUT}</arg>
<arg>${password}</arg>
<doc>Types the given ``text`` into the text field identified by ``locator``.</doc>
<status status="PASS" start="2026-02-23T11:30:04.835046" elapsed="0.082320"/>
</kw>
<arg>${password}</arg>
<status status="PASS" start="2026-02-23T11:30:04.833538" elapsed="0.084946"/>
</kw>
<kw name="click login" owner="logout_keywords">
<kw name="Click Button" owner="SeleniumLibrary">
<msg time="2026-02-23T11:30:04.918484" level="INFO">Clicking button 'css=input.btn.btn-primary[value="Login"]'.</msg>
<arg>${LOGIN_BUTTON}</arg>
<doc>Clicks the button identified by ``locator``.</doc>
<status status="PASS" start="2026-02-23T11:30:04.918484" elapsed="1.138789"/>
</kw>
<kw name="Wait Until Page Contains" owner="SeleniumLibrary">
<arg>My Account</arg>
<doc>Waits until ``text`` appears on the current page.</doc>
<status status="PASS" start="2026-02-23T11:30:06.057273" elapsed="0.010079"/>
</kw>
<kw name="Wait Until Element Is Visible" owner="SeleniumLibrary">
<arg>${MY_ACCOUNT_HEADING}</arg>
<doc>Waits until the element ``locator`` is visible.</doc>
<status status="PASS" start="2026-02-23T11:30:06.067352" elapsed="0.010883"/>
</kw>
<kw name="Page Should Contain" owner="SeleniumLibrary">
<msg time="2026-02-23T11:30:06.087176" level="INFO">Current page contains text 'My Account'.</msg>
<arg>My Account</arg>
<doc>Verifies that current page contains ``text``.</doc>
<status status="PASS" start="2026-02-23T11:30:06.078235" elapsed="0.009945"/>
</kw>
<kw name="Location Should Contain" owner="SeleniumLibrary">
<msg time="2026-02-23T11:30:06.091186" level="INFO">Current location contains 'route=account/account'.</msg>
<arg>route=account/account</arg>
<doc>Verifies that the current URL contains ``expected``.</doc>
<status status="PASS" start="2026-02-23T11:30:06.088180" elapsed="0.003006"/>
</kw>
<kw name="Log To Console" owner="BuiltIn">
<arg>Login Successful</arg>
<doc>Logs the given message to the console.</doc>
<status status="PASS" start="2026-02-23T11:30:06.092278" elapsed="0.000000"/>
</kw>
<status status="PASS" start="2026-02-23T11:30:04.918484" elapsed="1.173794"/>
</kw>
<kw name="Logout User Successfully" owner="logout_keywords">
<kw name="Wait Until Element Is Visible" owner="SeleniumLibrary">
<arg>${MY_ACCOUNT_MENU}</arg>
<doc>Waits until the element ``locator`` is visible.</doc>
<status status="PASS" start="2026-02-23T11:30:06.093472" elapsed="0.011591"/>
</kw>
<kw name="Click Element" owner="SeleniumLibrary">
<msg time="2026-02-23T11:30:06.105063" level="INFO">Clicking element 'xpath=//a[contains(@href,"route=account/account") and contains(@class,"dropdown-toggle")]'.</msg>
<arg>${MY_ACCOUNT_MENU}</arg>
<doc>Click the element identified by ``locator``.</doc>
<status status="PASS" start="2026-02-23T11:30:06.105063" elapsed="0.699332"/>
</kw>
<kw name="Sleep" owner="BuiltIn">
<msg time="2026-02-23T11:30:07.805854" level="INFO">Slept 1 second.</msg>
<arg>1s</arg>
<doc>Pauses the test executed for the given time.</doc>
<status status="PASS" start="2026-02-23T11:30:06.804395" elapsed="1.001459"/>
</kw>
<kw name="Wait Until Element Is Visible" owner="SeleniumLibrary">
<arg>${LOGOUT_LINK}</arg>
<doc>Waits until the element ``locator`` is visible.</doc>
<status status="PASS" start="2026-02-23T11:30:07.806360" elapsed="0.013015"/>
</kw>
<kw name="Element Should Be Visible" owner="SeleniumLibrary">
<msg time="2026-02-23T11:30:07.830400" level="INFO">Element 'xpath=//a[contains(@href,"route=account/logout") and contains(text(),"Logout")]' is displayed.</msg>
<arg>${LOGOUT_LINK}</arg>
<doc>Verifies that the element identified by ``locator`` is visible.</doc>
<status status="PASS" start="2026-02-23T11:30:07.820378" elapsed="0.010022"/>
</kw>
<kw name="Click Element" owner="SeleniumLibrary">
<msg time="2026-02-23T11:30:07.830400" level="INFO">Clicking element 'xpath=//a[contains(@href,"route=account/logout") and contains(text(),"Logout")]'.</msg>
<arg>${LOGOUT_LINK}</arg>
<doc>Click the element identified by ``locator``.</doc>
<status status="PASS" start="2026-02-23T11:30:07.830400" elapsed="0.995341"/>
</kw>
<kw name="Wait Until Element Is Visible" owner="SeleniumLibrary">
<arg>${LOGOUT_TEXT}</arg>
<doc>Waits until the element ``locator`` is visible.</doc>
<status status="PASS" start="2026-02-23T11:30:08.825741" elapsed="0.059929"/>
</kw>
<kw name="Element Should Be Visible" owner="SeleniumLibrary">
<msg time="2026-02-23T11:30:08.895789" level="INFO">Element 'xpath=//h1[contains(text(),"Account Logout")]' is displayed.</msg>
<arg>${LOGOUT_TEXT}</arg>
<doc>Verifies that the element identified by ``locator`` is visible.</doc>
<status status="PASS" start="2026-02-23T11:30:08.886695" elapsed="0.009094"/>
</kw>
<kw name="Page Should Contain" owner="SeleniumLibrary">
<msg time="2026-02-23T11:30:08.904606" level="INFO">Current page contains text 'Account Logout'.</msg>
<arg>Account Logout</arg>
<doc>Verifies that current page contains ``text``.</doc>
<status status="PASS" start="2026-02-23T11:30:08.896803" elapsed="0.007803"/>
</kw>
<kw name="Location Should Contain" owner="SeleniumLibrary">
<msg time="2026-02-23T11:30:08.907607" level="INFO">Current location contains 'route=account/logout'.</msg>
<arg>route=account/logout</arg>
<doc>Verifies that the current URL contains ``expected``.</doc>
<status status="PASS" start="2026-02-23T11:30:08.904606" elapsed="0.003001"/>
</kw>
<kw name="Log To Console" owner="BuiltIn">
<arg>Logout Completed Successfully</arg>
<doc>Logs the given message to the console.</doc>
<status status="PASS" start="2026-02-23T11:30:08.907607" elapsed="0.001510"/>
</kw>
<status status="PASS" start="2026-02-23T11:30:06.092278" elapsed="2.816839"/>
</kw>
<arg>email=prasad3@gmail.com</arg>
<arg>password=prasad@123</arg>
<status status="PASS" start="2026-02-23T11:30:01.237179" elapsed="7.671938"/>
</kw>
<kw name="Capture Screenshot On Failure" owner="common" type="TEARDOWN">
<kw name="Run Keyword If Test Failed" owner="BuiltIn">
<arg>Capture Page Screenshot</arg>
<doc>Runs the given keyword with the given arguments, if the test failed.</doc>
<status status="PASS" start="2026-02-23T11:30:08.910135" elapsed="0.000000"/>
</kw>
<status status="PASS" start="2026-02-23T11:30:08.909117" elapsed="0.001018"/>
</kw>
<status status="PASS" start="2026-02-23T11:30:01.235975" elapsed="7.674160"/>
</test>
<kw name="Close Site" owner="common" type="TEARDOWN">
<kw name="Close Browser" owner="SeleniumLibrary">
<doc>Closes the current browser.</doc>
<status status="PASS" start="2026-02-23T11:30:08.911643" elapsed="2.159814"/>
</kw>
<status status="PASS" start="2026-02-23T11:30:08.911136" elapsed="2.160321"/>
</kw>
<status status="PASS" start="2026-02-23T11:29:32.476835" elapsed="38.594622"/>
</suite>
<status status="FAIL" start="2026-02-23T11:25:43.807271" elapsed="267.265671"/>
</suite>
<status status="FAIL" start="2026-02-23T11:18:26.652649" elapsed="704.421300"/>
</suite>
<statistics>
<total>
<stat pass="25" fail="2" skip="0">All Tests</stat>
</total>
<tag>
</tag>
<suite>
<stat name="Robot Framework Capstone Oldoriginal" id="s1" pass="25" fail="2" skip="0">Robot Framework Capstone Oldoriginal</stat>
<stat name="Test E2E" id="s1-s1" pass="5" fail="1" skip="0">Robot Framework Capstone Oldoriginal.Test E2E</stat>
<stat name="Tc0 Endtoend Users Flow" id="s1-s1-s1" pass="5" fail="1" skip="0">Robot Framework Capstone Oldoriginal.Test E2E.Tc0 Endtoend Users Flow</stat>
<stat name="TEST E2E USER FLOW" id="s1-s2" pass="6" fail="0" skip="0">Robot Framework Capstone Oldoriginal.TEST E2E USER FLOW</stat>
<stat name="Tc0 Endtoend Users Flow" id="s1-s2-s1" pass="6" fail="0" skip="0">Robot Framework Capstone Oldoriginal.TEST E2E USER FLOW.Tc0 Endtoend Users Flow</stat>
<stat name="Tests" id="s1-s3" pass="14" fail="1" skip="0">Robot Framework Capstone Oldoriginal.Tests</stat>
<stat name="Tc01 Register Login" id="s1-s3-s1" pass="2" fail="1" skip="0">Robot Framework Capstone Oldoriginal.Tests.Tc01 Register Login</stat>
<stat name="Tc02 Search Product View" id="s1-s3-s2" pass="3" fail="0" skip="0">Robot Framework Capstone Oldoriginal.Tests.Tc02 Search Product View</stat>
<stat name="Tc03 Add To Cart" id="s1-s3-s3" pass="3" fail="0" skip="0">Robot Framework Capstone Oldoriginal.Tests.Tc03 Add To Cart</stat>
<stat name="Tc04 Cart Update Remove" id="s1-s3-s4" pass="3" fail="0" skip="0">Robot Framework Capstone Oldoriginal.Tests.Tc04 Cart Update Remove</stat>
<stat name="Tc05 Logout" id="s1-s3-s5" pass="3" fail="0" skip="0">Robot Framework Capstone Oldoriginal.Tests.Tc05 Logout</stat>
</suite>
</statistics>
<errors>
</errors>
</robot>
