<?xml version="1.0" encoding="UTF-8"?>
<robot generator="Robot 6.1.1 (Python 3.13.0 on win32)" generated="20260221 14:58:05.489" rpa="false" schemaversion="4">
<suite id="s1" name="Test E2E" source="C:\Users\abhir\PycharmProjects\Wipro_2026\robot_framework_capstone_oldoriginal\test_e2e">
<suite id="s1-s1" name="Tc0 Endtoend Users Flow" source="C:\Users\abhir\PycharmProjects\Wipro_2026\robot_framework_capstone_oldoriginal\test_e2e\tc0_endtoend_users_flow.robot">
<kw name="Open Site" library="common" type="SETUP">
<kw name="Open Browser" library="SeleniumLibrary">
<arg>${BASE_URL}</arg>
<arg>${BROWSER}</arg>
<doc>Opens a new browser instance to the optional ``url``.</doc>
<msg timestamp="20260221 14:58:06.182" level="INFO">Opening browser 'chrome' to base url 'https://ecommerce-playground.lambdatest.io/index.php'.</msg>
<status status="PASS" starttime="20260221 14:58:06.181" endtime="20260221 14:58:09.747"/>
</kw>
<kw name="Maximize Browser Window" library="SeleniumLibrary">
<doc>Maximizes current browser window.</doc>
<status status="PASS" starttime="20260221 14:58:09.747" endtime="20260221 14:58:12.073"/>
</kw>
<kw name="Set Selenium Timeout" library="SeleniumLibrary">
<arg>10s</arg>
<doc>Sets the timeout that is used by various keywords.</doc>
<status status="PASS" starttime="20260221 14:58:12.073" endtime="20260221 14:58:12.075"/>
</kw>
<status status="PASS" starttime="20260221 14:58:06.181" endtime="20260221 14:58:12.075"/>
</kw>
<test id="s1-s1-t1" name="end to end test for user- Abhi Ram" line="25">
<kw name="end to end flow">
<arg>Abhi</arg>
<arg>Ram</arg>
<arg>9876543210</arg>
<arg>Abhi@123</arg>
<arg>HP</arg>
<kw name="Register New User" library="register_keywords">
<kw name="Go To" library="SeleniumLibrary">
<arg>${BASE_URL}</arg>
<doc>Navigates the current browser window to the provided ``url``.</doc>
<msg timestamp="20260221 14:58:12.081" level="INFO">Opening url 'https://ecommerce-playground.lambdatest.io/index.php'</msg>
<status status="PASS" starttime="20260221 14:58:12.080" endtime="20260221 14:58:13.053"/>
</kw>
<kw name="Title Should Be" library="SeleniumLibrary">
<arg>Your Store</arg>
<doc>Verifies that the current page title equals ``title``.</doc>
<msg timestamp="20260221 14:58:13.117" level="INFO">Page title is 'Your Store'.</msg>
<status status="PASS" starttime="20260221 14:58:13.053" endtime="20260221 14:58:13.117"/>
</kw>
<kw name="Page Should Contain" library="SeleniumLibrary">
<arg>My account</arg>
<doc>Verifies that current page contains ``text``.</doc>
<msg timestamp="20260221 14:58:13.181" level="INFO">Current page contains text 'My account'.</msg>
<status status="PASS" starttime="20260221 14:58:13.117" endtime="20260221 14:58:13.181"/>
</kw>
<kw name="Wait Until Element Is Visible" library="SeleniumLibrary">
<arg>${MY_ACCOUNT_MENU}</arg>
<doc>Waits until the element ``locator`` is visible.</doc>
<status status="PASS" starttime="20260221 14:58:13.181" endtime="20260221 14:58:13.463"/>
</kw>
<kw name="Click Element" library="SeleniumLibrary">
<arg>${MY_ACCOUNT_MENU}</arg>
<doc>Click the element identified by ``locator``.</doc>
<msg timestamp="20260221 14:58:13.464" level="INFO">Clicking element 'xpath=//a[contains(@href,"route=account/account") and contains(@class,"dropdown-toggle")]'.</msg>
<status status="PASS" starttime="20260221 14:58:13.463" endtime="20260221 14:58:16.116"/>
</kw>
<kw name="Sleep" library="BuiltIn">
<arg>1s</arg>
<doc>Pauses the test executed for the given time.</doc>
<msg timestamp="20260221 14:58:17.119" level="INFO">Slept 1 second</msg>
<status status="PASS" starttime="20260221 14:58:16.117" endtime="20260221 14:58:17.119"/>
</kw>
<kw name="Wait Until Element Is Visible" library="SeleniumLibrary">
<arg>${REGISTER_LINK}</arg>
<doc>Waits until the element ``locator`` is visible.</doc>
<status status="PASS" starttime="20260221 14:58:17.119" endtime="20260221 14:58:17.148"/>
</kw>
<kw name="Click Element" library="SeleniumLibrary">
<arg>${REGISTER_LINK}</arg>
<doc>Click the element identified by ``locator``.</doc>
<msg timestamp="20260221 14:58:17.149" level="INFO">Clicking element 'xpath=//a[contains(@href,"route=account/register") and contains(text(),"Register")]'.</msg>
<status status="PASS" starttime="20260221 14:58:17.148" endtime="20260221 14:58:20.476"/>
</kw>
<kw name="Wait Until Page Contains" library="SeleniumLibrary">
<arg>Register Account</arg>
<doc>Waits until ``text`` appears on the current page.</doc>
<status status="PASS" starttime="20260221 14:58:20.476" endtime="20260221 14:58:20.524"/>
</kw>
<kw name="Location Should Contain" library="SeleniumLibrary">
<arg>route=account/register</arg>
<doc>Verifies that the current URL contains ``expected``.</doc>
<msg timestamp="20260221 14:58:20.533" level="INFO">Current location contains 'route=account/register'.</msg>
<status status="PASS" starttime="20260221 14:58:20.524" endtime="20260221 14:58:20.534"/>
</kw>
<status status="PASS" starttime="20260221 14:58:12.080" endtime="20260221 14:58:20.534"/>
</kw>
<kw name="input firstname" library="register_keywords">
<arg>${firstname}</arg>
<kw name="Input Text" library="SeleniumLibrary">
<arg>${FIRSTNAME_INPUT}</arg>
<arg>${firstname}</arg>
<doc>Types the given ``text`` into the text field identified by ``locator``.</doc>
<msg timestamp="20260221 14:58:20.537" level="INFO">Typing text 'Abhi' into text field 'id=input-firstname'.</msg>
<status status="PASS" starttime="20260221 14:58:20.534" endtime="20260221 14:58:21.108"/>
</kw>
<status status="PASS" starttime="20260221 14:58:20.534" endtime="20260221 14:58:21.108"/>
</kw>
<kw name="input lastname" library="register_keywords">
<arg>${lastname}</arg>
<kw name="Input Text" library="SeleniumLibrary">
<arg>${LASTNAME_INPUT}</arg>
<arg>${lastname}</arg>
<doc>Types the given ``text`` into the text field identified by ``locator``.</doc>
<msg timestamp="20260221 14:58:21.110" level="INFO">Typing text 'Ram' into text field 'id=input-lastname'.</msg>
<status status="PASS" starttime="20260221 14:58:21.109" endtime="20260221 14:58:21.391"/>
</kw>
<status status="PASS" starttime="20260221 14:58:21.108" endtime="20260221 14:58:21.391"/>
</kw>
<kw name="input email" library="register_keywords">
<kw name="Generate Unique Email" library="email_generator">
<kw name="Generate Random String" library="String">
<var>${random}</var>
<arg>4</arg>
<arg>0123456789</arg>
<doc>Generates a string with a desired ``length`` from the given ``chars``.</doc>
<msg timestamp="20260221 14:58:21.393" level="INFO">${random} = 3196</msg>
<status status="PASS" starttime="20260221 14:58:21.392" endtime="20260221 14:58:21.393"/>
</kw>
<kw name="Set Variable" library="BuiltIn">
<var>${email}</var>
<arg>test_user_${random}@gmail.com</arg>
<doc>Returns the given values which can then be assigned to a variables.</doc>
<msg timestamp="20260221 14:58:21.393" level="INFO">${email} = test_user_3196@gmail.com</msg>
<status status="PASS" starttime="20260221 14:58:21.393" endtime="20260221 14:58:21.393"/>
</kw>
<kw name="Set Suite Variable" library="BuiltIn">
<arg>${EMAIL}</arg>
<arg>${email}</arg>
<doc>Makes a variable available everywhere within the scope of the current suite.</doc>
<msg timestamp="20260221 14:58:21.394" level="INFO">${EMAIL} = test_user_3196@gmail.com</msg>
<status status="PASS" starttime="20260221 14:58:21.393" endtime="20260221 14:58:21.394"/>
</kw>
<kw name="Log To Console" library="BuiltIn">
<arg>Dynamic Email Generated: ${EMAIL}</arg>
<doc>Logs the given message to the console.</doc>
<status status="PASS" starttime="20260221 14:58:21.394" endtime="20260221 14:58:21.394"/>
</kw>
<status status="PASS" starttime="20260221 14:58:21.391" endtime="20260221 14:58:21.394"/>
</kw>
<kw name="Log To Console" library="BuiltIn">
<arg>Registering with Email: ${EMAIL}</arg>
<doc>Logs the given message to the console.</doc>
<status status="PASS" starttime="20260221 14:58:21.395" endtime="20260221 14:58:21.395"/>
</kw>
<kw name="Input Text" library="SeleniumLibrary">
<arg>${EMAIL_INPUT}</arg>
<arg>${EMAIL}</arg>
<doc>Types the given ``text`` into the text field identified by ``locator``.</doc>
<msg timestamp="20260221 14:58:21.396" level="INFO">Typing text 'test_user_3196@gmail.com' into text field 'id=input-email'.</msg>
<status status="PASS" starttime="20260221 14:58:21.395" endtime="20260221 14:58:21.632"/>
</kw>
<status status="PASS" starttime="20260221 14:58:21.391" endtime="20260221 14:58:21.632"/>
</kw>
<kw name="input phone" library="register_keywords">
<arg>${phone}</arg>
<kw name="Input Text" library="SeleniumLibrary">
<arg>${PHONE_INPUT}</arg>
<arg>${phone}</arg>
<doc>Types the given ``text`` into the text field identified by ``locator``.</doc>
<msg timestamp="20260221 14:58:21.633" level="INFO">Typing text '9876543210' into text field 'id=input-telephone'.</msg>
<status status="PASS" starttime="20260221 14:58:21.633" endtime="20260221 14:58:21.818"/>
</kw>
<status status="PASS" starttime="20260221 14:58:21.632" endtime="20260221 14:58:21.818"/>
</kw>
<kw name="input password" library="register_keywords">
<arg>${password}</arg>
<kw name="Input Text" library="SeleniumLibrary">
<arg>${PASSWORD_INPUT}</arg>
<arg>${password}</arg>
<doc>Types the given ``text`` into the text field identified by ``locator``.</doc>
<msg timestamp="20260221 14:58:21.821" level="INFO">Typing text 'Abhi@123' into text field 'id=input-password'.</msg>
<status status="PASS" starttime="20260221 14:58:21.819" endtime="20260221 14:58:21.942"/>
</kw>
<kw name="Input Text" library="SeleniumLibrary">
<arg>${CONFIRM_INPUT}</arg>
<arg>${password}</arg>
<doc>Types the given ``text`` into the text field identified by ``locator``.</doc>
<msg timestamp="20260221 14:58:21.943" level="INFO">Typing text 'Abhi@123' into text field 'id=input-confirm'.</msg>
<status status="PASS" starttime="20260221 14:58:21.942" endtime="20260221 14:58:22.090"/>
</kw>
<kw name="Textfield Value Should Be" library="SeleniumLibrary">
<arg>${CONFIRM_INPUT}</arg>
<arg>${password}</arg>
<doc>Verifies text field ``locator`` has exactly text ``expected``.</doc>
<msg timestamp="20260221 14:58:22.190" level="INFO">Content of text field 'id=input-confirm' is 'Abhi@123'.</msg>
<status status="PASS" starttime="20260221 14:58:22.091" endtime="20260221 14:58:22.190"/>
</kw>
<status status="PASS" starttime="20260221 14:58:21.818" endtime="20260221 14:58:22.191"/>
</kw>
<kw name="click agree" library="register_keywords">
<kw name="Click Element" library="SeleniumLibrary">
<arg>${AGREE_LABEL}</arg>
<doc>Click the element identified by ``locator``.</doc>
<msg timestamp="20260221 14:58:22.192" level="INFO">Clicking element 'xpath=//label[@for="input-agree"]'.</msg>
<status status="PASS" starttime="20260221 14:58:22.191" endtime="20260221 14:58:22.334"/>
</kw>
<kw name="Checkbox Should Be Selected" library="SeleniumLibrary">
<arg>id=input-agree</arg>
<doc>Verifies checkbox ``locator`` is selected/checked.</doc>
<msg timestamp="20260221 14:58:22.337" level="INFO">Verifying checkbox 'id=input-agree' is selected.</msg>
<status status="PASS" starttime="20260221 14:58:22.336" endtime="20260221 14:58:22.400"/>
</kw>
<status status="PASS" starttime="20260221 14:58:22.191" endtime="20260221 14:58:22.400"/>
</kw>
<kw name="click continue" library="register_keywords">
<kw name="Scroll Element Into View" library="SeleniumLibrary">
<arg>${CONTINUE_BUTTON}</arg>
<doc>Scrolls the element identified by ``locator`` into view.</doc>
<status status="PASS" starttime="20260221 14:58:22.401" endtime="20260221 14:58:22.690"/>
</kw>
<kw name="Click Button" library="SeleniumLibrary">
<arg>${CONTINUE_BUTTON}</arg>
<doc>Clicks the button identified by ``locator``.</doc>
<msg timestamp="20260221 14:58:22.691" level="INFO">Clicking button 'css=input.btn.btn-primary[type="submit"][value="Continue"]'.</msg>
<status status="PASS" starttime="20260221 14:58:22.691" endtime="20260221 14:58:24.784"/>
</kw>
<kw name="Wait Until Element Is Visible" library="SeleniumLibrary">
<arg>${SUCCESS_TEXT}</arg>
<doc>Waits until the element ``locator`` is visible.</doc>
<status status="PASS" starttime="20260221 14:58:24.785" endtime="20260221 14:58:24.869"/>
</kw>
<kw name="Page Should Contain" library="SeleniumLibrary">
<arg>Your Account Has Been Created</arg>
<doc>Verifies that current page contains ``text``.</doc>
<msg timestamp="20260221 14:58:24.890" level="INFO">Current page contains text 'Your Account Has Been Created'.</msg>
<status status="PASS" starttime="20260221 14:58:24.869" endtime="20260221 14:58:24.890"/>
</kw>
<kw name="Log To Console" library="BuiltIn">
<arg>Registration Completed Successfully for ${firstname}</arg>
<doc>Logs the given message to the console.</doc>
<status status="PASS" starttime="20260221 14:58:24.891" endtime="20260221 14:58:24.903"/>
</kw>
<status status="PASS" starttime="20260221 14:58:22.400" endtime="20260221 14:58:24.903"/>
</kw>
<kw name="click logout" library="register_keywords">
<kw name="Logout User Successfully" library="logout_keywords">
<kw name="Wait Until Element Is Visible" library="SeleniumLibrary">
<arg>${MY_ACCOUNT_MENU}</arg>
<doc>Waits until the element ``locator`` is visible.</doc>
<status status="PASS" starttime="20260221 14:58:24.904" endtime="20260221 14:58:25.037"/>
</kw>
<kw name="Click Element" library="SeleniumLibrary">
<arg>${MY_ACCOUNT_MENU}</arg>
<doc>Click the element identified by ``locator``.</doc>
<msg timestamp="20260221 14:58:25.038" level="INFO">Clicking element 'xpath=//a[contains(@href,"route=account/account") and contains(@class,"dropdown-toggle")]'.</msg>
<status status="PASS" starttime="20260221 14:58:25.038" endtime="20260221 14:58:26.315"/>
</kw>
<kw name="Sleep" library="BuiltIn">
<arg>1s</arg>
<doc>Pauses the test executed for the given time.</doc>
<msg timestamp="20260221 14:58:27.325" level="INFO">Slept 1 second</msg>
<status status="PASS" starttime="20260221 14:58:26.316" endtime="20260221 14:58:27.325"/>
</kw>
<kw name="Wait Until Element Is Visible" library="SeleniumLibrary">
<arg>${LOGOUT_LINK}</arg>
<doc>Waits until the element ``locator`` is visible.</doc>
<status status="PASS" starttime="20260221 14:58:27.325" endtime="20260221 14:58:27.514"/>
</kw>
<kw name="Element Should Be Visible" library="SeleniumLibrary">
<arg>${LOGOUT_LINK}</arg>
<doc>Verifies that the element identified by ``locator`` is visible.</doc>
<msg timestamp="20260221 14:58:27.561" level="INFO">Element 'xpath=//a[contains(@href,"route=account/logout") and contains(text(),"Logout")]' is displayed.</msg>
<status status="PASS" starttime="20260221 14:58:27.514" endtime="20260221 14:58:27.562"/>
</kw>
<kw name="Click Element" library="SeleniumLibrary">
<arg>${LOGOUT_LINK}</arg>
<doc>Click the element identified by ``locator``.</doc>
<msg timestamp="20260221 14:58:27.563" level="INFO">Clicking element 'xpath=//a[contains(@href,"route=account/logout") and contains(text(),"Logout")]'.</msg>
<status status="PASS" starttime="20260221 14:58:27.562" endtime="20260221 14:58:29.690"/>
</kw>
<kw name="Wait Until Element Is Visible" library="SeleniumLibrary">
<arg>${LOGOUT_TEXT}</arg>
<doc>Waits until the element ``locator`` is visible.</doc>
<status status="PASS" starttime="20260221 14:58:29.690" endtime="20260221 14:58:29.820"/>
</kw>
<kw name="Element Should Be Visible" library="SeleniumLibrary">
<arg>${LOGOUT_TEXT}</arg>
<doc>Verifies that the element identified by ``locator`` is visible.</doc>
<msg timestamp="20260221 14:58:29.849" level="INFO">Element 'xpath=//h1[contains(text(),"Account Logout")]' is displayed.</msg>
<status status="PASS" starttime="20260221 14:58:29.820" endtime="20260221 14:58:29.849"/>
</kw>
<kw name="Page Should Contain" library="SeleniumLibrary">
<arg>Account Logout</arg>
<doc>Verifies that current page contains ``text``.</doc>
<msg timestamp="20260221 14:58:29.872" level="INFO">Current page contains text 'Account Logout'.</msg>
<status status="PASS" starttime="20260221 14:58:29.849" endtime="20260221 14:58:29.872"/>
</kw>
<kw name="Location Should Contain" library="SeleniumLibrary">
<arg>route=account/logout</arg>
<doc>Verifies that the current URL contains ``expected``.</doc>
<msg timestamp="20260221 14:58:29.880" level="INFO">Current location contains 'route=account/logout'.</msg>
<status status="PASS" starttime="20260221 14:58:29.873" endtime="20260221 14:58:29.880"/>
</kw>
<kw name="Log To Console" library="BuiltIn">
<arg>Logout Completed Successfully</arg>
<doc>Logs the given message to the console.</doc>
<status status="PASS" starttime="20260221 14:58:29.881" endtime="20260221 14:58:29.881"/>
</kw>
<status status="PASS" starttime="20260221 14:58:24.903" endtime="20260221 14:58:29.881"/>
</kw>
<status status="PASS" starttime="20260221 14:58:24.903" endtime="20260221 14:58:29.881"/>
</kw>
<kw name="Login User Successfully" library="login_keywords">
<arg>${password}</arg>
<kw name="Go To" library="SeleniumLibrary">
<arg>${BASE_URL}</arg>
<doc>Navigates the current browser window to the provided ``url``.</doc>
<msg timestamp="20260221 14:58:29.882" level="INFO">Opening url 'https://ecommerce-playground.lambdatest.io/index.php'</msg>
<status status="PASS" starttime="20260221 14:58:29.882" endtime="20260221 14:58:30.803"/>
</kw>
<kw name="Page Should Contain" library="SeleniumLibrary">
<arg>My account</arg>
<doc>Verifies that current page contains ``text``.</doc>
<msg timestamp="20260221 14:58:30.862" level="INFO">Current page contains text 'My account'.</msg>
<status status="PASS" starttime="20260221 14:58:30.804" endtime="20260221 14:58:30.862"/>
</kw>
<kw name="Wait Until Element Is Visible" library="SeleniumLibrary">
<arg>${MY_ACCOUNT_MENU}</arg>
<doc>Waits until the element ``locator`` is visible.</doc>
<status status="PASS" starttime="20260221 14:58:30.863" endtime="20260221 14:58:30.916"/>
</kw>
<kw name="Click Element" library="SeleniumLibrary">
<arg>${MY_ACCOUNT_MENU}</arg>
<doc>Click the element identified by ``locator``.</doc>
<msg timestamp="20260221 14:58:30.917" level="INFO">Clicking element 'xpath=//a[contains(@href,"route=account/account") and contains(@class,"dropdown-toggle")]'.</msg>
<status status="PASS" starttime="20260221 14:58:30.916" endtime="20260221 14:58:33.716"/>
</kw>
<kw name="Sleep" library="BuiltIn">
<arg>1s</arg>
<doc>Pauses the test executed for the given time.</doc>
<msg timestamp="20260221 14:58:34.717" level="INFO">Slept 1 second</msg>
<status status="PASS" starttime="20260221 14:58:33.717" endtime="20260221 14:58:34.719"/>
</kw>
<kw name="Wait Until Element Is Visible" library="SeleniumLibrary">
<arg>${LOGIN_LINK}</arg>
<doc>Waits until the element ``locator`` is visible.</doc>
<status status="PASS" starttime="20260221 14:58:34.719" endtime="20260221 14:58:34.746"/>
</kw>
<kw name="Click Element" library="SeleniumLibrary">
<arg>${LOGIN_LINK}</arg>
<doc>Click the element identified by ``locator``.</doc>
<msg timestamp="20260221 14:58:34.747" level="INFO">Clicking element 'xpath=//a[contains(@href,"route=account/login") and contains(text(),"Login")]'.</msg>
<status status="PASS" starttime="20260221 14:58:34.747" endtime="20260221 14:58:35.529"/>
</kw>
<kw name="Wait Until Page Contains" library="SeleniumLibrary">
<arg>Account Login</arg>
<doc>Waits until ``text`` appears on the current page.</doc>
<status status="PASS" starttime="20260221 14:58:35.529" endtime="20260221 14:58:35.560"/>
</kw>
<kw name="Location Should Contain" library="SeleniumLibrary">
<arg>route=account/login</arg>
<doc>Verifies that the current URL contains ``expected``.</doc>
<msg timestamp="20260221 14:58:35.576" level="INFO">Current location contains 'route=account/login'.</msg>
<status status="PASS" starttime="20260221 14:58:35.560" endtime="20260221 14:58:35.576"/>
</kw>
<kw name="Log To Console" library="BuiltIn">
<arg>Logging in with Email: ${EMAIL}</arg>
<doc>Logs the given message to the console.</doc>
<status status="PASS" starttime="20260221 14:58:35.577" endtime="20260221 14:58:35.578"/>
</kw>
<kw name="Input Text" library="SeleniumLibrary">
<arg>${EMAIL_INPUT}</arg>
<arg>${EMAIL}</arg>
<doc>Types the given ``text`` into the text field identified by ``locator``.</doc>
<msg timestamp="20260221 14:58:35.579" level="INFO">Typing text 'test_user_3196@gmail.com' into text field 'id=input-email'.</msg>
<status status="PASS" starttime="20260221 14:58:35.578" endtime="20260221 14:58:35.849"/>
</kw>
<kw name="Input Text" library="SeleniumLibrary">
<arg>${PASSWORD_INPUT}</arg>
<arg>${password}</arg>
<doc>Types the given ``text`` into the text field identified by ``locator``.</doc>
<msg timestamp="20260221 14:58:35.850" level="INFO">Typing text 'Abhi@123' into text field 'id=input-password'.</msg>
<status status="PASS" starttime="20260221 14:58:35.849" endtime="20260221 14:58:36.029"/>
</kw>
<kw name="Click Button" library="SeleniumLibrary">
<arg>${LOGIN_BUTTON}</arg>
<doc>Clicks the button identified by ``locator``.</doc>
<msg timestamp="20260221 14:58:36.030" level="INFO">Clicking button 'css=input.btn.btn-primary[value="Login"]'.</msg>
<status status="PASS" starttime="20260221 14:58:36.030" endtime="20260221 14:58:37.284"/>
</kw>
<kw name="Wait Until Page Contains" library="SeleniumLibrary">
<arg>My Account</arg>
<doc>Waits until ``text`` appears on the current page.</doc>
<status status="PASS" starttime="20260221 14:58:37.285" endtime="20260221 14:58:37.335"/>
</kw>
<kw name="Wait Until Element Is Visible" library="SeleniumLibrary">
<arg>${MY_ACCOUNT_HEADING}</arg>
<doc>Waits until the element ``locator`` is visible.</doc>
<status status="PASS" starttime="20260221 14:58:37.335" endtime="20260221 14:58:37.366"/>
</kw>
<kw name="Page Should Contain" library="SeleniumLibrary">
<arg>My Account</arg>
<doc>Verifies that current page contains ``text``.</doc>
<msg timestamp="20260221 14:58:37.383" level="INFO">Current page contains text 'My Account'.</msg>
<status status="PASS" starttime="20260221 14:58:37.366" endtime="20260221 14:58:37.383"/>
</kw>
<kw name="Location Should Contain" library="SeleniumLibrary">
<arg>route=account/account</arg>
<doc>Verifies that the current URL contains ``expected``.</doc>
<msg timestamp="20260221 14:58:37.392" level="INFO">Current location contains 'route=account/account'.</msg>
<status status="PASS" starttime="20260221 14:58:37.383" endtime="20260221 14:58:37.392"/>
</kw>
<kw name="Log To Console" library="BuiltIn">
<arg>Login Successful After Logout</arg>
<doc>Logs the given message to the console.</doc>
<status status="PASS" starttime="20260221 14:58:37.393" endtime="20260221 14:58:37.393"/>
</kw>
<status status="PASS" starttime="20260221 14:58:29.881" endtime="20260221 14:58:37.393"/>
</kw>
<kw name="Search Products" library="search_keywords">
<kw name="Go To" library="SeleniumLibrary">
<arg>${BASE_URL}</arg>
<doc>Navigates the current browser window to the provided ``url``.</doc>
<msg timestamp="20260221 14:58:37.394" level="INFO">Opening url 'https://ecommerce-playground.lambdatest.io/index.php'</msg>
<status status="PASS" starttime="20260221 14:58:37.394" endtime="20260221 14:58:38.309"/>
</kw>
<kw name="Location Should Contain" library="SeleniumLibrary">
<arg>index.php</arg>
<doc>Verifies that the current URL contains ``expected``.</doc>
<msg timestamp="20260221 14:58:38.459" level="INFO">Current location contains 'index.php'.</msg>
<status status="PASS" starttime="20260221 14:58:38.310" endtime="20260221 14:58:38.460"/>
</kw>
<kw name="Page Should Contain" library="SeleniumLibrary">
<arg>Search</arg>
<doc>Verifies that current page contains ``text``.</doc>
<msg timestamp="20260221 14:58:38.526" level="INFO">Current page contains text 'Search'.</msg>
<status status="PASS" starttime="20260221 14:58:38.460" endtime="20260221 14:58:38.527"/>
</kw>
<kw name="Wait Until Element Is Visible" library="SeleniumLibrary">
<arg>${SEARCH_BOX}</arg>
<doc>Waits until the element ``locator`` is visible.</doc>
<status status="PASS" starttime="20260221 14:58:38.527" endtime="20260221 14:58:38.679"/>
</kw>
<kw name="Element Should Be Visible" library="SeleniumLibrary">
<arg>${SEARCH_BOX}</arg>
<doc>Verifies that the element identified by ``locator`` is visible.</doc>
<msg timestamp="20260221 14:58:38.789" level="INFO">Element 'name=search' is displayed.</msg>
<status status="PASS" starttime="20260221 14:58:38.679" endtime="20260221 14:58:38.789"/>
</kw>
<kw name="Element Should Be Enabled" library="SeleniumLibrary">
<arg>${SEARCH_BOX}</arg>
<doc>Verifies that element identified by ``locator`` is enabled.</doc>
<status status="PASS" starttime="20260221 14:58:38.790" endtime="20260221 14:58:38.871"/>
</kw>
<status status="PASS" starttime="20260221 14:58:37.393" endtime="20260221 14:58:38.872"/>
</kw>
<kw name="input search" library="search_keywords">
<arg>${product}</arg>
<kw name="Clear Element Text" library="SeleniumLibrary">
<arg>${SEARCH_BOX}</arg>
<doc>Clears the value of the text-input-element identified by ``locator``.</doc>
<status status="PASS" starttime="20260221 14:58:38.873" endtime="20260221 14:58:38.934"/>
</kw>
<kw name="Input Text" library="SeleniumLibrary">
<arg>${SEARCH_BOX}</arg>
<arg>${product}</arg>
<doc>Types the given ``text`` into the text field identified by ``locator``.</doc>
<msg timestamp="20260221 14:58:38.935" level="INFO">Typing text 'HP' into text field 'name=search'.</msg>
<status status="PASS" starttime="20260221 14:58:38.934" endtime="20260221 14:58:39.101"/>
</kw>
<kw name="Textfield Value Should Be" library="SeleniumLibrary">
<arg>${SEARCH_BOX}</arg>
<arg>${product}</arg>
<doc>Verifies text field ``locator`` has exactly text ``expected``.</doc>
<msg timestamp="20260221 14:58:39.183" level="INFO">Content of text field 'name=search' is 'HP'.</msg>
<status status="PASS" starttime="20260221 14:58:39.102" endtime="20260221 14:58:39.183"/>
</kw>
<status status="PASS" starttime="20260221 14:58:38.872" endtime="20260221 14:58:39.183"/>
</kw>
<kw name="input enter" library="search_keywords">
<kw name="Press Keys" library="SeleniumLibrary">
<arg>${SEARCH_BOX}</arg>
<arg>ENTER</arg>
<doc>Simulates the user pressing key(s) to an element or on the active browser.</doc>
<msg timestamp="20260221 14:58:39.185" level="INFO">Sending key(s) ('ENTER',) to name=search element.</msg>
<msg timestamp="20260221 14:58:39.513" level="INFO">Pressing special key ENTER to element.</msg>
<msg timestamp="20260221 14:58:39.513" level="INFO">Releasing special key ENTER.</msg>
<status status="PASS" starttime="20260221 14:58:39.184" endtime="20260221 14:58:39.523"/>
</kw>
<kw name="Sleep" library="BuiltIn">
<arg>3s</arg>
<doc>Pauses the test executed for the given time.</doc>
<msg timestamp="20260221 14:58:42.524" level="INFO">Slept 3 seconds</msg>
<status status="PASS" starttime="20260221 14:58:39.524" endtime="20260221 14:58:42.524"/>
</kw>
<status status="PASS" starttime="20260221 14:58:39.183" endtime="20260221 14:58:42.525"/>
</kw>
<kw name="validation" library="search_keywords">
<kw name="Wait Until Page Contains" library="SeleniumLibrary">
<arg>Search</arg>
<doc>Waits until ``text`` appears on the current page.</doc>
<status status="PASS" starttime="20260221 14:58:42.525" endtime="20260221 14:58:44.211"/>
</kw>
<kw name="Page Should Contain Element" library="SeleniumLibrary">
<arg>${FIRST_PRODUCT}</arg>
<doc>Verifies that element ``locator`` is found on the current page.</doc>
<msg timestamp="20260221 14:58:44.260" level="INFO">Current page contains element 'xpath=(//div[contains(@class,"product-thumb")]//h4/a)[1]'.</msg>
<status status="PASS" starttime="20260221 14:58:44.212" endtime="20260221 14:58:44.261"/>
</kw>
<kw name="Page Should Contain" library="SeleniumLibrary">
<arg>${PRODUCT_NAME}</arg>
<doc>Verifies that current page contains ``text``.</doc>
<msg timestamp="20260221 14:58:44.296" level="INFO">Current page contains text 'HP'.</msg>
<status status="PASS" starttime="20260221 14:58:44.261" endtime="20260221 14:58:44.296"/>
</kw>
<kw name="Log To Console" library="BuiltIn">
<arg>Product Search Completed Successfully!</arg>
<doc>Logs the given message to the console.</doc>
<status status="PASS" starttime="20260221 14:58:44.296" endtime="20260221 14:58:44.297"/>
</kw>
<status status="PASS" starttime="20260221 14:58:42.525" endtime="20260221 14:58:44.297"/>
</kw>
<kw name="Open First Product Details" library="product_keywords">
<kw name="Wait Until Element Is Visible" library="SeleniumLibrary">
<arg>${FIRST_PRODUCT}</arg>
<doc>Waits until the element ``locator`` is visible.</doc>
<status status="PASS" starttime="20260221 14:58:44.298" endtime="20260221 14:58:44.358"/>
</kw>
<kw name="Element Should Be Visible" library="SeleniumLibrary">
<arg>${FIRST_PRODUCT}</arg>
<doc>Verifies that the element identified by ``locator`` is visible.</doc>
<msg timestamp="20260221 14:58:44.411" level="INFO">Element 'xpath=(//div[contains(@class,"product-thumb")]//h4/a)[1]' is displayed.</msg>
<status status="PASS" starttime="20260221 14:58:44.358" endtime="20260221 14:58:44.412"/>
</kw>
<kw name="Element Should Be Enabled" library="SeleniumLibrary">
<arg>${FIRST_PRODUCT}</arg>
<doc>Verifies that element identified by ``locator`` is enabled.</doc>
<status status="PASS" starttime="20260221 14:58:44.412" endtime="20260221 14:58:44.457"/>
</kw>
<kw name="Click Element" library="SeleniumLibrary">
<arg>${FIRST_PRODUCT}</arg>
<doc>Click the element identified by ``locator``.</doc>
<msg timestamp="20260221 14:58:44.458" level="INFO">Clicking element 'xpath=(//div[contains(@class,"product-thumb")]//h4/a)[1]'.</msg>
<status status="PASS" starttime="20260221 14:58:44.457" endtime="20260221 14:58:47.312"/>
</kw>
<kw name="Location Should Contain" library="SeleniumLibrary">
<arg>route=product</arg>
<doc>Verifies that the current URL contains ``expected``.</doc>
<msg timestamp="20260221 14:58:47.322" level="INFO">Current location contains 'route=product'.</msg>
<status status="PASS" starttime="20260221 14:58:47.312" endtime="20260221 14:58:47.322"/>
</kw>
<kw name="Wait Until Element Is Visible" library="SeleniumLibrary">
<arg>${PRODUCT_TITLE}</arg>
<doc>Waits until the element ``locator`` is visible.</doc>
<status status="PASS" starttime="20260221 14:58:47.322" endtime="20260221 14:58:47.367"/>
</kw>
<kw name="Element Should Be Visible" library="SeleniumLibrary">
<arg>${PRODUCT_TITLE}</arg>
<doc>Verifies that the element identified by ``locator`` is visible.</doc>
<msg timestamp="20260221 14:58:47.422" level="INFO">Element 'css=h1' is displayed.</msg>
<status status="PASS" starttime="20260221 14:58:47.368" endtime="20260221 14:58:47.423"/>
</kw>
<kw name="Get Text" library="SeleniumLibrary">
<var>${title}</var>
<arg>${PRODUCT_TITLE}</arg>
<doc>Returns the text value of the element identified by ``locator``.</doc>
<msg timestamp="20260221 14:58:47.460" level="INFO">${title} = HP LP3065</msg>
<status status="PASS" starttime="20260221 14:58:47.423" endtime="20260221 14:58:47.460"/>
</kw>
<kw name="Should Not Be Empty" library="BuiltIn">
<arg>${title}</arg>
<doc>Verifies that the given item is not empty.</doc>
<msg timestamp="20260221 14:58:47.461" level="INFO">Length is 9</msg>
<status status="PASS" starttime="20260221 14:58:47.460" endtime="20260221 14:58:47.461"/>
</kw>
<kw name="Log To Console" library="BuiltIn">
<arg>Product Details Page Opened Successfully!</arg>
<doc>Logs the given message to the console.</doc>
<status status="PASS" starttime="20260221 14:58:47.461" endtime="20260221 14:58:47.463"/>
</kw>
<kw name="Log To Console" library="BuiltIn">
<arg>Opened Product: ${title}</arg>
<doc>Logs the given message to the console.</doc>
<status status="PASS" starttime="20260221 14:58:47.463" endtime="20260221 14:58:47.463"/>
</kw>
<kw name="Element Should Be Visible" library="SeleniumLibrary">
<arg>${ADD_TO_CART}</arg>
<doc>Verifies that the element identified by ``locator`` is visible.</doc>
<msg timestamp="20260221 14:58:47.555" level="INFO">Element 'css=div#entry_216842 button[title='Add to Cart']' is displayed.</msg>
<status status="PASS" starttime="20260221 14:58:47.464" endtime="20260221 14:58:47.556"/>
</kw>
<status status="PASS" starttime="20260221 14:58:44.297" endtime="20260221 14:58:47.556"/>
</kw>
<kw name="Add Product To Cart And Validate Success" library="cart_keywords">
<kw name="Run Keyword And Return Status" library="BuiltIn">
<var>${present}</var>
<arg>Wait Until Element Is Visible</arg>
<arg>${ADD_TO_CART}</arg>
<arg>5s</arg>
<doc>Runs the given keyword with given arguments and returns the status as a Boolean value.</doc>
<kw name="Wait Until Element Is Visible" library="SeleniumLibrary">
<arg>${ADD_TO_CART}</arg>
<arg>5s</arg>
<doc>Waits until the element ``locator`` is visible.</doc>
<status status="PASS" starttime="20260221 14:58:47.557" endtime="20260221 14:58:47.581"/>
</kw>
<msg timestamp="20260221 14:58:47.581" level="INFO">${present} = True</msg>
<status status="PASS" starttime="20260221 14:58:47.557" endtime="20260221 14:58:47.581"/>
</kw>
<if>
<branch type="IF" condition="not ${present}">
<kw name="Log To Console" library="BuiltIn">
<arg>❌ Add To Cart not found (Out of Stock). Skipping...</arg>
<doc>Logs the given message to the console.</doc>
<status status="NOT RUN" starttime="20260221 14:58:47.581" endtime="20260221 14:58:47.583"/>
</kw>
<kw name="Return From Keyword" library="BuiltIn">
<doc>Returns from the enclosing user keyword.</doc>
<status status="NOT RUN" starttime="20260221 14:58:47.583" endtime="20260221 14:58:47.583"/>
</kw>
<status status="NOT RUN" starttime="20260221 14:58:47.581" endtime="20260221 14:58:47.583"/>
</branch>
<status status="PASS" starttime="20260221 14:58:47.581" endtime="20260221 14:58:47.583"/>
</if>
<kw name="Scroll Element Into View" library="SeleniumLibrary">
<arg>${ADD_TO_CART}</arg>
<doc>Scrolls the element identified by ``locator`` into view.</doc>
<status status="PASS" starttime="20260221 14:58:47.583" endtime="20260221 14:58:47.884"/>
</kw>
<kw name="Run Keyword And Return Status" library="BuiltIn">
<var>${enabled}</var>
<arg>Element Should Be Enabled</arg>
<arg>${ADD_TO_CART}</arg>
<doc>Runs the given keyword with given arguments and returns the status as a Boolean value.</doc>
<kw name="Element Should Be Enabled" library="SeleniumLibrary">
<arg>${ADD_TO_CART}</arg>
<doc>Verifies that element identified by ``locator`` is enabled.</doc>
<status status="PASS" starttime="20260221 14:58:47.885" endtime="20260221 14:58:47.914"/>
</kw>
<msg timestamp="20260221 14:58:47.914" level="INFO">${enabled} = True</msg>
<status status="PASS" starttime="20260221 14:58:47.885" endtime="20260221 14:58:47.914"/>
</kw>
<if>
<branch type="IF" condition="not ${enabled}">
<kw name="Log To Console" library="BuiltIn">
<arg>⚠️ Product Out of Stock (Button Disabled). Skipping Add To Cart...</arg>
<doc>Logs the given message to the console.</doc>
<status status="NOT RUN" starttime="20260221 14:58:47.915" endtime="20260221 14:58:47.915"/>
</kw>
<kw name="Return From Keyword" library="BuiltIn">
<doc>Returns from the enclosing user keyword.</doc>
<status status="NOT RUN" starttime="20260221 14:58:47.915" endtime="20260221 14:58:47.915"/>
</kw>
<status status="NOT RUN" starttime="20260221 14:58:47.914" endtime="20260221 14:58:47.915"/>
</branch>
<status status="PASS" starttime="20260221 14:58:47.914" endtime="20260221 14:58:47.915"/>
</if>
<kw name="Click Element" library="SeleniumLibrary">
<arg>${ADD_TO_CART}</arg>
<doc>Click the element identified by ``locator``.</doc>
<msg timestamp="20260221 14:58:47.916" level="INFO">Clicking element 'css=div#entry_216842 button[title='Add to Cart']'.</msg>
<status status="PASS" starttime="20260221 14:58:47.915" endtime="20260221 14:58:48.016"/>
</kw>
<kw name="Sleep" library="BuiltIn">
<arg>3s</arg>
<doc>Pauses the test executed for the given time.</doc>
<msg timestamp="20260221 14:58:51.024" level="INFO">Slept 3 seconds</msg>
<status status="PASS" starttime="20260221 14:58:48.016" endtime="20260221 14:58:51.026"/>
</kw>
<kw name="Run Keyword And Return Status" library="BuiltIn">
<var>${success}</var>
<arg>Wait Until Element Is Visible</arg>
<arg>${CART_SUCCESS_MSG}</arg>
<arg>5s</arg>
<doc>Runs the given keyword with given arguments and returns the status as a Boolean value.</doc>
<kw name="Wait Until Element Is Visible" library="SeleniumLibrary">
<arg>${CART_SUCCESS_MSG}</arg>
<arg>5s</arg>
<doc>Waits until the element ``locator`` is visible.</doc>
<status status="PASS" starttime="20260221 14:58:51.029" endtime="20260221 14:58:51.096"/>
</kw>
<msg timestamp="20260221 14:58:51.096" level="INFO">${success} = True</msg>
<status status="PASS" starttime="20260221 14:58:51.026" endtime="20260221 14:58:51.096"/>
</kw>
<if>
<branch type="IF" condition="not ${success}">
<kw name="Log To Console" library="BuiltIn">
<arg>⚠️ No success message appeared. Product may not be added.</arg>
<doc>Logs the given message to the console.</doc>
<status status="NOT RUN" starttime="20260221 14:58:51.097" endtime="20260221 14:58:51.097"/>
</kw>
<kw name="Return From Keyword" library="BuiltIn">
<doc>Returns from the enclosing user keyword.</doc>
<status status="NOT RUN" starttime="20260221 14:58:51.097" endtime="20260221 14:58:51.097"/>
</kw>
<status status="NOT RUN" starttime="20260221 14:58:51.096" endtime="20260221 14:58:51.097"/>
</branch>
<status status="PASS" starttime="20260221 14:58:51.096" endtime="20260221 14:58:51.097"/>
</if>
<kw name="Log To Console" library="BuiltIn">
<arg>✅ Product Added To Cart Successfully!</arg>
<doc>Logs the given message to the console.</doc>
<status status="PASS" starttime="20260221 14:58:51.097" endtime="20260221 14:58:51.099"/>
</kw>
<kw name="Wait Until Element Is Visible" library="SeleniumLibrary">
<arg>${VIEW_CART_BTN}</arg>
<doc>Waits until the element ``locator`` is visible.</doc>
<status status="PASS" starttime="20260221 14:58:51.100" endtime="20260221 14:58:51.224"/>
</kw>
<kw name="Element Should Be Visible" library="SeleniumLibrary">
<arg>${VIEW_CART_BTN}</arg>
<doc>Verifies that the element identified by ``locator`` is visible.</doc>
<msg timestamp="20260221 14:58:51.245" level="INFO">Element 'xpath=//a[normalize-space()="View Cart"]' is displayed.</msg>
<status status="PASS" starttime="20260221 14:58:51.224" endtime="20260221 14:58:51.245"/>
</kw>
<status status="PASS" starttime="20260221 14:58:47.556" endtime="20260221 14:58:51.245"/>
</kw>
<kw name="Update Cart Quantity And Remove Item" library="cart_update_remove_keywords">
<kw name="Run Keyword And Return Status" library="BuiltIn">
<var>${cart_visible}</var>
<arg>Wait Until Element Is Visible</arg>
<arg>${VIEW_CART_BTN}</arg>
<arg>5s</arg>
<doc>Runs the given keyword with given arguments and returns the status as a Boolean value.</doc>
<kw name="Wait Until Element Is Visible" library="SeleniumLibrary">
<arg>${VIEW_CART_BTN}</arg>
<arg>5s</arg>
<doc>Waits until the element ``locator`` is visible.</doc>
<status status="PASS" starttime="20260221 14:58:51.246" endtime="20260221 14:58:51.267"/>
</kw>
<msg timestamp="20260221 14:58:51.268" level="INFO">${cart_visible} = True</msg>
<status status="PASS" starttime="20260221 14:58:51.246" endtime="20260221 14:58:51.268"/>
</kw>
<if>
<branch type="IF" condition="not ${cart_visible}">
<kw name="Log To Console" library="BuiltIn">
<arg>⚠️ View Cart button not available. Cart may be empty. Skipping Update/Remove...</arg>
<doc>Logs the given message to the console.</doc>
<status status="NOT RUN" starttime="20260221 14:58:51.268" endtime="20260221 14:58:51.268"/>
</kw>
<kw name="Return From Keyword" library="BuiltIn">
<doc>Returns from the enclosing user keyword.</doc>
<status status="NOT RUN" starttime="20260221 14:58:51.268" endtime="20260221 14:58:51.268"/>
</kw>
<status status="NOT RUN" starttime="20260221 14:58:51.268" endtime="20260221 14:58:51.268"/>
</branch>
<status status="PASS" starttime="20260221 14:58:51.268" endtime="20260221 14:58:51.268"/>
</if>
<kw name="Click Element" library="SeleniumLibrary">
<arg>${VIEW_CART_BTN}</arg>
<doc>Click the element identified by ``locator``.</doc>
<msg timestamp="20260221 14:58:51.269" level="INFO">Clicking element 'xpath=//a[normalize-space()="View Cart"]'.</msg>
<status status="PASS" starttime="20260221 14:58:51.268" endtime="20260221 14:58:52.912"/>
</kw>
<kw name="Wait Until Element Is Visible" library="SeleniumLibrary">
<arg>${CART_HEADING}</arg>
<arg>5s</arg>
<doc>Waits until the element ``locator`` is visible.</doc>
<status status="PASS" starttime="20260221 14:58:52.912" endtime="20260221 14:58:52.950"/>
</kw>
<kw name="Log To Console" library="BuiltIn">
<arg>✅ Shopping Cart Page Opened</arg>
<doc>Logs the given message to the console.</doc>
<status status="PASS" starttime="20260221 14:58:52.951" endtime="20260221 14:58:52.952"/>
</kw>
<kw name="Run Keyword And Return Status" library="BuiltIn">
<var>${qty_present}</var>
<arg>Wait Until Element Is Visible</arg>
<arg>${QTY_BOX}</arg>
<arg>5s</arg>
<doc>Runs the given keyword with given arguments and returns the status as a Boolean value.</doc>
<kw name="Wait Until Element Is Visible" library="SeleniumLibrary">
<arg>${QTY_BOX}</arg>
<arg>5s</arg>
<doc>Waits until the element ``locator`` is visible.</doc>
<status status="PASS" starttime="20260221 14:58:52.952" endtime="20260221 14:58:53.033"/>
</kw>
<msg timestamp="20260221 14:58:53.034" level="INFO">${qty_present} = True</msg>
<status status="PASS" starttime="20260221 14:58:52.952" endtime="20260221 14:58:53.034"/>
</kw>
<if>
<branch type="IF" condition="not ${qty_present}">
<kw name="Log To Console" library="BuiltIn">
<arg>⚠️ No items found in cart. Skipping update/remove...</arg>
<doc>Logs the given message to the console.</doc>
<status status="NOT RUN" starttime="20260221 14:58:53.035" endtime="20260221 14:58:53.035"/>
</kw>
<kw name="Return From Keyword" library="BuiltIn">
<doc>Returns from the enclosing user keyword.</doc>
<status status="NOT RUN" starttime="20260221 14:58:53.035" endtime="20260221 14:58:53.035"/>
</kw>
<status status="NOT RUN" starttime="20260221 14:58:53.034" endtime="20260221 14:58:53.035"/>
</branch>
<status status="PASS" starttime="20260221 14:58:53.034" endtime="20260221 14:58:53.035"/>
</if>
<kw name="Clear Element Text" library="SeleniumLibrary">
<arg>${QTY_BOX}</arg>
<doc>Clears the value of the text-input-element identified by ``locator``.</doc>
<status status="PASS" starttime="20260221 14:58:53.035" endtime="20260221 14:58:53.093"/>
</kw>
<kw name="Input Text" library="SeleniumLibrary">
<arg>${QTY_BOX}</arg>
<arg>2</arg>
<doc>Types the given ``text`` into the text field identified by ``locator``.</doc>
<msg timestamp="20260221 14:58:53.094" level="INFO">Typing text '2' into text field 'xpath=//input[contains(@name,"quantity")]'.</msg>
<status status="PASS" starttime="20260221 14:58:53.093" endtime="20260221 14:58:53.225"/>
</kw>
<kw name="Textfield Value Should Be" library="SeleniumLibrary">
<arg>${QTY_BOX}</arg>
<arg>2</arg>
<doc>Verifies text field ``locator`` has exactly text ``expected``.</doc>
<msg timestamp="20260221 14:58:53.284" level="INFO">Content of text field 'xpath=//input[contains(@name,"quantity")]' is '2'.</msg>
<status status="PASS" starttime="20260221 14:58:53.225" endtime="20260221 14:58:53.284"/>
</kw>
<kw name="Run Keyword And Return Status" library="BuiltIn">
<var>${update_enabled}</var>
<arg>Element Should Be Enabled</arg>
<arg>${UPDATE_BTN}</arg>
<doc>Runs the given keyword with given arguments and returns the status as a Boolean value.</doc>
<kw name="Element Should Be Enabled" library="SeleniumLibrary">
<arg>${UPDATE_BTN}</arg>
<doc>Verifies that element identified by ``locator`` is enabled.</doc>
<status status="PASS" starttime="20260221 14:58:53.285" endtime="20260221 14:58:53.327"/>
</kw>
<msg timestamp="20260221 14:58:53.327" level="INFO">${update_enabled} = True</msg>
<status status="PASS" starttime="20260221 14:58:53.284" endtime="20260221 14:58:53.327"/>
</kw>
<if>
<branch type="IF" condition="not ${update_enabled}">
<kw name="Log To Console" library="BuiltIn">
<arg>⚠️ Update button not enabled. Skipping...</arg>
<doc>Logs the given message to the console.</doc>
<status status="NOT RUN" starttime="20260221 14:58:53.328" endtime="20260221 14:58:53.328"/>
</kw>
<kw name="Return From Keyword" library="BuiltIn">
<doc>Returns from the enclosing user keyword.</doc>
<status status="NOT RUN" starttime="20260221 14:58:53.328" endtime="20260221 14:58:53.328"/>
</kw>
<status status="NOT RUN" starttime="20260221 14:58:53.327" endtime="20260221 14:58:53.328"/>
</branch>
<status status="PASS" starttime="20260221 14:58:53.327" endtime="20260221 14:58:53.328"/>
</if>
<kw name="Click Element" library="SeleniumLibrary">
<arg>${UPDATE_BTN}</arg>
<doc>Click the element identified by ``locator``.</doc>
<msg timestamp="20260221 14:58:53.329" level="INFO">Clicking element 'xpath=//*[@id="content"]/form/div/table/tbody/tr/td[4]/div/div/button[1]'.</msg>
<status status="PASS" starttime="20260221 14:58:53.328" endtime="20260221 14:58:54.672"/>
</kw>
<kw name="Run Keyword And Return Status" library="BuiltIn">
<var>${update_msg}</var>
<arg>Page Should Contain</arg>
<arg>Success: You have modified your shopping cart</arg>
<doc>Runs the given keyword with given arguments and returns the status as a Boolean value.</doc>
<kw name="Page Should Contain" library="SeleniumLibrary">
<arg>Success: You have modified your shopping cart</arg>
<doc>Verifies that current page contains ``text``.</doc>
<msg timestamp="20260221 14:58:54.721" level="INFO">Current page contains text 'Success: You have modified your shopping cart'.</msg>
<status status="PASS" starttime="20260221 14:58:54.672" endtime="20260221 14:58:54.721"/>
</kw>
<msg timestamp="20260221 14:58:54.721" level="INFO">${update_msg} = True</msg>
<status status="PASS" starttime="20260221 14:58:54.672" endtime="20260221 14:58:54.721"/>
</kw>
<if>
<branch type="IF" condition="${update_msg}">
<kw name="Log To Console" library="BuiltIn">
<arg>✅ Quantity Updated Successfully</arg>
<doc>Logs the given message to the console.</doc>
<status status="PASS" starttime="20260221 14:58:54.722" endtime="20260221 14:58:54.725"/>
</kw>
<status status="PASS" starttime="20260221 14:58:54.721" endtime="20260221 14:58:54.725"/>
</branch>
<branch type="ELSE">
<kw name="Log To Console" library="BuiltIn">
<arg>⚠️ Update message not displayed, continuing...</arg>
<doc>Logs the given message to the console.</doc>
<status status="NOT RUN" starttime="20260221 14:58:54.726" endtime="20260221 14:58:54.726"/>
</kw>
<status status="NOT RUN" starttime="20260221 14:58:54.726" endtime="20260221 14:58:54.726"/>
</branch>
<status status="PASS" starttime="20260221 14:58:54.721" endtime="20260221 14:58:54.726"/>
</if>
<kw name="Run Keyword And Return Status" library="BuiltIn">
<var>${remove_enabled}</var>
<arg>Element Should Be Enabled</arg>
<arg>${REMOVE_BTN}</arg>
<doc>Runs the given keyword with given arguments and returns the status as a Boolean value.</doc>
<kw name="Element Should Be Enabled" library="SeleniumLibrary">
<arg>${REMOVE_BTN}</arg>
<doc>Verifies that element identified by ``locator`` is enabled.</doc>
<status status="PASS" starttime="20260221 14:58:54.726" endtime="20260221 14:58:54.794"/>
</kw>
<msg timestamp="20260221 14:58:54.794" level="INFO">${remove_enabled} = True</msg>
<status status="PASS" starttime="20260221 14:58:54.726" endtime="20260221 14:58:54.794"/>
</kw>
<if>
<branch type="IF" condition="not ${remove_enabled}">
<kw name="Log To Console" library="BuiltIn">
<arg>⚠️ Remove button not enabled. Skipping...</arg>
<doc>Logs the given message to the console.</doc>
<status status="NOT RUN" starttime="20260221 14:58:54.795" endtime="20260221 14:58:54.795"/>
</kw>
<kw name="Return From Keyword" library="BuiltIn">
<doc>Returns from the enclosing user keyword.</doc>
<status status="NOT RUN" starttime="20260221 14:58:54.795" endtime="20260221 14:58:54.795"/>
</kw>
<status status="NOT RUN" starttime="20260221 14:58:54.795" endtime="20260221 14:58:54.795"/>
</branch>
<status status="PASS" starttime="20260221 14:58:54.794" endtime="20260221 14:58:54.795"/>
</if>
<kw name="Click Element" library="SeleniumLibrary">
<arg>${REMOVE_BTN}</arg>
<doc>Click the element identified by ``locator``.</doc>
<msg timestamp="20260221 14:58:54.796" level="INFO">Clicking element 'xpath=//*[@id="content"]/form/div/table/tbody/tr/td[4]/div/div/button[2]'.</msg>
<status status="PASS" starttime="20260221 14:58:54.796" endtime="20260221 14:58:54.895"/>
</kw>
<kw name="Sleep" library="BuiltIn">
<arg>2s</arg>
<doc>Pauses the test executed for the given time.</doc>
<msg timestamp="20260221 14:58:56.896" level="INFO">Slept 2 seconds</msg>
<status status="PASS" starttime="20260221 14:58:54.895" endtime="20260221 14:58:56.896"/>
</kw>
<kw name="Run Keyword And Return Status" library="BuiltIn">
<var>${empty_cart}</var>
<arg>Wait Until Page Contains</arg>
<arg>Your shopping cart is empty!</arg>
<arg>5s</arg>
<doc>Runs the given keyword with given arguments and returns the status as a Boolean value.</doc>
<kw name="Wait Until Page Contains" library="SeleniumLibrary">
<arg>Your shopping cart is empty!</arg>
<arg>5s</arg>
<doc>Waits until ``text`` appears on the current page.</doc>
<status status="PASS" starttime="20260221 14:58:56.897" endtime="20260221 14:58:56.914"/>
</kw>
<msg timestamp="20260221 14:58:56.915" level="INFO">${empty_cart} = True</msg>
<status status="PASS" starttime="20260221 14:58:56.897" endtime="20260221 14:58:56.915"/>
</kw>
<if>
<branch type="IF" condition="${empty_cart}">
<kw name="Log To Console" library="BuiltIn">
<arg>✅ Item Removed Successfully and Cart is Empty</arg>
<doc>Logs the given message to the console.</doc>
<status status="PASS" starttime="20260221 14:58:56.915" endtime="20260221 14:58:56.915"/>
</kw>
<status status="PASS" starttime="20260221 14:58:56.915" endtime="20260221 14:58:56.915"/>
</branch>
<branch type="ELSE">
<kw name="Log To Console" library="BuiltIn">
<arg>⚠️ Cart empty message not shown.</arg>
<doc>Logs the given message to the console.</doc>
<status status="NOT RUN" starttime="20260221 14:58:56.916" endtime="20260221 14:58:56.916"/>
</kw>
<status status="NOT RUN" starttime="20260221 14:58:56.916" endtime="20260221 14:58:56.916"/>
</branch>
<status status="PASS" starttime="20260221 14:58:56.915" endtime="20260221 14:58:56.916"/>
</if>
<status status="PASS" starttime="20260221 14:58:51.245" endtime="20260221 14:58:56.916"/>
</kw>
<kw name="Logout User Successfully" library="logout_keywords">
<kw name="Wait Until Element Is Visible" library="SeleniumLibrary">
<arg>${MY_ACCOUNT_MENU}</arg>
<doc>Waits until the element ``locator`` is visible.</doc>
<status status="PASS" starttime="20260221 14:58:56.916" endtime="20260221 14:58:56.963"/>
</kw>
<kw name="Click Element" library="SeleniumLibrary">
<arg>${MY_ACCOUNT_MENU}</arg>
<doc>Click the element identified by ``locator``.</doc>
<msg timestamp="20260221 14:58:56.964" level="INFO">Clicking element 'xpath=//a[contains(@href,"route=account/account") and contains(@class,"dropdown-toggle")]'.</msg>
<status status="PASS" starttime="20260221 14:58:56.963" endtime="20260221 14:58:57.812"/>
</kw>
<kw name="Sleep" library="BuiltIn">
<arg>1s</arg>
<doc>Pauses the test executed for the given time.</doc>
<msg timestamp="20260221 14:58:58.813" level="INFO">Slept 1 second</msg>
<status status="PASS" starttime="20260221 14:58:57.812" endtime="20260221 14:58:58.813"/>
</kw>
<kw name="Wait Until Element Is Visible" library="SeleniumLibrary">
<arg>${LOGOUT_LINK}</arg>
<doc>Waits until the element ``locator`` is visible.</doc>
<status status="PASS" starttime="20260221 14:58:58.813" endtime="20260221 14:58:58.836"/>
</kw>
<kw name="Element Should Be Visible" library="SeleniumLibrary">
<arg>${LOGOUT_LINK}</arg>
<doc>Verifies that the element identified by ``locator`` is visible.</doc>
<msg timestamp="20260221 14:58:58.855" level="INFO">Element 'xpath=//a[contains(@href,"route=account/logout") and contains(text(),"Logout")]' is displayed.</msg>
<status status="PASS" starttime="20260221 14:58:58.836" endtime="20260221 14:58:58.855"/>
</kw>
<kw name="Click Element" library="SeleniumLibrary">
<arg>${LOGOUT_LINK}</arg>
<doc>Click the element identified by ``locator``.</doc>
<msg timestamp="20260221 14:58:58.856" level="INFO">Clicking element 'xpath=//a[contains(@href,"route=account/logout") and contains(text(),"Logout")]'.</msg>
<status status="PASS" starttime="20260221 14:58:58.855" endtime="20260221 14:59:00.064"/>
</kw>
<kw name="Wait Until Element Is Visible" library="SeleniumLibrary">
<arg>${LOGOUT_TEXT}</arg>
<doc>Waits until the element ``locator`` is visible.</doc>
<status status="PASS" starttime="20260221 14:59:00.064" endtime="20260221 14:59:00.150"/>
</kw>
<kw name="Element Should Be Visible" library="SeleniumLibrary">
<arg>${LOGOUT_TEXT}</arg>
<doc>Verifies that the element identified by ``locator`` is visible.</doc>
<msg timestamp="20260221 14:59:00.175" level="INFO">Element 'xpath=//h1[contains(text(),"Account Logout")]' is displayed.</msg>
<status status="PASS" starttime="20260221 14:59:00.150" endtime="20260221 14:59:00.176"/>
</kw>
<kw name="Page Should Contain" library="SeleniumLibrary">
<arg>Account Logout</arg>
<doc>Verifies that current page contains ``text``.</doc>
<msg timestamp="20260221 14:59:00.194" level="INFO">Current page contains text 'Account Logout'.</msg>
<status status="PASS" starttime="20260221 14:59:00.176" endtime="20260221 14:59:00.194"/>
</kw>
<kw name="Location Should Contain" library="SeleniumLibrary">
<arg>route=account/logout</arg>
<doc>Verifies that the current URL contains ``expected``.</doc>
<msg timestamp="20260221 14:59:00.204" level="INFO">Current location contains 'route=account/logout'.</msg>
<status status="PASS" starttime="20260221 14:59:00.195" endtime="20260221 14:59:00.204"/>
</kw>
<kw name="Log To Console" library="BuiltIn">
<arg>Logout Completed Successfully</arg>
<doc>Logs the given message to the console.</doc>
<status status="PASS" starttime="20260221 14:59:00.205" endtime="20260221 14:59:00.205"/>
</kw>
<status status="PASS" starttime="20260221 14:58:56.916" endtime="20260221 14:59:00.206"/>
</kw>
<status status="PASS" starttime="20260221 14:58:12.079" endtime="20260221 14:59:00.206"/>
</kw>
<kw name="Capture Screenshot On Failure" library="common" type="TEARDOWN">
<kw name="Run Keyword If Test Failed" library="BuiltIn">
<arg>Capture Page Screenshot</arg>
<doc>Runs the given keyword with the given arguments, if the test failed.</doc>
<status status="PASS" starttime="20260221 14:59:00.207" endtime="20260221 14:59:00.208"/>
</kw>
<status status="PASS" starttime="20260221 14:59:00.207" endtime="20260221 14:59:00.208"/>
</kw>
<status status="PASS" starttime="20260221 14:58:12.075" endtime="20260221 14:59:00.208"/>
</test>
<test id="s1-s1-t2" name="end to end test for user- mohan rupesh" line="25">
<kw name="end to end flow">
<arg>mohan</arg>
<arg>rupesh</arg>
<arg>9123456789</arg>
<arg>Rupesh@123</arg>
<arg>nikon d300</arg>
<kw name="Register New User" library="register_keywords">
<kw name="Go To" library="SeleniumLibrary">
<arg>${BASE_URL}</arg>
<doc>Navigates the current browser window to the provided ``url``.</doc>
<msg timestamp="20260221 14:59:00.311" level="INFO">Opening url 'https://ecommerce-playground.lambdatest.io/index.php'</msg>
<status status="PASS" starttime="20260221 14:59:00.311" endtime="20260221 14:59:01.057"/>
</kw>
<kw name="Title Should Be" library="SeleniumLibrary">
<arg>Your Store</arg>
<doc>Verifies that the current page title equals ``title``.</doc>
<msg timestamp="20260221 14:59:01.359" level="INFO">Page title is 'Your Store'.</msg>
<status status="PASS" starttime="20260221 14:59:01.058" endtime="20260221 14:59:01.359"/>
</kw>
<kw name="Page Should Contain" library="SeleniumLibrary">
<arg>My account</arg>
<doc>Verifies that current page contains ``text``.</doc>
<msg timestamp="20260221 14:59:01.577" level="INFO">Current page contains text 'My account'.</msg>
<status status="PASS" starttime="20260221 14:59:01.360" endtime="20260221 14:59:01.577"/>
</kw>
<kw name="Wait Until Element Is Visible" library="SeleniumLibrary">
<arg>${MY_ACCOUNT_MENU}</arg>
<doc>Waits until the element ``locator`` is visible.</doc>
<status status="PASS" starttime="20260221 14:59:01.578" endtime="20260221 14:59:01.765"/>
</kw>
<kw name="Click Element" library="SeleniumLibrary">
<arg>${MY_ACCOUNT_MENU}</arg>
<doc>Click the element identified by ``locator``.</doc>
<msg timestamp="20260221 14:59:01.766" level="INFO">Clicking element 'xpath=//a[contains(@href,"route=account/account") and contains(@class,"dropdown-toggle")]'.</msg>
<status status="PASS" starttime="20260221 14:59:01.765" endtime="20260221 14:59:02.948"/>
</kw>
<kw name="Sleep" library="BuiltIn">
<arg>1s</arg>
<doc>Pauses the test executed for the given time.</doc>
<msg timestamp="20260221 14:59:03.949" level="INFO">Slept 1 second</msg>
<status status="PASS" starttime="20260221 14:59:02.949" endtime="20260221 14:59:03.949"/>
</kw>
<kw name="Wait Until Element Is Visible" library="SeleniumLibrary">
<arg>${REGISTER_LINK}</arg>
<doc>Waits until the element ``locator`` is visible.</doc>
<status status="PASS" starttime="20260221 14:59:03.950" endtime="20260221 14:59:03.988"/>
</kw>
<kw name="Click Element" library="SeleniumLibrary">
<arg>${REGISTER_LINK}</arg>
<doc>Click the element identified by ``locator``.</doc>
<msg timestamp="20260221 14:59:03.989" level="INFO">Clicking element 'xpath=//a[contains(@href,"route=account/register") and contains(text(),"Register")]'.</msg>
<status status="PASS" starttime="20260221 14:59:03.988" endtime="20260221 14:59:04.856"/>
</kw>
<kw name="Wait Until Page Contains" library="SeleniumLibrary">
<arg>Register Account</arg>
<doc>Waits until ``text`` appears on the current page.</doc>
<status status="PASS" starttime="20260221 14:59:04.856" endtime="20260221 14:59:04.876"/>
</kw>
<kw name="Location Should Contain" library="SeleniumLibrary">
<arg>route=account/register</arg>
<doc>Verifies that the current URL contains ``expected``.</doc>
<msg timestamp="20260221 14:59:04.907" level="INFO">Current location contains 'route=account/register'.</msg>
<status status="PASS" starttime="20260221 14:59:04.876" endtime="20260221 14:59:04.907"/>
</kw>
<status status="PASS" starttime="20260221 14:59:00.311" endtime="20260221 14:59:04.907"/>
</kw>
<kw name="input firstname" library="register_keywords">
<arg>${firstname}</arg>
<kw name="Input Text" library="SeleniumLibrary">
<arg>${FIRSTNAME_INPUT}</arg>
<arg>${firstname}</arg>
<doc>Types the given ``text`` into the text field identified by ``locator``.</doc>
<msg timestamp="20260221 14:59:04.909" level="INFO">Typing text 'mohan' into text field 'id=input-firstname'.</msg>
<status status="PASS" starttime="20260221 14:59:04.908" endtime="20260221 14:59:05.394"/>
</kw>
<status status="PASS" starttime="20260221 14:59:04.908" endtime="20260221 14:59:05.394"/>
</kw>
<kw name="input lastname" library="register_keywords">
<arg>${lastname}</arg>
<kw name="Input Text" library="SeleniumLibrary">
<arg>${LASTNAME_INPUT}</arg>
<arg>${lastname}</arg>
<doc>Types the given ``text`` into the text field identified by ``locator``.</doc>
<msg timestamp="20260221 14:59:05.395" level="INFO">Typing text 'rupesh' into text field 'id=input-lastname'.</msg>
<status status="PASS" starttime="20260221 14:59:05.395" endtime="20260221 14:59:05.579"/>
</kw>
<status status="PASS" starttime="20260221 14:59:05.394" endtime="20260221 14:59:05.579"/>
</kw>
<kw name="input email" library="register_keywords">
<kw name="Generate Unique Email" library="email_generator">
<kw name="Generate Random String" library="String">
<var>${random}</var>
<arg>4</arg>
<arg>0123456789</arg>
<doc>Generates a string with a desired ``length`` from the given ``chars``.</doc>
<msg timestamp="20260221 14:59:05.581" level="INFO">${random} = 1264</msg>
<status status="PASS" starttime="20260221 14:59:05.580" endtime="20260221 14:59:05.581"/>
</kw>
<kw name="Set Variable" library="BuiltIn">
<var>${email}</var>
<arg>test_user_${random}@gmail.com</arg>
<doc>Returns the given values which can then be assigned to a variables.</doc>
<msg timestamp="20260221 14:59:05.581" level="INFO">${email} = test_user_1264@gmail.com</msg>
<status status="PASS" starttime="20260221 14:59:05.581" endtime="20260221 14:59:05.581"/>
</kw>
<kw name="Set Suite Variable" library="BuiltIn">
<arg>${EMAIL}</arg>
<arg>${email}</arg>
<doc>Makes a variable available everywhere within the scope of the current suite.</doc>
<msg timestamp="20260221 14:59:05.582" level="INFO">${EMAIL} = test_user_1264@gmail.com</msg>
<status status="PASS" starttime="20260221 14:59:05.581" endtime="20260221 14:59:05.582"/>
</kw>
<kw name="Log To Console" library="BuiltIn">
<arg>Dynamic Email Generated: ${EMAIL}</arg>
<doc>Logs the given message to the console.</doc>
<status status="PASS" starttime="20260221 14:59:05.582" endtime="20260221 14:59:05.583"/>
</kw>
<status status="PASS" starttime="20260221 14:59:05.580" endtime="20260221 14:59:05.583"/>
</kw>
<kw name="Log To Console" library="BuiltIn">
<arg>Registering with Email: ${EMAIL}</arg>
<doc>Logs the given message to the console.</doc>
<status status="PASS" starttime="20260221 14:59:05.583" endtime="20260221 14:59:05.584"/>
</kw>
<kw name="Input Text" library="SeleniumLibrary">
<arg>${EMAIL_INPUT}</arg>
<arg>${EMAIL}</arg>
<doc>Types the given ``text`` into the text field identified by ``locator``.</doc>
<msg timestamp="20260221 14:59:05.585" level="INFO">Typing text 'test_user_1264@gmail.com' into text field 'id=input-email'.</msg>
<status status="PASS" starttime="20260221 14:59:05.584" endtime="20260221 14:59:05.860"/>
</kw>
<status status="PASS" starttime="20260221 14:59:05.579" endtime="20260221 14:59:05.860"/>
</kw>
<kw name="input phone" library="register_keywords">
<arg>${phone}</arg>
<kw name="Input Text" library="SeleniumLibrary">
<arg>${PHONE_INPUT}</arg>
<arg>${phone}</arg>
<doc>Types the given ``text`` into the text field identified by ``locator``.</doc>
<msg timestamp="20260221 14:59:05.862" level="INFO">Typing text '9123456789' into text field 'id=input-telephone'.</msg>
<status status="PASS" starttime="20260221 14:59:05.861" endtime="20260221 14:59:06.108"/>
</kw>
<status status="PASS" starttime="20260221 14:59:05.861" endtime="20260221 14:59:06.108"/>
</kw>
<kw name="input password" library="register_keywords">
<arg>${password}</arg>
<kw name="Input Text" library="SeleniumLibrary">
<arg>${PASSWORD_INPUT}</arg>
<arg>${password}</arg>
<doc>Types the given ``text`` into the text field identified by ``locator``.</doc>
<msg timestamp="20260221 14:59:06.110" level="INFO">Typing text 'Rupesh@123' into text field 'id=input-password'.</msg>
<status status="PASS" starttime="20260221 14:59:06.109" endtime="20260221 14:59:06.320"/>
</kw>
<kw name="Input Text" library="SeleniumLibrary">
<arg>${CONFIRM_INPUT}</arg>
<arg>${password}</arg>
<doc>Types the given ``text`` into the text field identified by ``locator``.</doc>
<msg timestamp="20260221 14:59:06.321" level="INFO">Typing text 'Rupesh@123' into text field 'id=input-confirm'.</msg>
<status status="PASS" starttime="20260221 14:59:06.320" endtime="20260221 14:59:06.549"/>
</kw>
<kw name="Textfield Value Should Be" library="SeleniumLibrary">
<arg>${CONFIRM_INPUT}</arg>
<arg>${password}</arg>
<doc>Verifies text field ``locator`` has exactly text ``expected``.</doc>
<msg timestamp="20260221 14:59:06.599" level="INFO">Content of text field 'id=input-confirm' is 'Rupesh@123'.</msg>
<status status="PASS" starttime="20260221 14:59:06.549" endtime="20260221 14:59:06.599"/>
</kw>
<status status="PASS" starttime="20260221 14:59:06.109" endtime="20260221 14:59:06.600"/>
</kw>
<kw name="click agree" library="register_keywords">
<kw name="Click Element" library="SeleniumLibrary">
<arg>${AGREE_LABEL}</arg>
<doc>Click the element identified by ``locator``.</doc>
<msg timestamp="20260221 14:59:06.602" level="INFO">Clicking element 'xpath=//label[@for="input-agree"]'.</msg>
<status status="PASS" starttime="20260221 14:59:06.601" endtime="20260221 14:59:06.758"/>
</kw>
<kw name="Checkbox Should Be Selected" library="SeleniumLibrary">
<arg>id=input-agree</arg>
<doc>Verifies checkbox ``locator`` is selected/checked.</doc>
<msg timestamp="20260221 14:59:06.759" level="INFO">Verifying checkbox 'id=input-agree' is selected.</msg>
<status status="PASS" starttime="20260221 14:59:06.758" endtime="20260221 14:59:06.809"/>
</kw>
<status status="PASS" starttime="20260221 14:59:06.600" endtime="20260221 14:59:06.809"/>
</kw>
<kw name="click continue" library="register_keywords">
<kw name="Scroll Element Into View" library="SeleniumLibrary">
<arg>${CONTINUE_BUTTON}</arg>
<doc>Scrolls the element identified by ``locator`` into view.</doc>
<status status="PASS" starttime="20260221 14:59:06.809" endtime="20260221 14:59:07.106"/>
</kw>
<kw name="Click Button" library="SeleniumLibrary">
<arg>${CONTINUE_BUTTON}</arg>
<doc>Clicks the button identified by ``locator``.</doc>
<msg timestamp="20260221 14:59:07.107" level="INFO">Clicking button 'css=input.btn.btn-primary[type="submit"][value="Continue"]'.</msg>
<status status="PASS" starttime="20260221 14:59:07.106" endtime="20260221 14:59:07.224"/>
</kw>
<kw name="Wait Until Element Is Visible" library="SeleniumLibrary">
<arg>${SUCCESS_TEXT}</arg>
<doc>Waits until the element ``locator`` is visible.</doc>
<status status="PASS" starttime="20260221 14:59:07.224" endtime="20260221 14:59:08.461"/>
</kw>
<kw name="Page Should Contain" library="SeleniumLibrary">
<arg>Your Account Has Been Created</arg>
<doc>Verifies that current page contains ``text``.</doc>
<msg timestamp="20260221 14:59:08.480" level="INFO">Current page contains text 'Your Account Has Been Created'.</msg>
<status status="PASS" starttime="20260221 14:59:08.462" endtime="20260221 14:59:08.480"/>
</kw>
<kw name="Log To Console" library="BuiltIn">
<arg>Registration Completed Successfully for ${firstname}</arg>
<doc>Logs the given message to the console.</doc>
<status status="PASS" starttime="20260221 14:59:08.480" endtime="20260221 14:59:08.481"/>
</kw>
<status status="PASS" starttime="20260221 14:59:06.809" endtime="20260221 14:59:08.481"/>
</kw>
<kw name="click logout" library="register_keywords">
<kw name="Logout User Successfully" library="logout_keywords">
<kw name="Wait Until Element Is Visible" library="SeleniumLibrary">
<arg>${MY_ACCOUNT_MENU}</arg>
<doc>Waits until the element ``locator`` is visible.</doc>
<status status="PASS" starttime="20260221 14:59:08.482" endtime="20260221 14:59:08.515"/>
</kw>
<kw name="Click Element" library="SeleniumLibrary">
<arg>${MY_ACCOUNT_MENU}</arg>
<doc>Click the element identified by ``locator``.</doc>
<msg timestamp="20260221 14:59:08.517" level="INFO">Clicking element 'xpath=//a[contains(@href,"route=account/account") and contains(@class,"dropdown-toggle")]'.</msg>
<status status="PASS" starttime="20260221 14:59:08.516" endtime="20260221 14:59:09.298"/>
</kw>
<kw name="Sleep" library="BuiltIn">
<arg>1s</arg>
<doc>Pauses the test executed for the given time.</doc>
<msg timestamp="20260221 14:59:10.305" level="INFO">Slept 1 second</msg>
<status status="PASS" starttime="20260221 14:59:09.299" endtime="20260221 14:59:10.306"/>
</kw>
<kw name="Wait Until Element Is Visible" library="SeleniumLibrary">
<arg>${LOGOUT_LINK}</arg>
<doc>Waits until the element ``locator`` is visible.</doc>
<status status="PASS" starttime="20260221 14:59:10.306" endtime="20260221 14:59:10.321"/>
</kw>
<kw name="Element Should Be Visible" library="SeleniumLibrary">
<arg>${LOGOUT_LINK}</arg>
<doc>Verifies that the element identified by ``locator`` is visible.</doc>
<msg timestamp="20260221 14:59:10.333" level="INFO">Element 'xpath=//a[contains(@href,"route=account/logout") and contains(text(),"Logout")]' is displayed.</msg>
<status status="PASS" starttime="20260221 14:59:10.322" endtime="20260221 14:59:10.333"/>
</kw>
<kw name="Click Element" library="SeleniumLibrary">
<arg>${LOGOUT_LINK}</arg>
<doc>Click the element identified by ``locator``.</doc>
<msg timestamp="20260221 14:59:10.334" level="INFO">Clicking element 'xpath=//a[contains(@href,"route=account/logout") and contains(text(),"Logout")]'.</msg>
<status status="PASS" starttime="20260221 14:59:10.333" endtime="20260221 14:59:11.348"/>
</kw>
<kw name="Wait Until Element Is Visible" library="SeleniumLibrary">
<arg>${LOGOUT_TEXT}</arg>
<doc>Waits until the element ``locator`` is visible.</doc>
<status status="PASS" starttime="20260221 14:59:11.348" endtime="20260221 14:59:11.382"/>
</kw>
<kw name="Element Should Be Visible" library="SeleniumLibrary">
<arg>${LOGOUT_TEXT}</arg>
<doc>Verifies that the element identified by ``locator`` is visible.</doc>
<msg timestamp="20260221 14:59:11.411" level="INFO">Element 'xpath=//h1[contains(text(),"Account Logout")]' is displayed.</msg>
<status status="PASS" starttime="20260221 14:59:11.382" endtime="20260221 14:59:11.411"/>
</kw>
<kw name="Page Should Contain" library="SeleniumLibrary">
<arg>Account Logout</arg>
<doc>Verifies that current page contains ``text``.</doc>
<msg timestamp="20260221 14:59:11.430" level="INFO">Current page contains text 'Account Logout'.</msg>
<status status="PASS" starttime="20260221 14:59:11.412" endtime="20260221 14:59:11.430"/>
</kw>
<kw name="Location Should Contain" library="SeleniumLibrary">
<arg>route=account/logout</arg>
<doc>Verifies that the current URL contains ``expected``.</doc>
<msg timestamp="20260221 14:59:11.438" level="INFO">Current location contains 'route=account/logout'.</msg>
<status status="PASS" starttime="20260221 14:59:11.430" endtime="20260221 14:59:11.438"/>
</kw>
<kw name="Log To Console" library="BuiltIn">
<arg>Logout Completed Successfully</arg>
<doc>Logs the given message to the console.</doc>
<status status="PASS" starttime="20260221 14:59:11.438" endtime="20260221 14:59:11.439"/>
</kw>
<status status="PASS" starttime="20260221 14:59:08.482" endtime="20260221 14:59:11.439"/>
</kw>
<status status="PASS" starttime="20260221 14:59:08.481" endtime="20260221 14:59:11.440"/>
</kw>
<kw name="Login User Successfully" library="login_keywords">
<arg>${password}</arg>
<kw name="Go To" library="SeleniumLibrary">
<arg>${BASE_URL}</arg>
<doc>Navigates the current browser window to the provided ``url``.</doc>
<msg timestamp="20260221 14:59:11.440" level="INFO">Opening url 'https://ecommerce-playground.lambdatest.io/index.php'</msg>
<status status="PASS" starttime="20260221 14:59:11.440" endtime="20260221 14:59:12.331"/>
</kw>
<kw name="Page Should Contain" library="SeleniumLibrary">
<arg>My account</arg>
<doc>Verifies that current page contains ``text``.</doc>
<msg timestamp="20260221 14:59:12.477" level="INFO">Current page contains text 'My account'.</msg>
<status status="PASS" starttime="20260221 14:59:12.331" endtime="20260221 14:59:12.477"/>
</kw>
<kw name="Wait Until Element Is Visible" library="SeleniumLibrary">
<arg>${MY_ACCOUNT_MENU}</arg>
<doc>Waits until the element ``locator`` is visible.</doc>
<status status="PASS" starttime="20260221 14:59:12.477" endtime="20260221 14:59:12.523"/>
</kw>
<kw name="Click Element" library="SeleniumLibrary">
<arg>${MY_ACCOUNT_MENU}</arg>
<doc>Click the element identified by ``locator``.</doc>
<msg timestamp="20260221 14:59:12.523" level="INFO">Clicking element 'xpath=//a[contains(@href,"route=account/account") and contains(@class,"dropdown-toggle")]'.</msg>
<status status="PASS" starttime="20260221 14:59:12.523" endtime="20260221 14:59:13.614"/>
</kw>
<kw name="Sleep" library="BuiltIn">
<arg>1s</arg>
<doc>Pauses the test executed for the given time.</doc>
<msg timestamp="20260221 14:59:14.615" level="INFO">Slept 1 second</msg>
<status status="PASS" starttime="20260221 14:59:13.614" endtime="20260221 14:59:14.615"/>
</kw>
<kw name="Wait Until Element Is Visible" library="SeleniumLibrary">
<arg>${LOGIN_LINK}</arg>
<doc>Waits until the element ``locator`` is visible.</doc>
<status status="PASS" starttime="20260221 14:59:14.616" endtime="20260221 14:59:14.639"/>
</kw>
<kw name="Click Element" library="SeleniumLibrary">
<arg>${LOGIN_LINK}</arg>
<doc>Click the element identified by ``locator``.</doc>
<msg timestamp="20260221 14:59:14.640" level="INFO">Clicking element 'xpath=//a[contains(@href,"route=account/login") and contains(text(),"Login")]'.</msg>
<status status="PASS" starttime="20260221 14:59:14.640" endtime="20260221 14:59:15.438"/>
</kw>
<kw name="Wait Until Page Contains" library="SeleniumLibrary">
<arg>Account Login</arg>
<doc>Waits until ``text`` appears on the current page.</doc>
<status status="PASS" starttime="20260221 14:59:15.438" endtime="20260221 14:59:15.454"/>
</kw>
<kw name="Location Should Contain" library="SeleniumLibrary">
<arg>route=account/login</arg>
<doc>Verifies that the current URL contains ``expected``.</doc>
<msg timestamp="20260221 14:59:15.468" level="INFO">Current location contains 'route=account/login'.</msg>
<status status="PASS" starttime="20260221 14:59:15.454" endtime="20260221 14:59:15.468"/>
</kw>
<kw name="Log To Console" library="BuiltIn">
<arg>Logging in with Email: ${EMAIL}</arg>
<doc>Logs the given message to the console.</doc>
<status status="PASS" starttime="20260221 14:59:15.468" endtime="20260221 14:59:15.475"/>
</kw>
<kw name="Input Text" library="SeleniumLibrary">
<arg>${EMAIL_INPUT}</arg>
<arg>${EMAIL}</arg>
<doc>Types the given ``text`` into the text field identified by ``locator``.</doc>
<msg timestamp="20260221 14:59:15.476" level="INFO">Typing text 'test_user_1264@gmail.com' into text field 'id=input-email'.</msg>
<status status="PASS" starttime="20260221 14:59:15.475" endtime="20260221 14:59:15.768"/>
</kw>
<kw name="Input Text" library="SeleniumLibrary">
<arg>${PASSWORD_INPUT}</arg>
<arg>${password}</arg>
<doc>Types the given ``text`` into the text field identified by ``locator``.</doc>
<msg timestamp="20260221 14:59:15.770" level="INFO">Typing text 'Rupesh@123' into text field 'id=input-password'.</msg>
<status status="PASS" starttime="20260221 14:59:15.769" endtime="20260221 14:59:15.877"/>
</kw>
<kw name="Click Button" library="SeleniumLibrary">
<arg>${LOGIN_BUTTON}</arg>
<doc>Clicks the button identified by ``locator``.</doc>
<msg timestamp="20260221 14:59:15.878" level="INFO">Clicking button 'css=input.btn.btn-primary[value="Login"]'.</msg>
<status status="PASS" starttime="20260221 14:59:15.877" endtime="20260221 14:59:17.109"/>
</kw>
<kw name="Wait Until Page Contains" library="SeleniumLibrary">
<arg>My Account</arg>
<doc>Waits until ``text`` appears on the current page.</doc>
<status status="PASS" starttime="20260221 14:59:17.109" endtime="20260221 14:59:17.133"/>
</kw>
<kw name="Wait Until Element Is Visible" library="SeleniumLibrary">
<arg>${MY_ACCOUNT_HEADING}</arg>
<doc>Waits until the element ``locator`` is visible.</doc>
<status status="PASS" starttime="20260221 14:59:17.133" endtime="20260221 14:59:17.169"/>
</kw>
<kw name="Page Should Contain" library="SeleniumLibrary">
<arg>My Account</arg>
<doc>Verifies that current page contains ``text``.</doc>
<msg timestamp="20260221 14:59:17.195" level="INFO">Current page contains text 'My Account'.</msg>
<status status="PASS" starttime="20260221 14:59:17.169" endtime="20260221 14:59:17.195"/>
</kw>
<kw name="Location Should Contain" library="SeleniumLibrary">
<arg>route=account/account</arg>
<doc>Verifies that the current URL contains ``expected``.</doc>
<msg timestamp="20260221 14:59:17.212" level="INFO">Current location contains 'route=account/account'.</msg>
<status status="PASS" starttime="20260221 14:59:17.196" endtime="20260221 14:59:17.212"/>
</kw>
<kw name="Log To Console" library="BuiltIn">
<arg>Login Successful After Logout</arg>
<doc>Logs the given message to the console.</doc>
<status status="PASS" starttime="20260221 14:59:17.212" endtime="20260221 14:59:17.213"/>
</kw>
<status status="PASS" starttime="20260221 14:59:11.440" endtime="20260221 14:59:17.213"/>
</kw>
<kw name="Search Products" library="search_keywords">
<kw name="Go To" library="SeleniumLibrary">
<arg>${BASE_URL}</arg>
<doc>Navigates the current browser window to the provided ``url``.</doc>
<msg timestamp="20260221 14:59:17.215" level="INFO">Opening url 'https://ecommerce-playground.lambdatest.io/index.php'</msg>
<status status="PASS" starttime="20260221 14:59:17.214" endtime="20260221 14:59:18.387"/>
</kw>
<kw name="Location Should Contain" library="SeleniumLibrary">
<arg>index.php</arg>
<doc>Verifies that the current URL contains ``expected``.</doc>
<msg timestamp="20260221 14:59:18.465" level="INFO">Current location contains 'index.php'.</msg>
<status status="PASS" starttime="20260221 14:59:18.387" endtime="20260221 14:59:18.466"/>
</kw>
<kw name="Page Should Contain" library="SeleniumLibrary">
<arg>Search</arg>
<doc>Verifies that current page contains ``text``.</doc>
<msg timestamp="20260221 14:59:18.528" level="INFO">Current page contains text 'Search'.</msg>
<status status="PASS" starttime="20260221 14:59:18.466" endtime="20260221 14:59:18.529"/>
</kw>
<kw name="Wait Until Element Is Visible" library="SeleniumLibrary">
<arg>${SEARCH_BOX}</arg>
<doc>Waits until the element ``locator`` is visible.</doc>
<status status="PASS" starttime="20260221 14:59:18.529" endtime="20260221 14:59:18.583"/>
</kw>
<kw name="Element Should Be Visible" library="SeleniumLibrary">
<arg>${SEARCH_BOX}</arg>
<doc>Verifies that the element identified by ``locator`` is visible.</doc>
<msg timestamp="20260221 14:59:18.606" level="INFO">Element 'name=search' is displayed.</msg>
<status status="PASS" starttime="20260221 14:59:18.583" endtime="20260221 14:59:18.606"/>
</kw>
<kw name="Element Should Be Enabled" library="SeleniumLibrary">
<arg>${SEARCH_BOX}</arg>
<doc>Verifies that element identified by ``locator`` is enabled.</doc>
<status status="PASS" starttime="20260221 14:59:18.606" endtime="20260221 14:59:18.624"/>
</kw>
<status status="PASS" starttime="20260221 14:59:17.214" endtime="20260221 14:59:18.625"/>
</kw>
<kw name="input search" library="search_keywords">
<arg>${product}</arg>
<kw name="Clear Element Text" library="SeleniumLibrary">
<arg>${SEARCH_BOX}</arg>
<doc>Clears the value of the text-input-element identified by ``locator``.</doc>
<status status="PASS" starttime="20260221 14:59:18.625" endtime="20260221 14:59:18.658"/>
</kw>
<kw name="Input Text" library="SeleniumLibrary">
<arg>${SEARCH_BOX}</arg>
<arg>${product}</arg>
<doc>Types the given ``text`` into the text field identified by ``locator``.</doc>
<msg timestamp="20260221 14:59:18.658" level="INFO">Typing text 'nikon d300' into text field 'name=search'.</msg>
<status status="PASS" starttime="20260221 14:59:18.658" endtime="20260221 14:59:18.723"/>
</kw>
[...]
<var>${success}</var>
<arg>Wait Until Element Is Visible</arg>
<arg>${CART_SUCCESS_MSG}</arg>
<arg>5s</arg>
<doc>Runs the given keyword with given arguments and returns the status as a Boolean value.</doc>
<kw name="Wait Until Element Is Visible" library="SeleniumLibrary">
<arg>${CART_SUCCESS_MSG}</arg>
<arg>5s</arg>
<doc>Waits until the element ``locator`` is visible.</doc>
<status status="PASS" starttime="20260221 15:02:22.723" endtime="20260221 15:02:22.772"/>
</kw>
<msg timestamp="20260221 15:02:22.773" level="INFO">${success} = True</msg>
<status status="PASS" starttime="20260221 15:02:22.722" endtime="20260221 15:02:22.773"/>
</kw>
<if>
<branch type="IF" condition="not ${success}">
<kw name="Log To Console" library="BuiltIn">
<arg>⚠️ No success message appeared. Product may not be added.</arg>
<doc>Logs the given message to the console.</doc>
<status status="NOT RUN" starttime="20260221 15:02:22.773" endtime="20260221 15:02:22.774"/>
</kw>
<kw name="Return From Keyword" library="BuiltIn">
<doc>Returns from the enclosing user keyword.</doc>
<status status="NOT RUN" starttime="20260221 15:02:22.774" endtime="20260221 15:02:22.774"/>
</kw>
<status status="NOT RUN" starttime="20260221 15:02:22.773" endtime="20260221 15:02:22.774"/>
</branch>
<status status="PASS" starttime="20260221 15:02:22.773" endtime="20260221 15:02:22.774"/>
</if>
<kw name="Log To Console" library="BuiltIn">
<arg>✅ Product Added To Cart Successfully!</arg>
<doc>Logs the given message to the console.</doc>
<status status="PASS" starttime="20260221 15:02:22.775" endtime="20260221 15:02:22.776"/>
</kw>
<kw name="Wait Until Element Is Visible" library="SeleniumLibrary">
<arg>${VIEW_CART_BTN}</arg>
<doc>Waits until the element ``locator`` is visible.</doc>
<status status="PASS" starttime="20260221 15:02:22.776" endtime="20260221 15:02:22.824"/>
</kw>
<kw name="Element Should Be Visible" library="SeleniumLibrary">
<arg>${VIEW_CART_BTN}</arg>
<doc>Verifies that the element identified by ``locator`` is visible.</doc>
<msg timestamp="20260221 15:02:22.872" level="INFO">Element 'xpath=//a[normalize-space()="View Cart"]' is displayed.</msg>
<status status="PASS" starttime="20260221 15:02:22.824" endtime="20260221 15:02:22.872"/>
</kw>
<status status="PASS" starttime="20260221 15:02:18.752" endtime="20260221 15:02:22.872"/>
</kw>
<kw name="Update Cart Quantity And Remove Item" library="cart_update_remove_keywords">
<kw name="Run Keyword And Return Status" library="BuiltIn">
<var>${cart_visible}</var>
<arg>Wait Until Element Is Visible</arg>
<arg>${VIEW_CART_BTN}</arg>
<arg>5s</arg>
<doc>Runs the given keyword with given arguments and returns the status as a Boolean value.</doc>
<kw name="Wait Until Element Is Visible" library="SeleniumLibrary">
<arg>${VIEW_CART_BTN}</arg>
<arg>5s</arg>
<doc>Waits until the element ``locator`` is visible.</doc>
<status status="PASS" starttime="20260221 15:02:22.874" endtime="20260221 15:02:22.915"/>
</kw>
<msg timestamp="20260221 15:02:22.915" level="INFO">${cart_visible} = True</msg>
<status status="PASS" starttime="20260221 15:02:22.873" endtime="20260221 15:02:22.915"/>
</kw>
<if>
<branch type="IF" condition="not ${cart_visible}">
<kw name="Log To Console" library="BuiltIn">
<arg>⚠️ View Cart button not available. Cart may be empty. Skipping Update/Remove...</arg>
<doc>Logs the given message to the console.</doc>
<status status="NOT RUN" starttime="20260221 15:02:22.916" endtime="20260221 15:02:22.916"/>
</kw>
<kw name="Return From Keyword" library="BuiltIn">
<doc>Returns from the enclosing user keyword.</doc>
<status status="NOT RUN" starttime="20260221 15:02:22.917" endtime="20260221 15:02:22.917"/>
</kw>
<status status="NOT RUN" starttime="20260221 15:02:22.915" endtime="20260221 15:02:22.917"/>
</branch>
<status status="PASS" starttime="20260221 15:02:22.915" endtime="20260221 15:02:22.917"/>
</if>
<kw name="Click Element" library="SeleniumLibrary">
<arg>${VIEW_CART_BTN}</arg>
<doc>Click the element identified by ``locator``.</doc>
<msg timestamp="20260221 15:02:22.918" level="INFO">Clicking element 'xpath=//a[normalize-space()="View Cart"]'.</msg>
<status status="PASS" starttime="20260221 15:02:22.917" endtime="20260221 15:02:25.505"/>
</kw>
<kw name="Wait Until Element Is Visible" library="SeleniumLibrary">
<arg>${CART_HEADING}</arg>
<arg>5s</arg>
<doc>Waits until the element ``locator`` is visible.</doc>
<status status="PASS" starttime="20260221 15:02:25.505" endtime="20260221 15:02:25.585"/>
</kw>
<kw name="Log To Console" library="BuiltIn">
<arg>✅ Shopping Cart Page Opened</arg>
<doc>Logs the given message to the console.</doc>
<status status="PASS" starttime="20260221 15:02:25.585" endtime="20260221 15:02:25.585"/>
</kw>
<kw name="Run Keyword And Return Status" library="BuiltIn">
<var>${qty_present}</var>
<arg>Wait Until Element Is Visible</arg>
<arg>${QTY_BOX}</arg>
<arg>5s</arg>
<doc>Runs the given keyword with given arguments and returns the status as a Boolean value.</doc>
<kw name="Wait Until Element Is Visible" library="SeleniumLibrary">
<arg>${QTY_BOX}</arg>
<arg>5s</arg>
<doc>Waits until the element ``locator`` is visible.</doc>
<status status="PASS" starttime="20260221 15:02:25.586" endtime="20260221 15:02:25.624"/>
</kw>
<msg timestamp="20260221 15:02:25.624" level="INFO">${qty_present} = True</msg>
<status status="PASS" starttime="20260221 15:02:25.586" endtime="20260221 15:02:25.624"/>
</kw>
<if>
<branch type="IF" condition="not ${qty_present}">
<kw name="Log To Console" library="BuiltIn">
<arg>⚠️ No items found in cart. Skipping update/remove...</arg>
<doc>Logs the given message to the console.</doc>
<status status="NOT RUN" starttime="20260221 15:02:25.624" endtime="20260221 15:02:25.624"/>
</kw>
<kw name="Return From Keyword" library="BuiltIn">
<doc>Returns from the enclosing user keyword.</doc>
<status status="NOT RUN" starttime="20260221 15:02:25.624" endtime="20260221 15:02:25.624"/>
</kw>
<status status="NOT RUN" starttime="20260221 15:02:25.624" endtime="20260221 15:02:25.624"/>
</branch>
<status status="PASS" starttime="20260221 15:02:25.624" endtime="20260221 15:02:25.624"/>
</if>
<kw name="Clear Element Text" library="SeleniumLibrary">
<arg>${QTY_BOX}</arg>
<doc>Clears the value of the text-input-element identified by ``locator``.</doc>
<status status="PASS" starttime="20260221 15:02:25.624" endtime="20260221 15:02:25.716"/>
</kw>
<kw name="Input Text" library="SeleniumLibrary">
<arg>${QTY_BOX}</arg>
<arg>2</arg>
<doc>Types the given ``text`` into the text field identified by ``locator``.</doc>
<msg timestamp="20260221 15:02:25.717" level="INFO">Typing text '2' into text field 'xpath=//input[contains(@name,"quantity")]'.</msg>
<status status="PASS" starttime="20260221 15:02:25.716" endtime="20260221 15:02:25.907"/>
</kw>
<kw name="Textfield Value Should Be" library="SeleniumLibrary">
<arg>${QTY_BOX}</arg>
<arg>2</arg>
<doc>Verifies text field ``locator`` has exactly text ``expected``.</doc>
<msg timestamp="20260221 15:02:25.973" level="INFO">Content of text field 'xpath=//input[contains(@name,"quantity")]' is '2'.</msg>
<status status="PASS" starttime="20260221 15:02:25.907" endtime="20260221 15:02:25.973"/>
</kw>
<kw name="Run Keyword And Return Status" library="BuiltIn">
<var>${update_enabled}</var>
<arg>Element Should Be Enabled</arg>
<arg>${UPDATE_BTN}</arg>
<doc>Runs the given keyword with given arguments and returns the status as a Boolean value.</doc>
<kw name="Element Should Be Enabled" library="SeleniumLibrary">
<arg>${UPDATE_BTN}</arg>
<doc>Verifies that element identified by ``locator`` is enabled.</doc>
<status status="PASS" starttime="20260221 15:02:25.973" endtime="20260221 15:02:26.016"/>
</kw>
<msg timestamp="20260221 15:02:26.016" level="INFO">${update_enabled} = True</msg>
<status status="PASS" starttime="20260221 15:02:25.973" endtime="20260221 15:02:26.016"/>
</kw>
<if>
<branch type="IF" condition="not ${update_enabled}">
<kw name="Log To Console" library="BuiltIn">
<arg>⚠️ Update button not enabled. Skipping...</arg>
<doc>Logs the given message to the console.</doc>
<status status="NOT RUN" starttime="20260221 15:02:26.017" endtime="20260221 15:02:26.017"/>
</kw>
<kw name="Return From Keyword" library="BuiltIn">
<doc>Returns from the enclosing user keyword.</doc>
<status status="NOT RUN" starttime="20260221 15:02:26.017" endtime="20260221 15:02:26.017"/>
</kw>
<status status="NOT RUN" starttime="20260221 15:02:26.016" endtime="20260221 15:02:26.017"/>
</branch>
<status status="PASS" starttime="20260221 15:02:26.016" endtime="20260221 15:02:26.017"/>
</if>
<kw name="Click Element" library="SeleniumLibrary">
<arg>${UPDATE_BTN}</arg>
<doc>Click the element identified by ``locator``.</doc>
<msg timestamp="20260221 15:02:26.018" level="INFO">Clicking element 'xpath=//*[@id="content"]/form/div/table/tbody/tr/td[4]/div/div/button[1]'.</msg>
<status status="PASS" starttime="20260221 15:02:26.018" endtime="20260221 15:02:29.795"/>
</kw>
<kw name="Run Keyword And Return Status" library="BuiltIn">
<var>${update_msg}</var>
<arg>Page Should Contain</arg>
<arg>Success: You have modified your shopping cart</arg>
<doc>Runs the given keyword with given arguments and returns the status as a Boolean value.</doc>
<kw name="Page Should Contain" library="SeleniumLibrary">
<arg>Success: You have modified your shopping cart</arg>
<doc>Verifies that current page contains ``text``.</doc>
<msg timestamp="20260221 15:02:29.827" level="INFO">Current page contains text 'Success: You have modified your shopping cart'.</msg>
<status status="PASS" starttime="20260221 15:02:29.796" endtime="20260221 15:02:29.827"/>
</kw>
<msg timestamp="20260221 15:02:29.827" level="INFO">${update_msg} = True</msg>
<status status="PASS" starttime="20260221 15:02:29.795" endtime="20260221 15:02:29.827"/>
</kw>
<if>
<branch type="IF" condition="${update_msg}">
<kw name="Log To Console" library="BuiltIn">
<arg>✅ Quantity Updated Successfully</arg>
<doc>Logs the given message to the console.</doc>
<status status="PASS" starttime="20260221 15:02:29.828" endtime="20260221 15:02:29.828"/>
</kw>
<status status="PASS" starttime="20260221 15:02:29.828" endtime="20260221 15:02:29.828"/>
</branch>
<branch type="ELSE">
<kw name="Log To Console" library="BuiltIn">
<arg>⚠️ Update message not displayed, continuing...</arg>
<doc>Logs the given message to the console.</doc>
<status status="NOT RUN" starttime="20260221 15:02:29.828" endtime="20260221 15:02:29.828"/>
</kw>
<status status="NOT RUN" starttime="20260221 15:02:29.828" endtime="20260221 15:02:29.829"/>
</branch>
<status status="PASS" starttime="20260221 15:02:29.828" endtime="20260221 15:02:29.829"/>
</if>
<kw name="Run Keyword And Return Status" library="BuiltIn">
<var>${remove_enabled}</var>
<arg>Element Should Be Enabled</arg>
<arg>${REMOVE_BTN}</arg>
<doc>Runs the given keyword with given arguments and returns the status as a Boolean value.</doc>
<kw name="Element Should Be Enabled" library="SeleniumLibrary">
<arg>${REMOVE_BTN}</arg>
<doc>Verifies that element identified by ``locator`` is enabled.</doc>
<status status="PASS" starttime="20260221 15:02:29.829" endtime="20260221 15:02:29.886"/>
</kw>
<msg timestamp="20260221 15:02:29.886" level="INFO">${remove_enabled} = True</msg>
<status status="PASS" starttime="20260221 15:02:29.829" endtime="20260221 15:02:29.886"/>
</kw>
<if>
<branch type="IF" condition="not ${remove_enabled}">
<kw name="Log To Console" library="BuiltIn">
<arg>⚠️ Remove button not enabled. Skipping...</arg>
<doc>Logs the given message to the console.</doc>
<status status="NOT RUN" starttime="20260221 15:02:29.887" endtime="20260221 15:02:29.887"/>
</kw>
<kw name="Return From Keyword" library="BuiltIn">
<doc>Returns from the enclosing user keyword.</doc>
<status status="NOT RUN" starttime="20260221 15:02:29.887" endtime="20260221 15:02:29.887"/>
</kw>
<status status="NOT RUN" starttime="20260221 15:02:29.886" endtime="20260221 15:02:29.887"/>
</branch>
<status status="PASS" starttime="20260221 15:02:29.886" endtime="20260221 15:02:29.887"/>
</if>
<kw name="Click Element" library="SeleniumLibrary">
<arg>${REMOVE_BTN}</arg>
<doc>Click the element identified by ``locator``.</doc>
<msg timestamp="20260221 15:02:29.888" level="INFO">Clicking element 'xpath=//*[@id="content"]/form/div/table/tbody/tr/td[4]/div/div/button[2]'.</msg>
<status status="PASS" starttime="20260221 15:02:29.887" endtime="20260221 15:02:30.026"/>
</kw>
<kw name="Sleep" library="BuiltIn">
<arg>2s</arg>
<doc>Pauses the test executed for the given time.</doc>
<msg timestamp="20260221 15:02:32.026" level="INFO">Slept 2 seconds</msg>
<status status="PASS" starttime="20260221 15:02:30.026" endtime="20260221 15:02:32.027"/>
</kw>
<kw name="Run Keyword And Return Status" library="BuiltIn">
<var>${empty_cart}</var>
<arg>Wait Until Page Contains</arg>
<arg>Your shopping cart is empty!</arg>
<arg>5s</arg>
<doc>Runs the given keyword with given arguments and returns the status as a Boolean value.</doc>
<kw name="Wait Until Page Contains" library="SeleniumLibrary">
<arg>Your shopping cart is empty!</arg>
<arg>5s</arg>
<doc>Waits until ``text`` appears on the current page.</doc>
<status status="PASS" starttime="20260221 15:02:32.027" endtime="20260221 15:02:32.046"/>
</kw>
<msg timestamp="20260221 15:02:32.046" level="INFO">${empty_cart} = True</msg>
<status status="PASS" starttime="20260221 15:02:32.027" endtime="20260221 15:02:32.046"/>
</kw>
<if>
<branch type="IF" condition="${empty_cart}">
<kw name="Log To Console" library="BuiltIn">
<arg>✅ Item Removed Successfully and Cart is Empty</arg>
<doc>Logs the given message to the console.</doc>
<status status="PASS" starttime="20260221 15:02:32.046" endtime="20260221 15:02:32.047"/>
</kw>
<status status="PASS" starttime="20260221 15:02:32.046" endtime="20260221 15:02:32.047"/>
</branch>
<branch type="ELSE">
<kw name="Log To Console" library="BuiltIn">
<arg>⚠️ Cart empty message not shown.</arg>
<doc>Logs the given message to the console.</doc>
<status status="NOT RUN" starttime="20260221 15:02:32.047" endtime="20260221 15:02:32.047"/>
</kw>
<status status="NOT RUN" starttime="20260221 15:02:32.047" endtime="20260221 15:02:32.047"/>
</branch>
<status status="PASS" starttime="20260221 15:02:32.046" endtime="20260221 15:02:32.047"/>
</if>
<status status="PASS" starttime="20260221 15:02:22.872" endtime="20260221 15:02:32.047"/>
</kw>
<kw name="Logout User Successfully" library="logout_keywords">
<kw name="Wait Until Element Is Visible" library="SeleniumLibrary">
<arg>${MY_ACCOUNT_MENU}</arg>
<doc>Waits until the element ``locator`` is visible.</doc>
<status status="PASS" starttime="20260221 15:02:32.047" endtime="20260221 15:02:32.087"/>
</kw>
<kw name="Click Element" library="SeleniumLibrary">
<arg>${MY_ACCOUNT_MENU}</arg>
<doc>Click the element identified by ``locator``.</doc>
<msg timestamp="20260221 15:02:32.088" level="INFO">Clicking element 'xpath=//a[contains(@href,"route=account/account") and contains(@class,"dropdown-toggle")]'.</msg>
<status status="PASS" starttime="20260221 15:02:32.087" endtime="20260221 15:02:33.030"/>
</kw>
<kw name="Sleep" library="BuiltIn">
<arg>1s</arg>
<doc>Pauses the test executed for the given time.</doc>
<msg timestamp="20260221 15:02:34.031" level="INFO">Slept 1 second</msg>
<status status="PASS" starttime="20260221 15:02:33.030" endtime="20260221 15:02:34.031"/>
</kw>
<kw name="Wait Until Element Is Visible" library="SeleniumLibrary">
<arg>${LOGOUT_LINK}</arg>
<doc>Waits until the element ``locator`` is visible.</doc>
<status status="PASS" starttime="20260221 15:02:34.031" endtime="20260221 15:02:34.062"/>
</kw>
<kw name="Element Should Be Visible" library="SeleniumLibrary">
<arg>${LOGOUT_LINK}</arg>
<doc>Verifies that the element identified by ``locator`` is visible.</doc>
<msg timestamp="20260221 15:02:34.111" level="INFO">Element 'xpath=//a[contains(@href,"route=account/logout") and contains(text(),"Logout")]' is displayed.</msg>
<status status="PASS" starttime="20260221 15:02:34.062" endtime="20260221 15:02:34.111"/>
</kw>
<kw name="Click Element" library="SeleniumLibrary">
<arg>${LOGOUT_LINK}</arg>
<doc>Click the element identified by ``locator``.</doc>
<msg timestamp="20260221 15:02:34.111" level="INFO">Clicking element 'xpath=//a[contains(@href,"route=account/logout") and contains(text(),"Logout")]'.</msg>
<status status="PASS" starttime="20260221 15:02:34.111" endtime="20260221 15:02:35.803"/>
</kw>
<kw name="Wait Until Element Is Visible" library="SeleniumLibrary">
<arg>${LOGOUT_TEXT}</arg>
<doc>Waits until the element ``locator`` is visible.</doc>
<status status="PASS" starttime="20260221 15:02:35.803" endtime="20260221 15:02:35.841"/>
</kw>
<kw name="Element Should Be Visible" library="SeleniumLibrary">
<arg>${LOGOUT_TEXT}</arg>
<doc>Verifies that the element identified by ``locator`` is visible.</doc>
<msg timestamp="20260221 15:02:35.870" level="INFO">Element 'xpath=//h1[contains(text(),"Account Logout")]' is displayed.</msg>
<status status="PASS" starttime="20260221 15:02:35.841" endtime="20260221 15:02:35.870"/>
</kw>
<kw name="Page Should Contain" library="SeleniumLibrary">
<arg>Account Logout</arg>
<doc>Verifies that current page contains ``text``.</doc>
<msg timestamp="20260221 15:02:35.890" level="INFO">Current page contains text 'Account Logout'.</msg>
<status status="PASS" starttime="20260221 15:02:35.871" endtime="20260221 15:02:35.890"/>
</kw>
<kw name="Location Should Contain" library="SeleniumLibrary">
<arg>route=account/logout</arg>
<doc>Verifies that the current URL contains ``expected``.</doc>
<msg timestamp="20260221 15:02:35.900" level="INFO">Current location contains 'route=account/logout'.</msg>
<status status="PASS" starttime="20260221 15:02:35.890" endtime="20260221 15:02:35.900"/>
</kw>
<kw name="Log To Console" library="BuiltIn">
<arg>Logout Completed Successfully</arg>
<doc>Logs the given message to the console.</doc>
<status status="PASS" starttime="20260221 15:02:35.900" endtime="20260221 15:02:35.900"/>
</kw>
<status status="PASS" starttime="20260221 15:02:32.047" endtime="20260221 15:02:35.901"/>
</kw>
<status status="PASS" starttime="20260221 15:01:46.504" endtime="20260221 15:02:35.901"/>
</kw>
<kw name="Capture Screenshot On Failure" library="common" type="TEARDOWN">
<kw name="Run Keyword If Test Failed" library="BuiltIn">
<arg>Capture Page Screenshot</arg>
<doc>Runs the given keyword with the given arguments, if the test failed.</doc>
<status status="PASS" starttime="20260221 15:02:35.902" endtime="20260221 15:02:35.902"/>
</kw>
<status status="PASS" starttime="20260221 15:02:35.901" endtime="20260221 15:02:35.902"/>
</kw>
<status status="PASS" starttime="20260221 15:01:46.501" endtime="20260221 15:02:35.902"/>
</test>
<kw name="Close Site" library="common" type="TEARDOWN">
<kw name="Close Browser" library="SeleniumLibrary">
<doc>Closes the current browser.</doc>
<status status="PASS" starttime="20260221 15:02:35.904" endtime="20260221 15:02:38.269"/>
</kw>
<status status="PASS" starttime="20260221 15:02:35.904" endtime="20260221 15:02:38.270"/>
</kw>
<status status="PASS" starttime="20260221 14:58:05.556" endtime="20260221 15:02:38.270"/>
</suite>
<status status="PASS" starttime="20260221 14:58:05.492" endtime="20260221 15:02:38.273"/>
</suite>
<statistics>
<total>
<stat pass="6" fail="0" skip="0">All Tests</stat>
</total>
<tag>
</tag>
<suite>
<stat pass="6" fail="0" skip="0" id="s1" name="Test E2E">Test E2E</stat>
<stat pass="6" fail="0" skip="0" id="s1-s1" name="Tc0 Endtoend Users Flow">Test E2E.Tc0 Endtoend Users Flow</stat>
</suite>
</statistics>
<errors>
</errors>
</robot>
